[0630/220538.275:ERROR:os_crypt_win.cc(93)] Failed to decrypt:  Î˛˜ ÌÂ ÏÓÊÂÚ ·˚Ú¸ ËÒÔÓÎ¸ÁÓ‚‡Ì ‚ ÛÍ‡Á‡ÌÌÓÏ ÒÓÒÚÓˇÌËË. (0x8009000B)
[0630/220550.210:ERROR:backend_impl.cc(1041)] Critical error found -8
[0630/220550.214:WARNING:storage_block-inl.h(146)] Failed data load.
[0630/220550.215:ERROR:entry_impl.cc(1075)] No file for c1032386
[0630/220550.215:WARNING:storage_block-inl.h(146)] Failed data load.
[0630/220550.215:WARNING:storage_block-inl.h(146)] Failed data load.
[0630/220550.215:WARNING:storage_block-inl.h(146)] Failed data load.
[0630/220550.215:WARNING:storage_block-inl.h(146)] Failed data load.
[0630/220550.215:ERROR:entry_impl.cc(1075)] No file for c1030286
[0630/220550.215:WARNING:storage_block-inl.h(146)] Failed data load.
[0630/220550.215:WARNING:storage_block-inl.h(146)] Failed data load.
[0630/220550.215:WARNING:storage_block-inl.h(146)] Failed data load.
[0630/220550.215:WARNING:storage_block-inl.h(146)] Failed data load.
[0630/220550.215:ERROR:entry_impl.cc(1075)] No file for c1031ed6
[0630/220550.216:WARNING:storage_block-inl.h(146)] Failed data load.
[0630/220550.256:WARNING:storage_block-inl.h(146)] Failed data load.
[0630/220555.266:WARNING:value_store_frontend.cc(45)] Reading mhjfbmdgcfjbbpaeojofohoefgiehjai.alarms from  failed: IO error: .../MANIFEST-000001: Unable to create sequential file (ChromeMethodBFE: 7::NewSequentialFile::1)
[0630/220739.263:ERROR:gpu_init.cc(426)] Passthrough is not supported, GL is disabled
[0630/232011.137:ERROR:leveldb_factory.cc(91)] Failed to open LevelDB database from D:/–ø–µ–Ω–∏—Å –±–æ–±—Ä–∞/Pozjarniki_new_rep/Pozjarniki_1.1/Saved/webcache_4430\IndexedDB\https_www.youtube-nocookie.com_0.indexeddb.leveldb,IO error: D:/–ø–µ–Ω–∏—Å –±–æ–±—Ä–∞/Pozjarniki_new_rep/Pozjarniki_1.1/Saved/webcache_4430\IndexedDB\https_www.youtube-nocookie.com_0.indexeddb.leveldb/MANIFEST-000001: Unable to create sequential file (ChromeMethodBFE: 7::NewSequentialFile::1)
[0630/232011.141:ERROR:leveldb_factory.cc(91)] Failed to open LevelDB database from D:/–ø–µ–Ω–∏—Å –±–æ–±—Ä–∞/Pozjarniki_new_rep/Pozjarniki_1.1/Saved/webcache_4430\IndexedDB\https_www.youtube-nocookie.com_0.indexeddb.leveldb,IO error: D:/–ø–µ–Ω–∏—Å –±–æ–±—Ä–∞/Pozjarniki_new_rep/Pozjarniki_1.1/Saved/webcache_4430\IndexedDB\https_www.youtube-nocookie.com_0.indexeddb.leveldb/MANIFEST-000001: Unable to create sequential file (ChromeMethodBFE: 7::NewSequentialFile::1)
[0630/232012.947:ERROR:ssl_client_socket_impl.cc(947)] handshake failed; returned -1, SSL error code 1, net_error -101
[0630/232013.078:ERROR:ssl_client_socket_impl.cc(947)] handshake failed; returned -1, SSL error code 1, net_error -101
[0630/232013.240:ERROR:ssl_client_socket_impl.cc(947)] handshake failed; returned -1, SSL error code 1, net_error -101
[0630/232013.365:ERROR:ssl_client_socket_impl.cc(947)] handshake failed; returned -1, SSL error code 1, net_error -101
[0630/232013.540:ERROR:ssl_client_socket_impl.cc(947)] handshake failed; returned -1, SSL error code 1, net_error -101
[0630/232013.671:ERROR:ssl_client_socket_impl.cc(947)] handshake failed; returned -1, SSL error code 1, net_error -101
[0630/232016.103:ERROR:leveldb_factory.cc(91)] Failed to open LevelDB database from D:/–ø–µ–Ω–∏—Å –±–æ–±—Ä–∞/Pozjarniki_new_rep/Pozjarniki_1.1/Saved/webcache_4430\IndexedDB\https_www.youtube-nocookie.com_0.indexeddb.leveldb,IO error: D:/–ø–µ–Ω–∏—Å –±–æ–±—Ä–∞/Pozjarniki_new_rep/Pozjarniki_1.1/Saved/webcache_4430\IndexedDB\https_www.youtube-nocookie.com_0.indexeddb.leveldb/MANIFEST-000001: Unable to create sequential file (ChromeMethodBFE: 7::NewSequentialFile::1)
[0630/232016.109:ERROR:leveldb_factory.cc(91)] Failed to open LevelDB database from D:/–ø–µ–Ω–∏—Å –±–æ–±—Ä–∞/Pozjarniki_new_rep/Pozjarniki_1.1/Saved/webcache_4430\IndexedDB\https_www.youtube-nocookie.com_0.indexeddb.leveldb,IO error: D:/–ø–µ–Ω–∏—Å –±–æ–±—Ä–∞/Pozjarniki_new_rep/Pozjarniki_1.1/Saved/webcache_4430\IndexedDB\https_www.youtube-nocookie.com_0.indexeddb.leveldb/MANIFEST-000001: Unable to create sequential file (ChromeMethodBFE: 7::NewSequentialFile::1)
[0630/232016.634:ERROR:ssl_client_socket_impl.cc(947)] handshake failed; returned -1, SSL error code 1, net_error -101
[0630/232016.763:ERROR:ssl_client_socket_impl.cc(947)] handshake failed; returned -1, SSL error code 1, net_error -101
[0630/232017.257:ERROR:ssl_client_socket_impl.cc(947)] handshake failed; returned -1, SSL error code 1, net_error -101
[0630/232017.384:ERROR:ssl_client_socket_impl.cc(947)] handshake failed; returned -1, SSL error code 1, net_error -101
[0630/232017.513:ERROR:ssl_client_socket_impl.cc(947)] handshake failed; returned -1, SSL error code 1, net_error -101
[0630/232017.639:ERROR:ssl_client_socket_impl.cc(947)] handshake failed; returned -1, SSL error code 1, net_error -101
[0630/232020.654:ERROR:ssl_client_socket_impl.cc(947)] handshake failed; returned -1, SSL error code 1, net_error -101
[0630/232020.787:ERROR:ssl_client_socket_impl.cc(947)] handshake failed; returned -1, SSL error code 1, net_error -101
[0630/232047.753:ERROR:ssl_client_socket_impl.cc(947)] handshake failed; returned -1, SSL error code 1, net_error -101
[0630/232047.883:ERROR:ssl_client_socket_impl.cc(947)] handshake failed; returned -1, SSL error code 1, net_error -101
[0630/232104.776:ERROR:ssl_client_socket_impl.cc(947)] handshake failed; returned -1, SSL error code 1, net_error -101
[0630/232104.909:ERROR:ssl_client_socket_impl.cc(947)] handshake failed; returned -1, SSL error code 1, net_error -101
[0630/232211.765:ERROR:ssl_client_socket_impl.cc(947)] handshake failed; returned -1, SSL error code 1, net_error -101
[0630/232211.890:ERROR:ssl_client_socket_impl.cc(947)] handshake failed; returned -1, SSL error code 1, net_error -101
[0630/232230.764:ERROR:ssl_client_socket_impl.cc(947)] handshake failed; returned -1, SSL error code 1, net_error -101
[0630/232230.896:ERROR:ssl_client_socket_impl.cc(947)] handshake failed; returned -1, SSL error code 1, net_error -101
[0630/232453.753:ERROR:ssl_client_socket_impl.cc(947)] handshake failed; returned -1, SSL error code 1, net_error -101
[0630/232453.878:ERROR:ssl_client_socket_impl.cc(947)] handshake failed; returned -1, SSL error code 1, net_error -101
[0630/232521.725:ERROR:ssl_client_socket_impl.cc(947)] handshake failed; returned -1, SSL error code 1, net_error -101
[0630/232521.851:ERROR:ssl_client_socket_impl.cc(947)] handshake failed; returned -1, SSL error code 1, net_error -101
[0630/232953.771:ERROR:ssl_client_socket_impl.cc(947)] handshake failed; returned -1, SSL error code 1, net_error -101
[0630/232953.898:ERROR:ssl_client_socket_impl.cc(947)] handshake failed; returned -1, SSL error code 1, net_error -101
[0630/233016.743:ERROR:ssl_client_socket_impl.cc(947)] handshake failed; returned -1, SSL error code 1, net_error -101
[0630/233016.872:ERROR:ssl_client_socket_impl.cc(947)] handshake failed; returned -1, SSL error code 1, net_error -101
[0630/233017.007:ERROR:ssl_client_socket_impl.cc(947)] handshake failed; returned -1, SSL error code 1, net_error -101
[0630/233017.131:ERROR:ssl_client_socket_impl.cc(947)] handshake failed; returned -1, SSL error code 1, net_error -101
[0630/233512.705:ERROR:ssl_client_socket_impl.cc(947)] handshake failed; returned -1, SSL error code 1, net_error -101
[0630/233512.823:ERROR:ssl_client_socket_impl.cc(947)] handshake failed; returned -1, SSL error code 1, net_error -101
[0630/233521.738:ERROR:ssl_client_socket_impl.cc(947)] handshake failed; returned -1, SSL error code 1, net_error -101
[0630/233521.853:ERROR:ssl_client_socket_impl.cc(947)] handshake failed; returned -1, SSL error code 1, net_error -101
[0630/233547.740:ERROR:ssl_client_socket_impl.cc(947)] handshake failed; returned -1, SSL error code 1, net_error -101
[0630/233547.877:ERROR:ssl_client_socket_impl.cc(947)] handshake failed; returned -1, SSL error code 1, net_error -101
[0630/234017.742:ERROR:ssl_client_socket_impl.cc(947)] handshake failed; returned -1, SSL error code 1, net_error -101
[0630/234017.860:ERROR:ssl_client_socket_impl.cc(947)] handshake failed; returned -1, SSL error code 1, net_error -101
[0630/234017.979:ERROR:ssl_client_socket_impl.cc(947)] handshake failed; returned -1, SSL error code 1, net_error -101
[0630/234018.101:ERROR:ssl_client_socket_impl.cc(947)] handshake failed; returned -1, SSL error code 1, net_error -101
[0630/234522.722:ERROR:ssl_client_socket_impl.cc(947)] handshake failed; returned -1, SSL error code 1, net_error -101
[0630/234522.837:ERROR:ssl_client_socket_impl.cc(947)] handshake failed; returned -1, SSL error code 1, net_error -101
[0630/234522.957:ERROR:ssl_client_socket_impl.cc(947)] handshake failed; returned -1, SSL error code 1, net_error -101
[0630/234523.074:ERROR:ssl_client_socket_impl.cc(947)] handshake failed; returned -1, SSL error code 1, net_error -101
[0630/235017.570:ERROR:ssl_client_socket_impl.cc(947)] handshake failed; returned -1, SSL error code 1, net_error -101
[0630/235017.697:ERROR:ssl_client_socket_impl.cc(947)] handshake failed; returned -1, SSL error code 1, net_error -101
[0630/235018.235:ERROR:ssl_client_socket_impl.cc(947)] handshake failed; returned -1, SSL error code 1, net_error -101
[0630/235018.368:ERROR:ssl_client_socket_impl.cc(947)] handshake failed; returned -1, SSL error code 1, net_error -101
[0630/235047.571:ERROR:ssl_client_socket_impl.cc(947)] handshake failed; returned -1, SSL error code 1, net_error -101
[0630/235047.698:ERROR:ssl_client_socket_impl.cc(947)] handshake failed; returned -1, SSL error code 1, net_error -101
[0630/235515.745:ERROR:ssl_client_socket_impl.cc(947)] handshake failed; returned -1, SSL error code 1, net_error -101
[0630/235515.875:ERROR:ssl_client_socket_impl.cc(947)] handshake failed; returned -1, SSL error code 1, net_error -101
[0630/235550.718:ERROR:ssl_client_socket_impl.cc(947)] handshake failed; returned -1, SSL error code 1, net_error -101
[0630/235550.846:ERROR:ssl_client_socket_impl.cc(947)] handshake failed; returned -1, SSL error code 1, net_error -101
[0701/000000.069:ERROR:ssl_client_socket_impl.cc(947)] handshake failed; returned -1, SSL error code 1, net_error -101
[0701/000000.196:ERROR:ssl_client_socket_impl.cc(947)] handshake failed; returned -1, SSL error code 1, net_error -101
[0701/000019.049:ERROR:ssl_client_socket_impl.cc(947)] handshake failed; returned -1, SSL error code 1, net_error -101
[0701/000019.174:ERROR:ssl_client_socket_impl.cc(947)] handshake failed; returned -1, SSL error code 1, net_error -101
[0701/000019.304:ERROR:ssl_client_socket_impl.cc(947)] handshake failed; returned -1, SSL error code 1, net_error -101
[0701/000019.431:ERROR:ssl_client_socket_impl.cc(947)] handshake failed; returned -1, SSL error code 1, net_error -101
[0701/000524.185:ERROR:ssl_client_socket_impl.cc(947)] handshake failed; returned -1, SSL error code 1, net_error -101
[0701/000524.312:ERROR:ssl_client_socket_impl.cc(947)] handshake failed; returned -1, SSL error code 1, net_error -101
[0701/000524.440:ERROR:ssl_client_socket_impl.cc(947)] handshake failed; returned -1, SSL error code 1, net_error -101
[0701/000524.573:ERROR:ssl_client_socket_impl.cc(947)] handshake failed; returned -1, SSL error code 1, net_error -101
[0701/000547.175:ERROR:ssl_client_socket_impl.cc(947)] handshake failed; returned -1, SSL error code 1, net_error -101
[0701/000547.300:ERROR:ssl_client_socket_impl.cc(947)] handshake failed; returned -1, SSL error code 1, net_error -101
