[+] Containers:
 |- [+] Container: /Game/maps/levels/box
 |   |- [+] ActorDescs:
 |   |   |- Guid:02B11C2349C0971E09D959B5BD66A8E5 BaseClass: NativeClass:/Script/Engine.DirectionalLight Name:DirectionalLight_1 Label:DirectionalLight SpatiallyLoaded:0 Bounds:IsValid=true, Min=(X=-4398046511104.000 Y=-4398046511104.000 Z=-4398046511104.000), Max=(X=4398046511104.000 Y=4398046511104.000 Z=4398046511104.000) RuntimeGrid:None EditorOnly:0 RuntimeOnly:0 HLODRelevant:0 ListedInSceneOutliner:1 IsMainWorldOnly:0 FolderPath:Lighting FolderGuid:0BA5F0A04EADB18E70D5B180D08FA34B
 |   |   |- Guid:047CE7AE4A8DF54DE68B869B545DFD97 BaseClass: NativeClass:/Script/Landscape.LandscapeStreamingProxy Name:LandscapeStreamingProxy_0462LVULNFQXKZQ4SG72ZVEVR_126_1_0_0 Label:LandscapeStreamingProxy_1_0_0 SpatiallyLoaded:1 Bounds:IsValid=true, Min=(X=-12600.000 Y=-25200.000 Z=100.000), Max=(X=0.000 Y=-12600.000 Z=100.000) RuntimeGrid:None EditorOnly:0 RuntimeOnly:0 HLODRelevant:1 ListedInSceneOutliner:1 IsMainWorldOnly:0
 |   |   |- Guid:07D607DA454D662225A88692DC608BA2 BaseClass:/Game/things/objects/dummy.dummy_C NativeClass:/Script/Engine.Actor Name:dummy_C_UAID_A036BCE6AA5D62F301_1776443017 Label:dummy SpatiallyLoaded:1 Bounds:IsValid=true, Min=(X=1618.223 Y=5210.694 Z=213.471), Max=(X=1662.223 Y=5254.694 Z=301.471) RuntimeGrid:None EditorOnly:0 RuntimeOnly:0 HLODRelevant:0 ListedInSceneOutliner:1 IsMainWorldOnly:0
 |   |   |- Guid:1384B86142C519AD5353DBBA31A6962B BaseClass: NativeClass:/Script/Landscape.LandscapeSplineActor Name:LandscapeSplineActor_UAID_A036BCE6AA5D88E901_1294654146 Label:LandscapeSplineActor SpatiallyLoaded:1 Bounds:IsValid=true, Min=(X=-6740.724 Y=-338.454 Z=41.675), Max=(X=-79.354 Y=14792.595 Z=668.275) RuntimeGrid:None EditorOnly:0 RuntimeOnly:0 HLODRelevant:1 ListedInSceneOutliner:1 IsMainWorldOnly:0
 |   |   |- Guid:1BF721954DA510E35B3EED852ADAF166 BaseClass: NativeClass:/Script/Landscape.LandscapeStreamingProxy Name:LandscapeStreamingProxy_0462LVULNFQXKZQ4SG72ZVEVR_126_0_2_0 Label:LandscapeStreamingProxy_0_2_0 SpatiallyLoaded:1 Bounds:IsValid=true, Min=(X=-25200.000 Y=0.000 Z=100.000), Max=(X=-12600.000 Y=12600.000 Z=100.000) RuntimeGrid:None EditorOnly:0 RuntimeOnly:0 HLODRelevant:1 ListedInSceneOutliner:1 IsMainWorldOnly:0
 |   |   |- Guid:1E90CE8341749DC18350DC9E09A08A28 BaseClass: NativeClass:/Script/Landscape.LandscapeStreamingProxy Name:LandscapeStreamingProxy_0462LVULNFQXKZQ4SG72ZVEVR_126_0_1_0 Label:LandscapeStreamingProxy_0_1_0 SpatiallyLoaded:1 Bounds:IsValid=true, Min=(X=-25200.000 Y=-12600.000 Z=100.000), Max=(X=-12600.000 Y=0.000 Z=100.000) RuntimeGrid:None EditorOnly:0 RuntimeOnly:0 HLODRelevant:1 ListedInSceneOutliner:1 IsMainWorldOnly:0
 |   |   |- Guid:27D4A982459AC641915E03A7C2C5B46B BaseClass: NativeClass:/Script/Landscape.LandscapeStreamingProxy Name:LandscapeStreamingProxy_0462LVULNFQXKZQ4SG72ZVEVR_126_3_2_0 Label:LandscapeStreamingProxy_3_2_0 SpatiallyLoaded:1 Bounds:IsValid=true, Min=(X=12600.000 Y=0.000 Z=100.000), Max=(X=25200.000 Y=12600.000 Z=100.000) RuntimeGrid:None EditorOnly:0 RuntimeOnly:0 HLODRelevant:1 ListedInSceneOutliner:1 IsMainWorldOnly:0
 |   |   |- Guid:2DBED8E64670A77B6A15B5AB4BF7D223 BaseClass:/Game/things/bonfire.bonfire_C NativeClass:/Script/Engine.Actor Name:bonfire_C_UAID_A036BCE6AA5D62F301_1398958016 Label:bonfire SpatiallyLoaded:1 Bounds:IsValid=true, Min=(X=1115.905 Y=6630.108 Z=-8.144), Max=(X=1644.762 Y=7136.551 Z=682.469) RuntimeGrid:None EditorOnly:0 RuntimeOnly:0 HLODRelevant:0 ListedInSceneOutliner:1 IsMainWorldOnly:0
 |   |   |- Guid:38BB76904947D192A1F0809464943186 BaseClass: NativeClass:/Script/Landscape.LandscapeSplineActor Name:LandscapeSplineActor_UAID_A036BCE6AA5D82EC01_1731983258 Label:LandscapeSplineActor2 SpatiallyLoaded:1 Bounds:IsValid=true, Min=(X=-6745.186 Y=-2543.843 Z=-26.844), Max=(X=2146.236 Y=14867.595 Z=988.710) RuntimeGrid:None EditorOnly:0 RuntimeOnly:0 HLODRelevant:1 ListedInSceneOutliner:1 IsMainWorldOnly:0
 |   |   |- Guid:3937EC804D6ADC6ADB7EF092680CF05F BaseClass: NativeClass:/Script/Landscape.LandscapeStreamingProxy Name:LandscapeStreamingProxy_0462LVULNFQXKZQ4SG72ZVEVR_126_2_0_0 Label:LandscapeStreamingProxy_2_0_0 SpatiallyLoaded:1 Bounds:IsValid=true, Min=(X=0.000 Y=-25200.000 Z=100.000), Max=(X=12600.000 Y=-12600.000 Z=100.000) RuntimeGrid:None EditorOnly:0 RuntimeOnly:0 HLODRelevant:1 ListedInSceneOutliner:1 IsMainWorldOnly:0
 |   |   |- Guid:3B32CCF44D51BF8B0FB87A952CAA0427 BaseClass: NativeClass:/Script/Landscape.LandscapeStreamingProxy Name:LandscapeStreamingProxy_0462LVULNFQXKZQ4SG72ZVEVR_126_1_2_0 Label:LandscapeStreamingProxy_1_2_0 SpatiallyLoaded:1 Bounds:IsValid=true, Min=(X=-12600.000 Y=0.000 Z=100.000), Max=(X=0.000 Y=12600.000 Z=100.000) RuntimeGrid:None EditorOnly:0 RuntimeOnly:0 HLODRelevant:1 ListedInSceneOutliner:1 IsMainWorldOnly:0
 |   |   |- Guid:46DE7EE349A8DFB7595524935FF99CA8 BaseClass: NativeClass:/Script/Landscape.LandscapeStreamingProxy Name:LandscapeStreamingProxy_0462LVULNFQXKZQ4SG72ZVEVR_126_2_2_0 Label:LandscapeStreamingProxy_2_2_0 SpatiallyLoaded:1 Bounds:IsValid=true, Min=(X=0.000 Y=0.000 Z=96.906), Max=(X=12600.000 Y=12600.000 Z=100.000) RuntimeGrid:None EditorOnly:0 RuntimeOnly:0 HLODRelevant:1 ListedInSceneOutliner:1 IsMainWorldOnly:0
 |   |   |- Guid:4CBA2B924A9A97742EC3B489E7BE4ECB BaseClass: NativeClass:/Script/Engine.PostProcessVolume Name:PostProcessVolume_0 Label:PostProcessVolume SpatiallyLoaded:0 Bounds:IsValid=true, Min=(X=-5137.686 Y=1156.742 Z=5327.053), Max=(X=-4937.686 Y=1356.742 Z=5527.053) RuntimeGrid:None EditorOnly:0 RuntimeOnly:0 HLODRelevant:0 ListedInSceneOutliner:1 IsMainWorldOnly:0 FolderPath:Lighting FolderGuid:0BA5F0A04EADB18E70D5B180D08FA34B
 |   |   |- Guid:4D00ADBB47F6976C926FE095F060A9E2 BaseClass: NativeClass:/Script/Engine.ExponentialHeightFog Name:ExponentialHeightFog_0 Label:ExponentialHeightFog SpatiallyLoaded:0 Bounds:IsValid=true, Min=(X=-9925.986 Y=-1331.458 Z=6881.228), Max=(X=-9925.986 Y=-1331.458 Z=6881.228) RuntimeGrid:None EditorOnly:0 RuntimeOnly:0 HLODRelevant:0 ListedInSceneOutliner:1 IsMainWorldOnly:0 FolderPath:Lighting FolderGuid:0BA5F0A04EADB18E70D5B180D08FA34B
 |   |   |- Guid:543CEA5045D7205C26FB5993428CA22E BaseClass: NativeClass:/Script/Landscape.LandscapeStreamingProxy Name:LandscapeStreamingProxy_0462LVULNFQXKZQ4SG72ZVEVR_126_1_1_0 Label:LandscapeStreamingProxy_1_1_0 SpatiallyLoaded:1 Bounds:IsValid=true, Min=(X=-12600.000 Y=-12600.000 Z=100.000), Max=(X=0.000 Y=0.000 Z=100.000) RuntimeGrid:None EditorOnly:0 RuntimeOnly:0 HLODRelevant:1 ListedInSceneOutliner:1 IsMainWorldOnly:0
 |   |   |- Guid:5C11BEE34341F79D6BFB408ADC1B34F2 BaseClass: NativeClass:/Script/Landscape.Landscape Name:Landscape_UAID_A036BCE6AA5D7CE901_1862639031 Label:Ground SpatiallyLoaded:0 Bounds:IsValid=true, Min=(X=-25200.000 Y=-25200.000 Z=100.000), Max=(X=-25200.000 Y=-25200.000 Z=100.000) RuntimeGrid:None EditorOnly:0 RuntimeOnly:0 HLODRelevant:0 ListedInSceneOutliner:1 IsMainWorldOnly:0
 |   |   |- Guid:5CA50B354B711FE931A9AEAD4F32BC34 BaseClass: NativeClass:/Script/Landscape.LandscapeStreamingProxy Name:LandscapeStreamingProxy_0462LVULNFQXKZQ4SG72ZVEVR_126_0_3_0 Label:LandscapeStreamingProxy_0_3_0 SpatiallyLoaded:1 Bounds:IsValid=true, Min=(X=-25200.000 Y=12600.000 Z=100.000), Max=(X=-12600.000 Y=25200.000 Z=100.000) RuntimeGrid:None EditorOnly:0 RuntimeOnly:0 HLODRelevant:1 ListedInSceneOutliner:1 IsMainWorldOnly:0
 |   |   |- Guid:612371E642D7A7659A00488FFDE17690 BaseClass: NativeClass:/Script/Engine.StaticMeshActor Name:StaticMeshActor_UAID_A036BCE6AA5D01F301_1159327943 Label:Mesh_032 SpatiallyLoaded:1 Bounds:IsValid=true, Min=(X=-127.087 Y=6728.785 Z=99.077), Max=(X=143.686 Y=7602.006 Z=405.684) RuntimeGrid:None EditorOnly:0 RuntimeOnly:0 HLODRelevant:1 ListedInSceneOutliner:1 IsMainWorldOnly:0
 |   |   |- Guid:67A50FBA4995A6AE7049DF9A76BBC2C2 BaseClass: NativeClass:/Script/Landscape.LandscapeStreamingProxy Name:LandscapeStreamingProxy_0462LVULNFQXKZQ4SG72ZVEVR_126_0_0_0 Label:LandscapeStreamingProxy_0_0_0 SpatiallyLoaded:1 Bounds:IsValid=true, Min=(X=-25200.000 Y=-25200.000 Z=100.000), Max=(X=-12600.000 Y=-12600.000 Z=100.000) RuntimeGrid:None EditorOnly:0 RuntimeOnly:0 HLODRelevant:1 ListedInSceneOutliner:1 IsMainWorldOnly:0
 |   |   |- Guid:6B123EEC473BF2A9638F7DA7303705E9 BaseClass: NativeClass:/Script/Engine.SkyAtmosphere Name:SkyAtmosphere_0 Label:SkyAtmosphere SpatiallyLoaded:0 Bounds:IsValid=true, Min=(X=-5137.686 Y=1156.742 Z=5947.053), Max=(X=-5137.686 Y=1156.742 Z=5947.053) RuntimeGrid:None EditorOnly:0 RuntimeOnly:0 HLODRelevant:0 ListedInSceneOutliner:1 IsMainWorldOnly:0 FolderPath:Lighting FolderGuid:0BA5F0A04EADB18E70D5B180D08FA34B
 |   |   |- Guid:6EDABFFC481416E05B2F8D966F8B0BD1 BaseClass: NativeClass:/Script/Landscape.LandscapeSplineActor Name:LandscapeSplineActor_UAID_A036BCE6AA5D82EC01_1731981256 Label:LandscapeSplineActor4 SpatiallyLoaded:1 Bounds:IsValid=true, Min=(X=-892.796 Y=-372.949 Z=86.438), Max=(X=1167.737 Y=14585.411 Z=121.341) RuntimeGrid:None EditorOnly:0 RuntimeOnly:0 HLODRelevant:1 ListedInSceneOutliner:1 IsMainWorldOnly:0
 |   |   |- Guid:6F22AC394FB515DB86DF0AAD3E77AC80 BaseClass: NativeClass:/Script/Landscape.LandscapeStreamingProxy Name:LandscapeStreamingProxy_0462LVULNFQXKZQ4SG72ZVEVR_126_1_3_0 Label:LandscapeStreamingProxy_1_3_0 SpatiallyLoaded:1 Bounds:IsValid=true, Min=(X=-12600.000 Y=12600.000 Z=100.000), Max=(X=0.000 Y=25200.000 Z=100.000) RuntimeGrid:None EditorOnly:0 RuntimeOnly:0 HLODRelevant:1 ListedInSceneOutliner:1 IsMainWorldOnly:0
 |   |   |- Guid:7B2A5480445B794B650EAFAF7D65ABF9 BaseClass: NativeClass:/Script/Engine.PlayerStart Name:PlayerStart_UAID_A036BCE6AA5D83EC01_1744600438 Label:PlayerStart SpatiallyLoaded:0 Bounds:IsValid=true, Min=(X=360.000 Y=6960.000 Z=158.000), Max=(X=440.000 Y=7040.000 Z=342.000) RuntimeGrid:None EditorOnly:0 RuntimeOnly:0 HLODRelevant:0 ListedInSceneOutliner:1 IsMainWorldOnly:0
 |   |   |- Guid:843C4ECB4A653E39E185D091CA11C4DB BaseClass: NativeClass:/Script/Engine.WorldDataLayers Name:WorldDataLayers Label:WorldDataLayers SpatiallyLoaded:0 Bounds:Invalid RuntimeGrid:None EditorOnly:0 RuntimeOnly:0 HLODRelevant:0 ListedInSceneOutliner:1 IsMainWorldOnly:1
 |   |   |- Guid:892DF49B45EC4CA4C49D86993016EDD8 BaseClass: NativeClass:/Script/Engine.StaticMeshActor Name:StaticMeshActor_UAID_A036BCE6AA5D17F101_1648414703 Label:Cube SpatiallyLoaded:1 Bounds:IsValid=true, Min=(X=4300.000 Y=6770.000 Z=100.000), Max=(X=4400.000 Y=6870.000 Z=200.000) RuntimeGrid:None EditorOnly:0 RuntimeOnly:0 HLODRelevant:1 ListedInSceneOutliner:1 IsMainWorldOnly:0
 |   |   |- Guid:8BAB7A6E44A85E81CF4B0DB8AFACAEDE BaseClass: NativeClass:/Script/Landscape.LandscapeSplineActor Name:LandscapeSplineActor_UAID_A036BCE6AA5D03EA01_1454308794 Label:LandscapeSplineActor4 SpatiallyLoaded:1 Bounds:IsValid=true, Min=(X=-892.796 Y=-372.949 Z=86.438), Max=(X=1167.737 Y=14585.411 Z=121.341) RuntimeGrid:None EditorOnly:0 RuntimeOnly:0 HLODRelevant:1 ListedInSceneOutliner:1 IsMainWorldOnly:0
 |   |   |- Guid:8CF6939940DF7E85354FE1BF2C4F92D9 BaseClass: NativeClass:/Script/Landscape.LandscapeSplineActor Name:LandscapeSplineActor_UAID_A036BCE6AA5D84E901_1693417449 Label:LandscapeSplineActor2 SpatiallyLoaded:1 Bounds:IsValid=true, Min=(X=-6745.186 Y=-2543.843 Z=-26.844), Max=(X=2146.236 Y=14867.595 Z=988.710) RuntimeGrid:None EditorOnly:0 RuntimeOnly:0 HLODRelevant:1 ListedInSceneOutliner:1 IsMainWorldOnly:0
 |   |   |- Guid:8F443EF447B28E02B212358A7525953E BaseClass: NativeClass:/Script/Landscape.Landscape Name:Landscape_UAID_A036BCE6AA5D82EC01_1759249259 Label:Landscape SpatiallyLoaded:0 Bounds:IsValid=true, Min=(X=-12600.000 Y=-12600.000 Z=100.000), Max=(X=12600.000 Y=12600.000 Z=100.000) RuntimeGrid:None EditorOnly:0 RuntimeOnly:0 HLODRelevant:1 ListedInSceneOutliner:1 IsMainWorldOnly:0
 |   |   |- Guid:9070C7F349613562AB917CAC87C91628 BaseClass: NativeClass:/Script/Engine.StaticMeshActor Name:StaticMeshActor_UAID_A036BCE6AA5DCCE901_1740731113 Label:S_Traffic_Cone_uhcgdgufa_lod0_Var3 SpatiallyLoaded:1 Bounds:IsValid=true, Min=(X=-247.993 Y=6372.019 Z=100.000), Max=(X=-212.010 Y=6407.993 Z=169.332) RuntimeGrid:None EditorOnly:0 RuntimeOnly:0 HLODRelevant:1 ListedInSceneOutliner:1 IsMainWorldOnly:0 FolderPath:Traffic_cones FolderGuid:7953F7314C44EEA8D45FE7A5D85CEC1D
 |   |   |- Guid:9D6335B84175C3591A70AF8184E2A749 BaseClass: NativeClass:/Script/Landscape.LandscapeSplineActor Name:LandscapeSplineActor_UAID_A036BCE6AA5D82EC01_1731982257 Label:LandscapeSplineActor SpatiallyLoaded:1 Bounds:IsValid=true, Min=(X=-6740.724 Y=-338.454 Z=41.675), Max=(X=-79.354 Y=14792.595 Z=668.275) RuntimeGrid:None EditorOnly:0 RuntimeOnly:0 HLODRelevant:1 ListedInSceneOutliner:1 IsMainWorldOnly:0
 |   |   |- Guid:A82AC57A42F52C372D9A7CAD83A174B3 BaseClass: NativeClass:/Script/Landscape.LandscapeStreamingProxy Name:LandscapeStreamingProxy_0462LVULNFQXKZQ4SG72ZVEVR_126_2_3_0 Label:LandscapeStreamingProxy_2_3_0 SpatiallyLoaded:1 Bounds:IsValid=true, Min=(X=0.000 Y=12600.000 Z=100.000), Max=(X=12600.000 Y=25200.000 Z=100.000) RuntimeGrid:None EditorOnly:0 RuntimeOnly:0 HLODRelevant:1 ListedInSceneOutliner:1 IsMainWorldOnly:0
 |   |   |- Guid:A895601647C0765B27A07D9E865AF7FA BaseClass: NativeClass:/Script/Landscape.LandscapeSplineActor Name:LandscapeSplineActor_UAID_A036BCE6AA5D82EC01_1812093260 Label:LandscapeSplineActor5 SpatiallyLoaded:1 Bounds:IsValid=true, Min=(X=-2146.716 Y=-372.949 Z=86.438), Max=(X=-86.183 Y=14585.411 Z=121.341) RuntimeGrid:None EditorOnly:0 RuntimeOnly:0 HLODRelevant:1 ListedInSceneOutliner:1 IsMainWorldOnly:0
 |   |   |- Guid:AC9CBAC541CA4F06A3A394AF37A725EC BaseClass: NativeClass:/Script/Engine.StaticMeshActor Name:StaticMeshActor_UAID_A4AE111137DC5EFB00_2001720423 Label:SM_SkySphere SpatiallyLoaded:0 Bounds:IsValid=true, Min=(X=-1647353.039 Y=-1645096.562 Z=-1635845.767), Max=(X=1629446.961 Y=1631703.438 Z=1640954.233) RuntimeGrid:None EditorOnly:0 RuntimeOnly:0 HLODRelevant:1 ListedInSceneOutliner:1 IsMainWorldOnly:0 FolderPath:Lighting FolderGuid:0BA5F0A04EADB18E70D5B180D08FA34B
 |   |   |- Guid:B06AAFB64377952568A7138A1DE13A1C BaseClass: NativeClass:/Script/Landscape.LandscapeSplineActor Name:LandscapeSplineActor_UAID_A036BCE6AA5DBDE901_1501484471 Label:LandscapeSplineActor3 SpatiallyLoaded:1 Bounds:IsValid=true, Min=(X=893.336 Y=5322.564 Z=47.500), Max=(X=3195.598 Y=8335.751 Z=547.500) RuntimeGrid:None EditorOnly:0 RuntimeOnly:0 HLODRelevant:1 ListedInSceneOutliner:1 IsMainWorldOnly:0
 |   |   |- Guid:B4EB2145462B2E8E18BC158699E54F9D BaseClass: NativeClass:/Script/Landscape.LandscapeStreamingProxy Name:LandscapeStreamingProxy_0462LVULNFQXKZQ4SG72ZVEVR_126_3_3_0 Label:LandscapeStreamingProxy_3_3_0 SpatiallyLoaded:1 Bounds:IsValid=true, Min=(X=12600.000 Y=12600.000 Z=100.000), Max=(X=25200.000 Y=25200.000 Z=100.000) RuntimeGrid:None EditorOnly:0 RuntimeOnly:0 HLODRelevant:1 ListedInSceneOutliner:1 IsMainWorldOnly:0
 |   |   |- Guid:B50D6D0E4F24E8150FB29C81777C5436 BaseClass: NativeClass:/Script/Landscape.LandscapeStreamingProxy Name:LandscapeStreamingProxy_0462LVULNFQXKZQ4SG72ZVEVR_126_2_1_0 Label:LandscapeStreamingProxy_2_1_0 SpatiallyLoaded:1 Bounds:IsValid=true, Min=(X=0.000 Y=-12600.000 Z=100.000), Max=(X=12600.000 Y=0.000 Z=100.000) RuntimeGrid:None EditorOnly:0 RuntimeOnly:0 HLODRelevant:1 ListedInSceneOutliner:1 IsMainWorldOnly:0
 |   |   |- Guid:BBB9C38449E0B5DBA9042B914CFC5047 BaseClass:/Game/Blueprints/BP_Player.BP_Player_C NativeClass:/Script/Engine.Character Name:BP_Player_C_UAID_A036BCE6AA5D01F301_1159333944 Label:BP_Player SpatiallyLoaded:1 Bounds:IsValid=true, Min=(X=716.000 Y=6946.729 Z=110.000), Max=(X=1083.628 Y=7117.110 Z=343.000) RuntimeGrid:None EditorOnly:0 RuntimeOnly:0 HLODRelevant:0 ListedInSceneOutliner:1 IsMainWorldOnly:0
 |   |   |- Guid:C029228144BC683D26CC5D8F542BCC5D BaseClass: NativeClass:/Script/Engine.StaticMeshActor Name:StaticMeshActor_UAID_A036BCE6AA5DCCE901_1735492112 Label:S_Traffic_Cone_uhcgdgufa_lod0_Var2 SpatiallyLoaded:1 Bounds:IsValid=true, Min=(X=-287.993 Y=7462.019 Z=100.000), Max=(X=-252.010 Y=7497.993 Z=169.332) RuntimeGrid:None EditorOnly:0 RuntimeOnly:0 HLODRelevant:1 ListedInSceneOutliner:1 IsMainWorldOnly:0 FolderPath:Traffic_cones FolderGuid:7953F7314C44EEA8D45FE7A5D85CEC1D
 |   |   |- Guid:C3DD1D6949D51AC5EE50CCA303347517 BaseClass:/Game/things/blueprints/BP_fire.BP_fire_C NativeClass:/Script/Engine.Actor Name:BP_fire_C_UAID_A036BCE6AA5D4DEC01_1795767927 Label:BP_fire SpatiallyLoaded:1 Bounds:IsValid=true, Min=(X=795.710 Y=8671.042 Z=-461.461), Max=(X=2117.851 Y=9937.150 Z=1265.072) RuntimeGrid:None EditorOnly:0 RuntimeOnly:0 HLODRelevant:0 ListedInSceneOutliner:1 IsMainWorldOnly:0
 |   |   |- Guid:C75990EF48BE4EA02D6D1EA55306FD9C BaseClass: NativeClass:/Script/Landscape.LandscapeSplineActor Name:LandscapeSplineActor_UAID_A036BCE6AA5D82EC01_1731980255 Label:LandscapeSplineActor3 SpatiallyLoaded:1 Bounds:IsValid=true, Min=(X=893.336 Y=5322.564 Z=47.500), Max=(X=3195.598 Y=8335.751 Z=547.500) RuntimeGrid:None EditorOnly:0 RuntimeOnly:0 HLODRelevant:1 ListedInSceneOutliner:1 IsMainWorldOnly:0
 |   |   |- Guid:CA8775E94B7870464C929A8CB7C19340 BaseClass: NativeClass:/Script/Engine.SkyLight Name:SkyLight_0 Label:SkyLight SpatiallyLoaded:0 Bounds:IsValid=true, Min=(X=-5137.686 Y=1156.742 Z=5617.053), Max=(X=-5137.686 Y=1156.742 Z=5617.053) RuntimeGrid:None EditorOnly:0 RuntimeOnly:0 HLODRelevant:0 ListedInSceneOutliner:1 IsMainWorldOnly:0 FolderPath:Lighting FolderGuid:0BA5F0A04EADB18E70D5B180D08FA34B
 |   |   |- Guid:CBA598D840563B80DECE31AEB7CEC391 BaseClass: NativeClass:/Script/Engine.VolumetricCloud Name:VolumetricCloud_0 Label:VolumetricCloud SpatiallyLoaded:0 Bounds:IsValid=true, Min=(X=-5137.686 Y=1156.742 Z=5747.053), Max=(X=-5137.686 Y=1156.742 Z=5747.053) RuntimeGrid:None EditorOnly:0 RuntimeOnly:0 HLODRelevant:0 ListedInSceneOutliner:1 IsMainWorldOnly:0 FolderPath:Lighting FolderGuid:0BA5F0A04EADB18E70D5B180D08FA34B
 |   |   |- Guid:CFEEC3C44F6D6ACFEE9986BD50F4CFAD BaseClass: NativeClass:/Script/Landscape.LandscapeStreamingProxy Name:LandscapeStreamingProxy_0462LVULNFQXKZQ4SG72ZVEVR_126_3_0_0 Label:LandscapeStreamingProxy_3_0_0 SpatiallyLoaded:1 Bounds:IsValid=true, Min=(X=12600.000 Y=-25200.000 Z=100.000), Max=(X=25200.000 Y=-12600.000 Z=100.000) RuntimeGrid:None EditorOnly:0 RuntimeOnly:0 HLODRelevant:1 ListedInSceneOutliner:1 IsMainWorldOnly:0
 |   |   |- Guid:EC6951F340AE30957E57F98C2B0CF5CD BaseClass: NativeClass:/Script/Water.WaterZone Name:WaterZone_UAID_0025227BDF9781EB01_1588126026 Label:WaterZone SpatiallyLoaded:0 Bounds:IsValid=true, Min=(X=-24000.000 Y=-24000.000 Z=-24000.000), Max=(X=24000.000 Y=24000.000 Z=24000.000) RuntimeGrid:None EditorOnly:0 RuntimeOnly:0 HLODRelevant:0 ListedInSceneOutliner:1 IsMainWorldOnly:0 FolderPath:water FolderGuid:A9DE2FF34090B16383057D9B52C41C1E
 |   |   |- Guid:F54A60BC496E851422D87FAB964FBACF BaseClass: NativeClass:/Script/Landscape.LandscapeStreamingProxy Name:LandscapeStreamingProxy_0462LVULNFQXKZQ4SG72ZVEVR_126_3_1_0 Label:LandscapeStreamingProxy_3_1_0 SpatiallyLoaded:1 Bounds:IsValid=true, Min=(X=12600.000 Y=-12600.000 Z=100.000), Max=(X=25200.000 Y=0.000 Z=100.000) RuntimeGrid:None EditorOnly:0 RuntimeOnly:0 HLODRelevant:1 ListedInSceneOutliner:1 IsMainWorldOnly:0
 |   |   |- Guid:F7F5DA6A40929390DC40F689DCBCBBA7 BaseClass: NativeClass:/Script/Engine.StaticMeshActor Name:StaticMeshActor_UAID_A036BCE6AA5DCCE901_1663817111 Label:S_Traffic_Cone_uhcgdgufa_lod0_Var1 SpatiallyLoaded:1 Bounds:IsValid=true, Min=(X=238.359 Y=7500.487 Z=110.100), Max=(X=274.342 Y=7536.461 Z=179.432) RuntimeGrid:None EditorOnly:0 RuntimeOnly:0 HLODRelevant:1 ListedInSceneOutliner:1 IsMainWorldOnly:0 FolderPath:Traffic_cones FolderGuid:7953F7314C44EEA8D45FE7A5D85CEC1D
 |   |   |- Guid:FF56FD244639F98FEF7DA080E4E85506 BaseClass: NativeClass:/Script/Engine.StaticMeshActor Name:StaticMeshActor_UAID_A036BCE6AA5DCCE901_1768890114 Label:S_Traffic_Cone_uhcgdgufa_lod0_Var4 SpatiallyLoaded:1 Bounds:IsValid=true, Min=(X=242.007 Y=6282.019 Z=110.000), Max=(X=277.990 Y=6317.993 Z=179.332) RuntimeGrid:None EditorOnly:0 RuntimeOnly:0 HLODRelevant:1 ListedInSceneOutliner:1 IsMainWorldOnly:0 FolderPath:Traffic_cones FolderGuid:7953F7314C44EEA8D45FE7A5D85CEC1D
 |   |- [+] Clusters:
 |   |   |- [+] [  0]
 |   |   |   |- Guid:02B11C2349C0971E09D959B5BD66A8E5 BaseClass: NativeClass:/Script/Engine.DirectionalLight Name:DirectionalLight_1 Label:DirectionalLight SpatiallyLoaded:0 Bounds:IsValid=true, Min=(X=-4398046511104.000 Y=-4398046511104.000 Z=-4398046511104.000), Max=(X=4398046511104.000 Y=4398046511104.000 Z=4398046511104.000) RuntimeGrid:None EditorOnly:0 RuntimeOnly:0 HLODRelevant:0 ListedInSceneOutliner:1 IsMainWorldOnly:0 FolderPath:Lighting FolderGuid:0BA5F0A04EADB18E70D5B180D08FA34B
 |   |   |- [+] [  1]
 |   |   |   |- Guid:047CE7AE4A8DF54DE68B869B545DFD97 BaseClass: NativeClass:/Script/Landscape.LandscapeStreamingProxy Name:LandscapeStreamingProxy_0462LVULNFQXKZQ4SG72ZVEVR_126_1_0_0 Label:LandscapeStreamingProxy_1_0_0 SpatiallyLoaded:1 Bounds:IsValid=true, Min=(X=-12600.000 Y=-25200.000 Z=100.000), Max=(X=0.000 Y=-12600.000 Z=100.000) RuntimeGrid:None EditorOnly:0 RuntimeOnly:0 HLODRelevant:1 ListedInSceneOutliner:1 IsMainWorldOnly:0
 |   |   |- [+] [  2]
 |   |   |   |- Guid:07D607DA454D662225A88692DC608BA2 BaseClass:/Game/things/objects/dummy.dummy_C NativeClass:/Script/Engine.Actor Name:dummy_C_UAID_A036BCE6AA5D62F301_1776443017 Label:dummy SpatiallyLoaded:1 Bounds:IsValid=true, Min=(X=1618.223 Y=5210.694 Z=213.471), Max=(X=1662.223 Y=5254.694 Z=301.471) RuntimeGrid:None EditorOnly:0 RuntimeOnly:0 HLODRelevant:0 ListedInSceneOutliner:1 IsMainWorldOnly:0
 |   |   |- [+] [  3]
 |   |   |   |- Guid:1384B86142C519AD5353DBBA31A6962B BaseClass: NativeClass:/Script/Landscape.LandscapeSplineActor Name:LandscapeSplineActor_UAID_A036BCE6AA5D88E901_1294654146 Label:LandscapeSplineActor SpatiallyLoaded:1 Bounds:IsValid=true, Min=(X=-6740.724 Y=-338.454 Z=41.675), Max=(X=-79.354 Y=14792.595 Z=668.275) RuntimeGrid:None EditorOnly:0 RuntimeOnly:0 HLODRelevant:1 ListedInSceneOutliner:1 IsMainWorldOnly:0
 |   |   |- [+] [  4]
 |   |   |   |- Guid:1BF721954DA510E35B3EED852ADAF166 BaseClass: NativeClass:/Script/Landscape.LandscapeStreamingProxy Name:LandscapeStreamingProxy_0462LVULNFQXKZQ4SG72ZVEVR_126_0_2_0 Label:LandscapeStreamingProxy_0_2_0 SpatiallyLoaded:1 Bounds:IsValid=true, Min=(X=-25200.000 Y=0.000 Z=100.000), Max=(X=-12600.000 Y=12600.000 Z=100.000) RuntimeGrid:None EditorOnly:0 RuntimeOnly:0 HLODRelevant:1 ListedInSceneOutliner:1 IsMainWorldOnly:0
 |   |   |- [+] [  5]
 |   |   |   |- Guid:1E90CE8341749DC18350DC9E09A08A28 BaseClass: NativeClass:/Script/Landscape.LandscapeStreamingProxy Name:LandscapeStreamingProxy_0462LVULNFQXKZQ4SG72ZVEVR_126_0_1_0 Label:LandscapeStreamingProxy_0_1_0 SpatiallyLoaded:1 Bounds:IsValid=true, Min=(X=-25200.000 Y=-12600.000 Z=100.000), Max=(X=-12600.000 Y=0.000 Z=100.000) RuntimeGrid:None EditorOnly:0 RuntimeOnly:0 HLODRelevant:1 ListedInSceneOutliner:1 IsMainWorldOnly:0
 |   |   |- [+] [  6]
 |   |   |   |- Guid:27D4A982459AC641915E03A7C2C5B46B BaseClass: NativeClass:/Script/Landscape.LandscapeStreamingProxy Name:LandscapeStreamingProxy_0462LVULNFQXKZQ4SG72ZVEVR_126_3_2_0 Label:LandscapeStreamingProxy_3_2_0 SpatiallyLoaded:1 Bounds:IsValid=true, Min=(X=12600.000 Y=0.000 Z=100.000), Max=(X=25200.000 Y=12600.000 Z=100.000) RuntimeGrid:None EditorOnly:0 RuntimeOnly:0 HLODRelevant:1 ListedInSceneOutliner:1 IsMainWorldOnly:0
 |   |   |- [+] [  7]
 |   |   |   |- Guid:2DBED8E64670A77B6A15B5AB4BF7D223 BaseClass:/Game/things/bonfire.bonfire_C NativeClass:/Script/Engine.Actor Name:bonfire_C_UAID_A036BCE6AA5D62F301_1398958016 Label:bonfire SpatiallyLoaded:1 Bounds:IsValid=true, Min=(X=1115.905 Y=6630.108 Z=-8.144), Max=(X=1644.762 Y=7136.551 Z=682.469) RuntimeGrid:None EditorOnly:0 RuntimeOnly:0 HLODRelevant:0 ListedInSceneOutliner:1 IsMainWorldOnly:0
 |   |   |- [+] [  8]
 |   |   |   |- Guid:38BB76904947D192A1F0809464943186 BaseClass: NativeClass:/Script/Landscape.LandscapeSplineActor Name:LandscapeSplineActor_UAID_A036BCE6AA5D82EC01_1731983258 Label:LandscapeSplineActor2 SpatiallyLoaded:1 Bounds:IsValid=true, Min=(X=-6745.186 Y=-2543.843 Z=-26.844), Max=(X=2146.236 Y=14867.595 Z=988.710) RuntimeGrid:None EditorOnly:0 RuntimeOnly:0 HLODRelevant:1 ListedInSceneOutliner:1 IsMainWorldOnly:0
 |   |   |- [+] [  9]
 |   |   |   |- Guid:3937EC804D6ADC6ADB7EF092680CF05F BaseClass: NativeClass:/Script/Landscape.LandscapeStreamingProxy Name:LandscapeStreamingProxy_0462LVULNFQXKZQ4SG72ZVEVR_126_2_0_0 Label:LandscapeStreamingProxy_2_0_0 SpatiallyLoaded:1 Bounds:IsValid=true, Min=(X=0.000 Y=-25200.000 Z=100.000), Max=(X=12600.000 Y=-12600.000 Z=100.000) RuntimeGrid:None EditorOnly:0 RuntimeOnly:0 HLODRelevant:1 ListedInSceneOutliner:1 IsMainWorldOnly:0
 |   |   |- [+] [ 10]
 |   |   |   |- Guid:3B32CCF44D51BF8B0FB87A952CAA0427 BaseClass: NativeClass:/Script/Landscape.LandscapeStreamingProxy Name:LandscapeStreamingProxy_0462LVULNFQXKZQ4SG72ZVEVR_126_1_2_0 Label:LandscapeStreamingProxy_1_2_0 SpatiallyLoaded:1 Bounds:IsValid=true, Min=(X=-12600.000 Y=0.000 Z=100.000), Max=(X=0.000 Y=12600.000 Z=100.000) RuntimeGrid:None EditorOnly:0 RuntimeOnly:0 HLODRelevant:1 ListedInSceneOutliner:1 IsMainWorldOnly:0
 |   |   |- [+] [ 11]
 |   |   |   |- Guid:46DE7EE349A8DFB7595524935FF99CA8 BaseClass: NativeClass:/Script/Landscape.LandscapeStreamingProxy Name:LandscapeStreamingProxy_0462LVULNFQXKZQ4SG72ZVEVR_126_2_2_0 Label:LandscapeStreamingProxy_2_2_0 SpatiallyLoaded:1 Bounds:IsValid=true, Min=(X=0.000 Y=0.000 Z=96.906), Max=(X=12600.000 Y=12600.000 Z=100.000) RuntimeGrid:None EditorOnly:0 RuntimeOnly:0 HLODRelevant:1 ListedInSceneOutliner:1 IsMainWorldOnly:0
 |   |   |- [+] [ 12]
 |   |   |   |- Guid:4CBA2B924A9A97742EC3B489E7BE4ECB BaseClass: NativeClass:/Script/Engine.PostProcessVolume Name:PostProcessVolume_0 Label:PostProcessVolume SpatiallyLoaded:0 Bounds:IsValid=true, Min=(X=-5137.686 Y=1156.742 Z=5327.053), Max=(X=-4937.686 Y=1356.742 Z=5527.053) RuntimeGrid:None EditorOnly:0 RuntimeOnly:0 HLODRelevant:0 ListedInSceneOutliner:1 IsMainWorldOnly:0 FolderPath:Lighting FolderGuid:0BA5F0A04EADB18E70D5B180D08FA34B
 |   |   |- [+] [ 13]
 |   |   |   |- Guid:4D00ADBB47F6976C926FE095F060A9E2 BaseClass: NativeClass:/Script/Engine.ExponentialHeightFog Name:ExponentialHeightFog_0 Label:ExponentialHeightFog SpatiallyLoaded:0 Bounds:IsValid=true, Min=(X=-9925.986 Y=-1331.458 Z=6881.228), Max=(X=-9925.986 Y=-1331.458 Z=6881.228) RuntimeGrid:None EditorOnly:0 RuntimeOnly:0 HLODRelevant:0 ListedInSceneOutliner:1 IsMainWorldOnly:0 FolderPath:Lighting FolderGuid:0BA5F0A04EADB18E70D5B180D08FA34B
 |   |   |- [+] [ 14]
 |   |   |   |- Guid:543CEA5045D7205C26FB5993428CA22E BaseClass: NativeClass:/Script/Landscape.LandscapeStreamingProxy Name:LandscapeStreamingProxy_0462LVULNFQXKZQ4SG72ZVEVR_126_1_1_0 Label:LandscapeStreamingProxy_1_1_0 SpatiallyLoaded:1 Bounds:IsValid=true, Min=(X=-12600.000 Y=-12600.000 Z=100.000), Max=(X=0.000 Y=0.000 Z=100.000) RuntimeGrid:None EditorOnly:0 RuntimeOnly:0 HLODRelevant:1 ListedInSceneOutliner:1 IsMainWorldOnly:0
 |   |   |- [+] [ 15]
 |   |   |   |- Guid:5C11BEE34341F79D6BFB408ADC1B34F2 BaseClass: NativeClass:/Script/Landscape.Landscape Name:Landscape_UAID_A036BCE6AA5D7CE901_1862639031 Label:Ground SpatiallyLoaded:0 Bounds:IsValid=true, Min=(X=-25200.000 Y=-25200.000 Z=100.000), Max=(X=-25200.000 Y=-25200.000 Z=100.000) RuntimeGrid:None EditorOnly:0 RuntimeOnly:0 HLODRelevant:0 ListedInSceneOutliner:1 IsMainWorldOnly:0
 |   |   |- [+] [ 16]
 |   |   |   |- Guid:5CA50B354B711FE931A9AEAD4F32BC34 BaseClass: NativeClass:/Script/Landscape.LandscapeStreamingProxy Name:LandscapeStreamingProxy_0462LVULNFQXKZQ4SG72ZVEVR_126_0_3_0 Label:LandscapeStreamingProxy_0_3_0 SpatiallyLoaded:1 Bounds:IsValid=true, Min=(X=-25200.000 Y=12600.000 Z=100.000), Max=(X=-12600.000 Y=25200.000 Z=100.000) RuntimeGrid:None EditorOnly:0 RuntimeOnly:0 HLODRelevant:1 ListedInSceneOutliner:1 IsMainWorldOnly:0
 |   |   |- [+] [ 17]
 |   |   |   |- Guid:612371E642D7A7659A00488FFDE17690 BaseClass: NativeClass:/Script/Engine.StaticMeshActor Name:StaticMeshActor_UAID_A036BCE6AA5D01F301_1159327943 Label:Mesh_032 SpatiallyLoaded:1 Bounds:IsValid=true, Min=(X=-127.087 Y=6728.785 Z=99.077), Max=(X=143.686 Y=7602.006 Z=405.684) RuntimeGrid:None EditorOnly:0 RuntimeOnly:0 HLODRelevant:1 ListedInSceneOutliner:1 IsMainWorldOnly:0
 |   |   |- [+] [ 18]
 |   |   |   |- Guid:67A50FBA4995A6AE7049DF9A76BBC2C2 BaseClass: NativeClass:/Script/Landscape.LandscapeStreamingProxy Name:LandscapeStreamingProxy_0462LVULNFQXKZQ4SG72ZVEVR_126_0_0_0 Label:LandscapeStreamingProxy_0_0_0 SpatiallyLoaded:1 Bounds:IsValid=true, Min=(X=-25200.000 Y=-25200.000 Z=100.000), Max=(X=-12600.000 Y=-12600.000 Z=100.000) RuntimeGrid:None EditorOnly:0 RuntimeOnly:0 HLODRelevant:1 ListedInSceneOutliner:1 IsMainWorldOnly:0
 |   |   |- [+] [ 19]
 |   |   |   |- Guid:6B123EEC473BF2A9638F7DA7303705E9 BaseClass: NativeClass:/Script/Engine.SkyAtmosphere Name:SkyAtmosphere_0 Label:SkyAtmosphere SpatiallyLoaded:0 Bounds:IsValid=true, Min=(X=-5137.686 Y=1156.742 Z=5947.053), Max=(X=-5137.686 Y=1156.742 Z=5947.053) RuntimeGrid:None EditorOnly:0 RuntimeOnly:0 HLODRelevant:0 ListedInSceneOutliner:1 IsMainWorldOnly:0 FolderPath:Lighting FolderGuid:0BA5F0A04EADB18E70D5B180D08FA34B
 |   |   |- [+] [ 20]
 |   |   |   |- Guid:6EDABFFC481416E05B2F8D966F8B0BD1 BaseClass: NativeClass:/Script/Landscape.LandscapeSplineActor Name:LandscapeSplineActor_UAID_A036BCE6AA5D82EC01_1731981256 Label:LandscapeSplineActor4 SpatiallyLoaded:1 Bounds:IsValid=true, Min=(X=-892.796 Y=-372.949 Z=86.438), Max=(X=1167.737 Y=14585.411 Z=121.341) RuntimeGrid:None EditorOnly:0 RuntimeOnly:0 HLODRelevant:1 ListedInSceneOutliner:1 IsMainWorldOnly:0
 |   |   |- [+] [ 21]
 |   |   |   |- Guid:6F22AC394FB515DB86DF0AAD3E77AC80 BaseClass: NativeClass:/Script/Landscape.LandscapeStreamingProxy Name:LandscapeStreamingProxy_0462LVULNFQXKZQ4SG72ZVEVR_126_1_3_0 Label:LandscapeStreamingProxy_1_3_0 SpatiallyLoaded:1 Bounds:IsValid=true, Min=(X=-12600.000 Y=12600.000 Z=100.000), Max=(X=0.000 Y=25200.000 Z=100.000) RuntimeGrid:None EditorOnly:0 RuntimeOnly:0 HLODRelevant:1 ListedInSceneOutliner:1 IsMainWorldOnly:0
 |   |   |- [+] [ 22]
 |   |   |   |- Guid:7B2A5480445B794B650EAFAF7D65ABF9 BaseClass: NativeClass:/Script/Engine.PlayerStart Name:PlayerStart_UAID_A036BCE6AA5D83EC01_1744600438 Label:PlayerStart SpatiallyLoaded:0 Bounds:IsValid=true, Min=(X=360.000 Y=6960.000 Z=158.000), Max=(X=440.000 Y=7040.000 Z=342.000) RuntimeGrid:None EditorOnly:0 RuntimeOnly:0 HLODRelevant:0 ListedInSceneOutliner:1 IsMainWorldOnly:0
 |   |   |- [+] [ 23]
 |   |   |   |- Guid:843C4ECB4A653E39E185D091CA11C4DB BaseClass: NativeClass:/Script/Engine.WorldDataLayers Name:WorldDataLayers Label:WorldDataLayers SpatiallyLoaded:0 Bounds:Invalid RuntimeGrid:None EditorOnly:0 RuntimeOnly:0 HLODRelevant:0 ListedInSceneOutliner:1 IsMainWorldOnly:1
 |   |   |- [+] [ 24]
 |   |   |   |- Guid:892DF49B45EC4CA4C49D86993016EDD8 BaseClass: NativeClass:/Script/Engine.StaticMeshActor Name:StaticMeshActor_UAID_A036BCE6AA5D17F101_1648414703 Label:Cube SpatiallyLoaded:1 Bounds:IsValid=true, Min=(X=4300.000 Y=6770.000 Z=100.000), Max=(X=4400.000 Y=6870.000 Z=200.000) RuntimeGrid:None EditorOnly:0 RuntimeOnly:0 HLODRelevant:1 ListedInSceneOutliner:1 IsMainWorldOnly:0
 |   |   |- [+] [ 25]
 |   |   |   |- Guid:8BAB7A6E44A85E81CF4B0DB8AFACAEDE BaseClass: NativeClass:/Script/Landscape.LandscapeSplineActor Name:LandscapeSplineActor_UAID_A036BCE6AA5D03EA01_1454308794 Label:LandscapeSplineActor4 SpatiallyLoaded:1 Bounds:IsValid=true, Min=(X=-892.796 Y=-372.949 Z=86.438), Max=(X=1167.737 Y=14585.411 Z=121.341) RuntimeGrid:None EditorOnly:0 RuntimeOnly:0 HLODRelevant:1 ListedInSceneOutliner:1 IsMainWorldOnly:0
 |   |   |- [+] [ 26]
 |   |   |   |- Guid:8CF6939940DF7E85354FE1BF2C4F92D9 BaseClass: NativeClass:/Script/Landscape.LandscapeSplineActor Name:LandscapeSplineActor_UAID_A036BCE6AA5D84E901_1693417449 Label:LandscapeSplineActor2 SpatiallyLoaded:1 Bounds:IsValid=true, Min=(X=-6745.186 Y=-2543.843 Z=-26.844), Max=(X=2146.236 Y=14867.595 Z=988.710) RuntimeGrid:None EditorOnly:0 RuntimeOnly:0 HLODRelevant:1 ListedInSceneOutliner:1 IsMainWorldOnly:0
 |   |   |- [+] [ 27]
 |   |   |   |- Guid:8F443EF447B28E02B212358A7525953E BaseClass: NativeClass:/Script/Landscape.Landscape Name:Landscape_UAID_A036BCE6AA5D82EC01_1759249259 Label:Landscape SpatiallyLoaded:0 Bounds:IsValid=true, Min=(X=-12600.000 Y=-12600.000 Z=100.000), Max=(X=12600.000 Y=12600.000 Z=100.000) RuntimeGrid:None EditorOnly:0 RuntimeOnly:0 HLODRelevant:1 ListedInSceneOutliner:1 IsMainWorldOnly:0
 |   |   |- [+] [ 28]
 |   |   |   |- Guid:9070C7F349613562AB917CAC87C91628 BaseClass: NativeClass:/Script/Engine.StaticMeshActor Name:StaticMeshActor_UAID_A036BCE6AA5DCCE901_1740731113 Label:S_Traffic_Cone_uhcgdgufa_lod0_Var3 SpatiallyLoaded:1 Bounds:IsValid=true, Min=(X=-247.993 Y=6372.019 Z=100.000), Max=(X=-212.010 Y=6407.993 Z=169.332) RuntimeGrid:None EditorOnly:0 RuntimeOnly:0 HLODRelevant:1 ListedInSceneOutliner:1 IsMainWorldOnly:0 FolderPath:Traffic_cones FolderGuid:7953F7314C44EEA8D45FE7A5D85CEC1D
 |   |   |- [+] [ 29]
 |   |   |   |- Guid:9D6335B84175C3591A70AF8184E2A749 BaseClass: NativeClass:/Script/Landscape.LandscapeSplineActor Name:LandscapeSplineActor_UAID_A036BCE6AA5D82EC01_1731982257 Label:LandscapeSplineActor SpatiallyLoaded:1 Bounds:IsValid=true, Min=(X=-6740.724 Y=-338.454 Z=41.675), Max=(X=-79.354 Y=14792.595 Z=668.275) RuntimeGrid:None EditorOnly:0 RuntimeOnly:0 HLODRelevant:1 ListedInSceneOutliner:1 IsMainWorldOnly:0
 |   |   |- [+] [ 30]
 |   |   |   |- Guid:A82AC57A42F52C372D9A7CAD83A174B3 BaseClass: NativeClass:/Script/Landscape.LandscapeStreamingProxy Name:LandscapeStreamingProxy_0462LVULNFQXKZQ4SG72ZVEVR_126_2_3_0 Label:LandscapeStreamingProxy_2_3_0 SpatiallyLoaded:1 Bounds:IsValid=true, Min=(X=0.000 Y=12600.000 Z=100.000), Max=(X=12600.000 Y=25200.000 Z=100.000) RuntimeGrid:None EditorOnly:0 RuntimeOnly:0 HLODRelevant:1 ListedInSceneOutliner:1 IsMainWorldOnly:0
 |   |   |- [+] [ 31]
 |   |   |   |- Guid:A895601647C0765B27A07D9E865AF7FA BaseClass: NativeClass:/Script/Landscape.LandscapeSplineActor Name:LandscapeSplineActor_UAID_A036BCE6AA5D82EC01_1812093260 Label:LandscapeSplineActor5 SpatiallyLoaded:1 Bounds:IsValid=true, Min=(X=-2146.716 Y=-372.949 Z=86.438), Max=(X=-86.183 Y=14585.411 Z=121.341) RuntimeGrid:None EditorOnly:0 RuntimeOnly:0 HLODRelevant:1 ListedInSceneOutliner:1 IsMainWorldOnly:0
 |   |   |- [+] [ 32]
 |   |   |   |- Guid:AC9CBAC541CA4F06A3A394AF37A725EC BaseClass: NativeClass:/Script/Engine.StaticMeshActor Name:StaticMeshActor_UAID_A4AE111137DC5EFB00_2001720423 Label:SM_SkySphere SpatiallyLoaded:0 Bounds:IsValid=true, Min=(X=-1647353.039 Y=-1645096.562 Z=-1635845.767), Max=(X=1629446.961 Y=1631703.438 Z=1640954.233) RuntimeGrid:None EditorOnly:0 RuntimeOnly:0 HLODRelevant:1 ListedInSceneOutliner:1 IsMainWorldOnly:0 FolderPath:Lighting FolderGuid:0BA5F0A04EADB18E70D5B180D08FA34B
 |   |   |- [+] [ 33]
 |   |   |   |- Guid:B06AAFB64377952568A7138A1DE13A1C BaseClass: NativeClass:/Script/Landscape.LandscapeSplineActor Name:LandscapeSplineActor_UAID_A036BCE6AA5DBDE901_1501484471 Label:LandscapeSplineActor3 SpatiallyLoaded:1 Bounds:IsValid=true, Min=(X=893.336 Y=5322.564 Z=47.500), Max=(X=3195.598 Y=8335.751 Z=547.500) RuntimeGrid:None EditorOnly:0 RuntimeOnly:0 HLODRelevant:1 ListedInSceneOutliner:1 IsMainWorldOnly:0
 |   |   |- [+] [ 34]
 |   |   |   |- Guid:B4EB2145462B2E8E18BC158699E54F9D BaseClass: NativeClass:/Script/Landscape.LandscapeStreamingProxy Name:LandscapeStreamingProxy_0462LVULNFQXKZQ4SG72ZVEVR_126_3_3_0 Label:LandscapeStreamingProxy_3_3_0 SpatiallyLoaded:1 Bounds:IsValid=true, Min=(X=12600.000 Y=12600.000 Z=100.000), Max=(X=25200.000 Y=25200.000 Z=100.000) RuntimeGrid:None EditorOnly:0 RuntimeOnly:0 HLODRelevant:1 ListedInSceneOutliner:1 IsMainWorldOnly:0
 |   |   |- [+] [ 35]
 |   |   |   |- Guid:B50D6D0E4F24E8150FB29C81777C5436 BaseClass: NativeClass:/Script/Landscape.LandscapeStreamingProxy Name:LandscapeStreamingProxy_0462LVULNFQXKZQ4SG72ZVEVR_126_2_1_0 Label:LandscapeStreamingProxy_2_1_0 SpatiallyLoaded:1 Bounds:IsValid=true, Min=(X=0.000 Y=-12600.000 Z=100.000), Max=(X=12600.000 Y=0.000 Z=100.000) RuntimeGrid:None EditorOnly:0 RuntimeOnly:0 HLODRelevant:1 ListedInSceneOutliner:1 IsMainWorldOnly:0
 |   |   |- [+] [ 36]
 |   |   |   |- Guid:BBB9C38449E0B5DBA9042B914CFC5047 BaseClass:/Game/Blueprints/BP_Player.BP_Player_C NativeClass:/Script/Engine.Character Name:BP_Player_C_UAID_A036BCE6AA5D01F301_1159333944 Label:BP_Player SpatiallyLoaded:1 Bounds:IsValid=true, Min=(X=716.000 Y=6946.729 Z=110.000), Max=(X=1083.628 Y=7117.110 Z=343.000) RuntimeGrid:None EditorOnly:0 RuntimeOnly:0 HLODRelevant:0 ListedInSceneOutliner:1 IsMainWorldOnly:0
 |   |   |- [+] [ 37]
 |   |   |   |- Guid:C029228144BC683D26CC5D8F542BCC5D BaseClass: NativeClass:/Script/Engine.StaticMeshActor Name:StaticMeshActor_UAID_A036BCE6AA5DCCE901_1735492112 Label:S_Traffic_Cone_uhcgdgufa_lod0_Var2 SpatiallyLoaded:1 Bounds:IsValid=true, Min=(X=-287.993 Y=7462.019 Z=100.000), Max=(X=-252.010 Y=7497.993 Z=169.332) RuntimeGrid:None EditorOnly:0 RuntimeOnly:0 HLODRelevant:1 ListedInSceneOutliner:1 IsMainWorldOnly:0 FolderPath:Traffic_cones FolderGuid:7953F7314C44EEA8D45FE7A5D85CEC1D
 |   |   |- [+] [ 38]
 |   |   |   |- Guid:C3DD1D6949D51AC5EE50CCA303347517 BaseClass:/Game/things/blueprints/BP_fire.BP_fire_C NativeClass:/Script/Engine.Actor Name:BP_fire_C_UAID_A036BCE6AA5D4DEC01_1795767927 Label:BP_fire SpatiallyLoaded:1 Bounds:IsValid=true, Min=(X=795.710 Y=8671.042 Z=-461.461), Max=(X=2117.851 Y=9937.150 Z=1265.072) RuntimeGrid:None EditorOnly:0 RuntimeOnly:0 HLODRelevant:0 ListedInSceneOutliner:1 IsMainWorldOnly:0
 |   |   |- [+] [ 39]
 |   |   |   |- Guid:C75990EF48BE4EA02D6D1EA55306FD9C BaseClass: NativeClass:/Script/Landscape.LandscapeSplineActor Name:LandscapeSplineActor_UAID_A036BCE6AA5D82EC01_1731980255 Label:LandscapeSplineActor3 SpatiallyLoaded:1 Bounds:IsValid=true, Min=(X=893.336 Y=5322.564 Z=47.500), Max=(X=3195.598 Y=8335.751 Z=547.500) RuntimeGrid:None EditorOnly:0 RuntimeOnly:0 HLODRelevant:1 ListedInSceneOutliner:1 IsMainWorldOnly:0
 |   |   |- [+] [ 40]
 |   |   |   |- Guid:CA8775E94B7870464C929A8CB7C19340 BaseClass: NativeClass:/Script/Engine.SkyLight Name:SkyLight_0 Label:SkyLight SpatiallyLoaded:0 Bounds:IsValid=true, Min=(X=-5137.686 Y=1156.742 Z=5617.053), Max=(X=-5137.686 Y=1156.742 Z=5617.053) RuntimeGrid:None EditorOnly:0 RuntimeOnly:0 HLODRelevant:0 ListedInSceneOutliner:1 IsMainWorldOnly:0 FolderPath:Lighting FolderGuid:0BA5F0A04EADB18E70D5B180D08FA34B
 |   |   |- [+] [ 41]
 |   |   |   |- Guid:CBA598D840563B80DECE31AEB7CEC391 BaseClass: NativeClass:/Script/Engine.VolumetricCloud Name:VolumetricCloud_0 Label:VolumetricCloud SpatiallyLoaded:0 Bounds:IsValid=true, Min=(X=-5137.686 Y=1156.742 Z=5747.053), Max=(X=-5137.686 Y=1156.742 Z=5747.053) RuntimeGrid:None EditorOnly:0 RuntimeOnly:0 HLODRelevant:0 ListedInSceneOutliner:1 IsMainWorldOnly:0 FolderPath:Lighting FolderGuid:0BA5F0A04EADB18E70D5B180D08FA34B
 |   |   |- [+] [ 42]
 |   |   |   |- Guid:CFEEC3C44F6D6ACFEE9986BD50F4CFAD BaseClass: NativeClass:/Script/Landscape.LandscapeStreamingProxy Name:LandscapeStreamingProxy_0462LVULNFQXKZQ4SG72ZVEVR_126_3_0_0 Label:LandscapeStreamingProxy_3_0_0 SpatiallyLoaded:1 Bounds:IsValid=true, Min=(X=12600.000 Y=-25200.000 Z=100.000), Max=(X=25200.000 Y=-12600.000 Z=100.000) RuntimeGrid:None EditorOnly:0 RuntimeOnly:0 HLODRelevant:1 ListedInSceneOutliner:1 IsMainWorldOnly:0
 |   |   |- [+] [ 43]
 |   |   |   |- Guid:EC6951F340AE30957E57F98C2B0CF5CD BaseClass: NativeClass:/Script/Water.WaterZone Name:WaterZone_UAID_0025227BDF9781EB01_1588126026 Label:WaterZone SpatiallyLoaded:0 Bounds:IsValid=true, Min=(X=-24000.000 Y=-24000.000 Z=-24000.000), Max=(X=24000.000 Y=24000.000 Z=24000.000) RuntimeGrid:None EditorOnly:0 RuntimeOnly:0 HLODRelevant:0 ListedInSceneOutliner:1 IsMainWorldOnly:0 FolderPath:water FolderGuid:A9DE2FF34090B16383057D9B52C41C1E
 |   |   |- [+] [ 44]
 |   |   |   |- Guid:F54A60BC496E851422D87FAB964FBACF BaseClass: NativeClass:/Script/Landscape.LandscapeStreamingProxy Name:LandscapeStreamingProxy_0462LVULNFQXKZQ4SG72ZVEVR_126_3_1_0 Label:LandscapeStreamingProxy_3_1_0 SpatiallyLoaded:1 Bounds:IsValid=true, Min=(X=12600.000 Y=-12600.000 Z=100.000), Max=(X=25200.000 Y=0.000 Z=100.000) RuntimeGrid:None EditorOnly:0 RuntimeOnly:0 HLODRelevant:1 ListedInSceneOutliner:1 IsMainWorldOnly:0
 |   |   |- [+] [ 45]
 |   |   |   |- Guid:F7F5DA6A40929390DC40F689DCBCBBA7 BaseClass: NativeClass:/Script/Engine.StaticMeshActor Name:StaticMeshActor_UAID_A036BCE6AA5DCCE901_1663817111 Label:S_Traffic_Cone_uhcgdgufa_lod0_Var1 SpatiallyLoaded:1 Bounds:IsValid=true, Min=(X=238.359 Y=7500.487 Z=110.100), Max=(X=274.342 Y=7536.461 Z=179.432) RuntimeGrid:None EditorOnly:0 RuntimeOnly:0 HLODRelevant:1 ListedInSceneOutliner:1 IsMainWorldOnly:0 FolderPath:Traffic_cones FolderGuid:7953F7314C44EEA8D45FE7A5D85CEC1D
 |   |   |- [+] [ 46]
 |   |   |   |- Guid:FF56FD244639F98FEF7DA080E4E85506 BaseClass: NativeClass:/Script/Engine.StaticMeshActor Name:StaticMeshActor_UAID_A036BCE6AA5DCCE901_1768890114 Label:S_Traffic_Cone_uhcgdgufa_lod0_Var4 SpatiallyLoaded:1 Bounds:IsValid=true, Min=(X=242.007 Y=6282.019 Z=110.000), Max=(X=277.990 Y=6317.993 Z=179.332) RuntimeGrid:None EditorOnly:0 RuntimeOnly:0 HLODRelevant:1 ListedInSceneOutliner:1 IsMainWorldOnly:0 FolderPath:Traffic_cones FolderGuid:7953F7314C44EEA8D45FE7A5D85CEC1D
 |- ContainerInstances:
 |- [+] MainContainer:
 |   |-        ID: 00000000000000000000000000000000
 |   |-  ParentID: 00000000000000000000000000000000
 |   |-    Bounds: IsValid=false, Min=(X=0.000 Y=0.000 Z=0.000), Max=(X=0.000 Y=0.000 Z=0.000)
 |   |- Transform: 0.000000,0.000000,0.000000|0.000000,0.000000,-0.000000|1.000000,1.000000,1.000000
 |   |- Container: /Game/maps/levels/box
----------------------------------------------------------------------------------------------------------------
box - Persistent Level
----------------------------------------------------------------------------------------------------------------
[+] Content of box Persistent Level
 |- Always loaded Actor Count: 47 
 |- Actor Path: /Game/maps/levels/UEDPIE_0_box.box:PersistentLevel.bonfire_C_UAID_A036BCE6AA5D62F301_1398958016
 |- Actor Package: /Game/maps/levels/UEDPIE_0_box_InstanceOf_/Game/__ExternalActors__/maps/levels/box/3/OU/R55ZIIUBVG3WPZZS3GVLOA
 |- Actor Path: /Game/maps/levels/UEDPIE_0_box.box:PersistentLevel.BP_fire_C_UAID_A036BCE6AA5D4DEC01_1795767927
 |- Actor Package: /Game/maps/levels/UEDPIE_0_box_InstanceOf_/Game/__ExternalActors__/maps/levels/box/0/WI/H9MZL9C9M9N1CEVS72UWJ3
 |- Actor Path: /Game/maps/levels/UEDPIE_0_box.box:PersistentLevel.BP_Player_C_UAID_A036BCE6AA5D01F301_1159333944
 |- Actor Package: /Game/maps/levels/UEDPIE_0_box_InstanceOf_/Game/__ExternalActors__/maps/levels/box/C/OQ/QI9WGJAIA2EQJLQSNR2CAW
 |- Actor Path: /Game/maps/levels/UEDPIE_0_box.box:PersistentLevel.DirectionalLight_1
 |- Actor Package: /Game/maps/levels/UEDPIE_0_box_InstanceOf_/Game/__ExternalActors__/maps/levels/box/0/RD/O0BI3VXDRKE4ZW2J0G7F0D
 |- Actor Path: /Game/maps/levels/UEDPIE_0_box.box:PersistentLevel.dummy_C_UAID_A036BCE6AA5D62F301_1776443017
 |- Actor Package: /Game/maps/levels/UEDPIE_0_box_InstanceOf_/Game/__ExternalActors__/maps/levels/box/A/DY/PRRPOL4H0TPAWKAKLERD11
 |- Actor Path: /Game/maps/levels/UEDPIE_0_box.box:PersistentLevel.ExponentialHeightFog_0
 |- Actor Package: /Game/maps/levels/UEDPIE_0_box_InstanceOf_/Game/__ExternalActors__/maps/levels/box/A/ZR/HV2QBY8N4SWF8B3EDFTHTM
 |- Actor Path: /Game/maps/levels/UEDPIE_0_box.box:PersistentLevel.Landscape_UAID_A036BCE6AA5D7CE901_1862639031
 |- Actor Package: /Game/maps/levels/UEDPIE_0_box_InstanceOf_/Game/__ExternalActors__/maps/levels/box/5/RI/OXVFP2PIWDN6D2MZITL3EA
 |- Actor Path: /Game/maps/levels/UEDPIE_0_box.box:PersistentLevel.Landscape_UAID_A036BCE6AA5D82EC01_1759249259
 |- Actor Package: /Game/maps/levels/UEDPIE_0_box_InstanceOf_/Game/__ExternalActors__/maps/levels/box/0/3L/B5L4VWGKKQONEJ6NGUG1MI
 |- Actor Path: /Game/maps/levels/UEDPIE_0_box.box:PersistentLevel.LandscapeSplineActor_UAID_A036BCE6AA5D03EA01_1454308794
 |- Actor Package: /Game/maps/levels/UEDPIE_0_box_InstanceOf_/Game/__ExternalActors__/maps/levels/box/2/0P/76W2DHTZMAEKVK5QVD6OU2
 |- Actor Path: /Game/maps/levels/UEDPIE_0_box.box:PersistentLevel.LandscapeSplineActor_UAID_A036BCE6AA5D82EC01_1731980255
 |- Actor Package: /Game/maps/levels/UEDPIE_0_box_InstanceOf_/Game/__ExternalActors__/maps/levels/box/D/1B/P50LCN74YPVH1TCCZ69NCA
 |- Actor Path: /Game/maps/levels/UEDPIE_0_box.box:PersistentLevel.LandscapeSplineActor_UAID_A036BCE6AA5D82EC01_1731981256
 |- Actor Package: /Game/maps/levels/UEDPIE_0_box_InstanceOf_/Game/__ExternalActors__/maps/levels/box/C/48/UT9B3ULS5ERRVLP8TCDKFP
 |- Actor Path: /Game/maps/levels/UEDPIE_0_box.box:PersistentLevel.LandscapeSplineActor_UAID_A036BCE6AA5D82EC01_1731982257
 |- Actor Package: /Game/maps/levels/UEDPIE_0_box_InstanceOf_/Game/__ExternalActors__/maps/levels/box/8/HR/GDANH3WK6RD7ZBEBKJRFQ9
 |- Actor Path: /Game/maps/levels/UEDPIE_0_box.box:PersistentLevel.LandscapeSplineActor_UAID_A036BCE6AA5D82EC01_1731983258
 |- Actor Package: /Game/maps/levels/UEDPIE_0_box_InstanceOf_/Game/__ExternalActors__/maps/levels/box/D/ED/Z5V1SH4U0IHY8RUW5O1KPE
 |- Actor Path: /Game/maps/levels/UEDPIE_0_box.box:PersistentLevel.LandscapeSplineActor_UAID_A036BCE6AA5D82EC01_1812093260
 |- Actor Package: /Game/maps/levels/UEDPIE_0_box_InstanceOf_/Game/__ExternalActors__/maps/levels/box/8/4G/CMOFLTI6O947HIZSRZNTH0
 |- Actor Path: /Game/maps/levels/UEDPIE_0_box.box:PersistentLevel.LandscapeSplineActor_UAID_A036BCE6AA5D84E901_1693417449
 |- Actor Package: /Game/maps/levels/UEDPIE_0_box_InstanceOf_/Game/__ExternalActors__/maps/levels/box/D/T1/UMR9DHLSZ2GF4C7PW3ZJNT
 |- Actor Path: /Game/maps/levels/UEDPIE_0_box.box:PersistentLevel.LandscapeSplineActor_UAID_A036BCE6AA5D88E901_1294654146
 |- Actor Package: /Game/maps/levels/UEDPIE_0_box_InstanceOf_/Game/__ExternalActors__/maps/levels/box/9/83/48Q0S19G1M9LVG407VX9G9
 |- Actor Path: /Game/maps/levels/UEDPIE_0_box.box:PersistentLevel.LandscapeSplineActor_UAID_A036BCE6AA5DBDE901_1501484471
 |- Actor Package: /Game/maps/levels/UEDPIE_0_box_InstanceOf_/Game/__ExternalActors__/maps/levels/box/0/55/T1G3UKNOE2VMH9KAXDGFTN
 |- Actor Path: /Game/maps/levels/UEDPIE_0_box.box:PersistentLevel.LandscapeStreamingProxy_0462LVULNFQXKZQ4SG72ZVEVR_126_0_0_0
 |- Actor Package: /Game/maps/levels/UEDPIE_0_box_InstanceOf_/Game/__ExternalActors__/maps/levels/box/A/XT/EHWH26KDA6S8K0O13LSCQ9
 |- Actor Path: /Game/maps/levels/UEDPIE_0_box.box:PersistentLevel.LandscapeStreamingProxy_0462LVULNFQXKZQ4SG72ZVEVR_126_0_1_0
 |- Actor Package: /Game/maps/levels/UEDPIE_0_box_InstanceOf_/Game/__ExternalActors__/maps/levels/box/E/KM/5B9JK2KVJASKDXZ46ZYYR3
 |- Actor Path: /Game/maps/levels/UEDPIE_0_box.box:PersistentLevel.LandscapeStreamingProxy_0462LVULNFQXKZQ4SG72ZVEVR_126_0_2_0
 |- Actor Package: /Game/maps/levels/UEDPIE_0_box_InstanceOf_/Game/__ExternalActors__/maps/levels/box/C/FP/DXRTQO9KTGG3BDFVJNR8QF
 |- Actor Path: /Game/maps/levels/UEDPIE_0_box.box:PersistentLevel.LandscapeStreamingProxy_0462LVULNFQXKZQ4SG72ZVEVR_126_0_3_0
 |- Actor Package: /Game/maps/levels/UEDPIE_0_box_InstanceOf_/Game/__ExternalActors__/maps/levels/box/7/6J/T6KYC5VLHOC3VU90E1OI98
 |- Actor Path: /Game/maps/levels/UEDPIE_0_box.box:PersistentLevel.LandscapeStreamingProxy_0462LVULNFQXKZQ4SG72ZVEVR_126_1_0_0
 |- Actor Package: /Game/maps/levels/UEDPIE_0_box_InstanceOf_/Game/__ExternalActors__/maps/levels/box/7/79/OCJ8LW2JTOOOS84LQEMABF
 |- Actor Path: /Game/maps/levels/UEDPIE_0_box.box:PersistentLevel.LandscapeStreamingProxy_0462LVULNFQXKZQ4SG72ZVEVR_126_1_1_0
 |- Actor Package: /Game/maps/levels/UEDPIE_0_box_InstanceOf_/Game/__ExternalActors__/maps/levels/box/0/5A/8YROAVVIXGOQTERMOWDQMI
 |- Actor Path: /Game/maps/levels/UEDPIE_0_box.box:PersistentLevel.LandscapeStreamingProxy_0462LVULNFQXKZQ4SG72ZVEVR_126_1_2_0
 |- Actor Package: /Game/maps/levels/UEDPIE_0_box_InstanceOf_/Game/__ExternalActors__/maps/levels/box/3/B3/HL0OLLIMOABPUED8STVM1Z
 |- Actor Path: /Game/maps/levels/UEDPIE_0_box.box:PersistentLevel.LandscapeStreamingProxy_0462LVULNFQXKZQ4SG72ZVEVR_126_1_3_0
 |- Actor Package: /Game/maps/levels/UEDPIE_0_box_InstanceOf_/Game/__ExternalActors__/maps/levels/box/9/UU/7LHF83B1L779LDWEXY2ALF
 |- Actor Path: /Game/maps/levels/UEDPIE_0_box.box:PersistentLevel.LandscapeStreamingProxy_0462LVULNFQXKZQ4SG72ZVEVR_126_2_0_0
 |- Actor Package: /Game/maps/levels/UEDPIE_0_box_InstanceOf_/Game/__ExternalActors__/maps/levels/box/E/J4/5GOXUIJJ7LIORI4OH4GAKO
 |- Actor Path: /Game/maps/levels/UEDPIE_0_box.box:PersistentLevel.LandscapeStreamingProxy_0462LVULNFQXKZQ4SG72ZVEVR_126_2_1_0
 |- Actor Package: /Game/maps/levels/UEDPIE_0_box_InstanceOf_/Game/__ExternalActors__/maps/levels/box/8/FV/42YCWDOHB5OTANE5PET4R6
 |- Actor Path: /Game/maps/levels/UEDPIE_0_box.box:PersistentLevel.LandscapeStreamingProxy_0462LVULNFQXKZQ4SG72ZVEVR_126_2_2_0
 |- Actor Package: /Game/maps/levels/UEDPIE_0_box_InstanceOf_/Game/__ExternalActors__/maps/levels/box/C/W5/1FF82RCY0B1IKYULV61P18
 |- Actor Path: /Game/maps/levels/UEDPIE_0_box.box:PersistentLevel.LandscapeStreamingProxy_0462LVULNFQXKZQ4SG72ZVEVR_126_2_3_0
 |- Actor Package: /Game/maps/levels/UEDPIE_0_box_InstanceOf_/Game/__ExternalActors__/maps/levels/box/B/YB/XK8PHTC15RE0RITU8524LL
 |- Actor Path: /Game/maps/levels/UEDPIE_0_box.box:PersistentLevel.LandscapeStreamingProxy_0462LVULNFQXKZQ4SG72ZVEVR_126_3_0_0
 |- Actor Package: /Game/maps/levels/UEDPIE_0_box_InstanceOf_/Game/__ExternalActors__/maps/levels/box/4/ES/EVS4W6T7KLIM41U7TFQBVD
 |- Actor Path: /Game/maps/levels/UEDPIE_0_box.box:PersistentLevel.LandscapeStreamingProxy_0462LVULNFQXKZQ4SG72ZVEVR_126_3_1_0
 |- Actor Package: /Game/maps/levels/UEDPIE_0_box_InstanceOf_/Game/__ExternalActors__/maps/levels/box/8/EY/YFLKIMKJRR2WK7QX47S9ZQ
 |- Actor Path: /Game/maps/levels/UEDPIE_0_box.box:PersistentLevel.LandscapeStreamingProxy_0462LVULNFQXKZQ4SG72ZVEVR_126_3_2_0
 |- Actor Package: /Game/maps/levels/UEDPIE_0_box_InstanceOf_/Game/__ExternalActors__/maps/levels/box/B/C7/OVTW3RI4787SAXLSZ38SD5
 |- Actor Path: /Game/maps/levels/UEDPIE_0_box.box:PersistentLevel.LandscapeStreamingProxy_0462LVULNFQXKZQ4SG72ZVEVR_126_3_3_0
 |- Actor Package: /Game/maps/levels/UEDPIE_0_box_InstanceOf_/Game/__ExternalActors__/maps/levels/box/C/FT/4SXF5UN7T19QCYFCW7UG5K
 |- Actor Path: /Game/maps/levels/UEDPIE_0_box.box:PersistentLevel.PlayerStart_UAID_A036BCE6AA5D83EC01_1744600438
 |- Actor Package: /Game/maps/levels/UEDPIE_0_box_InstanceOf_/Game/__ExternalActors__/maps/levels/box/F/1U/3MI5MCDXAOULW1JJPAM5UZ
 |- Actor Path: /Game/maps/levels/UEDPIE_0_box.box:PersistentLevel.PostProcessVolume_0
 |- Actor Package: /Game/maps/levels/UEDPIE_0_box_InstanceOf_/Game/__ExternalActors__/maps/levels/box/9/6E/O4V41KGEASW1I1V1EN5X6P
 |- Actor Path: /Game/maps/levels/UEDPIE_0_box.box:PersistentLevel.SkyAtmosphere_0
 |- Actor Package: /Game/maps/levels/UEDPIE_0_box_InstanceOf_/Game/__ExternalActors__/maps/levels/box/2/0S/9OIRYFTTTBONJBEE3DYQ8E
 |- Actor Path: /Game/maps/levels/UEDPIE_0_box.box:PersistentLevel.SkyLight_0
 |- Actor Package: /Game/maps/levels/UEDPIE_0_box_InstanceOf_/Game/__ExternalActors__/maps/levels/box/A/IX/4SGH0CW3KU4KG2NTENCXA8
 |- Actor Path: /Game/maps/levels/UEDPIE_0_box.box:PersistentLevel.StaticMeshActor_UAID_A036BCE6AA5D01F301_1159327943
 |- Actor Package: /Game/maps/levels/UEDPIE_0_box_InstanceOf_/Game/__ExternalActors__/maps/levels/box/0/7W/Y0VUQ0334YG5J36OYBP2E5
 |- Actor Path: /Game/maps/levels/UEDPIE_0_box.box:PersistentLevel.StaticMeshActor_UAID_A036BCE6AA5D17F101_1648414703
 |- Actor Package: /Game/maps/levels/UEDPIE_0_box_InstanceOf_/Game/__ExternalActors__/maps/levels/box/E/VS/KEY8JCTUD94ZWI18OJH9OJ
 |- Actor Path: /Game/maps/levels/UEDPIE_0_box.box:PersistentLevel.StaticMeshActor_UAID_A036BCE6AA5DCCE901_1663817111
 |- Actor Package: /Game/maps/levels/UEDPIE_0_box_InstanceOf_/Game/__ExternalActors__/maps/levels/box/9/W7/A0F4KEIXZMP1S4F8MIEWB7
 |- Actor Path: /Game/maps/levels/UEDPIE_0_box.box:PersistentLevel.StaticMeshActor_UAID_A036BCE6AA5DCCE901_1735492112
 |- Actor Package: /Game/maps/levels/UEDPIE_0_box_InstanceOf_/Game/__ExternalActors__/maps/levels/box/0/GS/PAKS29RUYSW5M996BJAUB1
 |- Actor Path: /Game/maps/levels/UEDPIE_0_box.box:PersistentLevel.StaticMeshActor_UAID_A036BCE6AA5DCCE901_1740731113
 |- Actor Package: /Game/maps/levels/UEDPIE_0_box_InstanceOf_/Game/__ExternalActors__/maps/levels/box/4/BN/WV06SWE9GWPEOPQR7SMJU2
 |- Actor Path: /Game/maps/levels/UEDPIE_0_box.box:PersistentLevel.StaticMeshActor_UAID_A036BCE6AA5DCCE901_1768890114
 |- Actor Package: /Game/maps/levels/UEDPIE_0_box_InstanceOf_/Game/__ExternalActors__/maps/levels/box/9/RP/QZPJYHGQZIG56XIY3JMN1A
 |- Actor Path: /Game/maps/levels/UEDPIE_0_box.box:PersistentLevel.StaticMeshActor_UAID_A4AE111137DC5EFB00_2001720423
 |- Actor Package: /Game/maps/levels/UEDPIE_0_box_InstanceOf_/Game/__ExternalActors__/maps/levels/box/2/BN/DDD5BRQPB75CK9YSFS4O73
 |- Actor Path: /Game/maps/levels/UEDPIE_0_box.box:PersistentLevel.VolumetricCloud_0
 |- Actor Package: /Game/maps/levels/UEDPIE_0_box_InstanceOf_/Game/__ExternalActors__/maps/levels/box/C/NR/X5J0BZVT824IRFO74R4EM7
 |- Actor Path: /Game/maps/levels/UEDPIE_0_box.box:PersistentLevel.WaterZone_UAID_0025227BDF9781EB01_1588126026
 |- Actor Package: /Game/maps/levels/UEDPIE_0_box_InstanceOf_/Game/__ExternalActors__/maps/levels/box/3/T7/83YL6FC0PYY5NAZKH59WI3
 |- Actor Path: /Game/maps/levels/UEDPIE_0_box.box:PersistentLevel.WorldDataLayers
 |- Actor Package: /Game/maps/levels/UEDPIE_0_box

----------------------------------------------------------------------------------------------------------------
box - Runtime Spatial Hash
----------------------------------------------------------------------------------------------------------------
[+] StreamingGrids
 |- [+] MainGrid
 |   |-             Origin: X=0.000 Y=0.000 Z=0.000
 |   |-          Cell Size: 12800
 |   |-       World Bounds: IsValid=false, Min=(X=0.000 Y=0.000 Z=0.000), Max=(X=0.000 Y=0.000 Z=0.000)
 |   |-      Loading Range: 25600.00
 |   |- Block Slow Loading: No
 |   |-  ClientOnlyVisible: No
 |   |- 
 |   |- [+] Grid Levels: 1
 |   |   |- Level  0: Cell Count    0 | Cell Size   12800 | Actor Count    0 (0.0%)
 |   |- 
 |   |- [+] Content of Grid Level 0
 |   |- 
