[+] Containers:
 |- [+] Container: /Game/maps/levels/box
 |   |- [+] ActorDescs:
 |   |   |- Guid:02B11C2349C0971E09D959B5BD66A8E5 BaseClass: NativeClass:/Script/Engine.DirectionalLight Name:DirectionalLight_1 Label:DirectionalLight SpatiallyLoaded:0 Bounds:IsValid=true, Min=(X=-4398046511104.000 Y=-4398046511104.000 Z=-4398046511104.000), Max=(X=4398046511104.000 Y=4398046511104.000 Z=4398046511104.000) RuntimeGrid:None EditorOnly:0 RuntimeOnly:0 HLODRelevant:0 ListedInSceneOutliner:1 IsMainWorldOnly:0 FolderPath:Lighting FolderGuid:0BA5F0A04EADB18E70D5B180D08FA34B
 |   |   |- Guid:047CE7AE4A8DF54DE68B869B545DFD97 BaseClass: NativeClass:/Script/Landscape.LandscapeStreamingProxy Name:LandscapeStreamingProxy_0462LVULNFQXKZQ4SG72ZVEVR_126_1_0_0 Label:LandscapeStreamingProxy_1_0_0 SpatiallyLoaded:1 Bounds:IsValid=true, Min=(X=-12600.000 Y=-25200.000 Z=0.000), Max=(X=0.000 Y=-12600.000 Z=200.000) RuntimeGrid:None EditorOnly:0 RuntimeOnly:0 HLODRelevant:1 ListedInSceneOutliner:1 IsMainWorldOnly:0
 |   |   |- Guid:09AE5A4E4FDF9F4BCB6CC591E8F9FE55 BaseClass: NativeClass:/Script/Engine.StaticMeshActor Name:StaticMeshActor_UAID_888888888788F0EA01_1253889503 Label:Cube2 SpatiallyLoaded:1 Bounds:IsValid=true, Min=(X=2989.034 Y=10853.383 Z=113.592), Max=(X=3089.034 Y=10953.383 Z=213.592) RuntimeGrid:None EditorOnly:0 RuntimeOnly:0 HLODRelevant:1 ListedInSceneOutliner:1 IsMainWorldOnly:0
 |   |   |- Guid:1384B86142C519AD5353DBBA31A6962B BaseClass: NativeClass:/Script/Landscape.LandscapeSplineActor Name:LandscapeSplineActor_UAID_A036BCE6AA5D88E901_1294654146 Label:LandscapeSplineActor SpatiallyLoaded:1 Bounds:IsValid=true, Min=(X=-6740.724 Y=-338.454 Z=41.675), Max=(X=-79.354 Y=14792.595 Z=668.275) RuntimeGrid:None EditorOnly:0 RuntimeOnly:0 HLODRelevant:1 ListedInSceneOutliner:1 IsMainWorldOnly:0
 |   |   |- Guid:1A8EB2F44D841E29D450D9A2021E49D5 BaseClass: NativeClass:/Script/Engine.StaticMeshActor Name:StaticMeshActor_UAID_888888888788F0EA01_1364448504 Label:Sphere SpatiallyLoaded:1 Bounds:IsValid=true, Min=(X=2983.822 Y=11167.968 Z=156.566), Max=(X=3083.822 Y=11267.968 Z=256.566) RuntimeGrid:None EditorOnly:0 RuntimeOnly:0 HLODRelevant:1 ListedInSceneOutliner:1 IsMainWorldOnly:0
 |   |   |- Guid:1BF721954DA510E35B3EED852ADAF166 BaseClass: NativeClass:/Script/Landscape.LandscapeStreamingProxy Name:LandscapeStreamingProxy_0462LVULNFQXKZQ4SG72ZVEVR_126_0_2_0 Label:LandscapeStreamingProxy_0_2_0 SpatiallyLoaded:1 Bounds:IsValid=true, Min=(X=-25200.000 Y=0.000 Z=0.000), Max=(X=-12600.000 Y=12600.000 Z=200.000) RuntimeGrid:None EditorOnly:0 RuntimeOnly:0 HLODRelevant:1 ListedInSceneOutliner:1 IsMainWorldOnly:0
 |   |   |- Guid:1E90CE8341749DC18350DC9E09A08A28 BaseClass: NativeClass:/Script/Landscape.LandscapeStreamingProxy Name:LandscapeStreamingProxy_0462LVULNFQXKZQ4SG72ZVEVR_126_0_1_0 Label:LandscapeStreamingProxy_0_1_0 SpatiallyLoaded:1 Bounds:IsValid=true, Min=(X=-25200.000 Y=-12600.000 Z=0.000), Max=(X=-12600.000 Y=0.000 Z=200.000) RuntimeGrid:None EditorOnly:0 RuntimeOnly:0 HLODRelevant:1 ListedInSceneOutliner:1 IsMainWorldOnly:0
 |   |   |- Guid:27D4A982459AC641915E03A7C2C5B46B BaseClass: NativeClass:/Script/Landscape.LandscapeStreamingProxy Name:LandscapeStreamingProxy_0462LVULNFQXKZQ4SG72ZVEVR_126_3_2_0 Label:LandscapeStreamingProxy_3_2_0 SpatiallyLoaded:1 Bounds:IsValid=true, Min=(X=12600.000 Y=0.000 Z=0.000), Max=(X=25200.000 Y=12600.000 Z=200.000) RuntimeGrid:None EditorOnly:0 RuntimeOnly:0 HLODRelevant:1 ListedInSceneOutliner:1 IsMainWorldOnly:0
 |   |   |- Guid:3937EC804D6ADC6ADB7EF092680CF05F BaseClass: NativeClass:/Script/Landscape.LandscapeStreamingProxy Name:LandscapeStreamingProxy_0462LVULNFQXKZQ4SG72ZVEVR_126_2_0_0 Label:LandscapeStreamingProxy_2_0_0 SpatiallyLoaded:1 Bounds:IsValid=true, Min=(X=0.000 Y=-25200.000 Z=0.000), Max=(X=12600.000 Y=-12600.000 Z=200.000) RuntimeGrid:None EditorOnly:0 RuntimeOnly:0 HLODRelevant:1 ListedInSceneOutliner:1 IsMainWorldOnly:0
 |   |   |- Guid:3B32CCF44D51BF8B0FB87A952CAA0427 BaseClass: NativeClass:/Script/Landscape.LandscapeStreamingProxy Name:LandscapeStreamingProxy_0462LVULNFQXKZQ4SG72ZVEVR_126_1_2_0 Label:LandscapeStreamingProxy_1_2_0 SpatiallyLoaded:1 Bounds:IsValid=true, Min=(X=-12600.000 Y=0.000 Z=0.000), Max=(X=0.000 Y=12600.000 Z=200.000) RuntimeGrid:None EditorOnly:0 RuntimeOnly:0 HLODRelevant:1 ListedInSceneOutliner:1 IsMainWorldOnly:0
 |   |   |- Guid:46DE7EE349A8DFB7595524935FF99CA8 BaseClass: NativeClass:/Script/Landscape.LandscapeStreamingProxy Name:LandscapeStreamingProxy_0462LVULNFQXKZQ4SG72ZVEVR_126_2_2_0 Label:LandscapeStreamingProxy_2_2_0 SpatiallyLoaded:1 Bounds:IsValid=true, Min=(X=0.000 Y=0.000 Z=-3.094), Max=(X=12600.000 Y=12600.000 Z=200.000) RuntimeGrid:None EditorOnly:0 RuntimeOnly:0 HLODRelevant:1 ListedInSceneOutliner:1 IsMainWorldOnly:0
 |   |   |- Guid:4CBA2B924A9A97742EC3B489E7BE4ECB BaseClass: NativeClass:/Script/Engine.PostProcessVolume Name:PostProcessVolume_0 Label:PostProcessVolume SpatiallyLoaded:0 Bounds:IsValid=true, Min=(X=-5137.686 Y=1156.742 Z=5327.053), Max=(X=-4937.686 Y=1356.742 Z=5527.053) RuntimeGrid:None EditorOnly:0 RuntimeOnly:0 HLODRelevant:0 ListedInSceneOutliner:1 IsMainWorldOnly:0 FolderPath:Lighting FolderGuid:0BA5F0A04EADB18E70D5B180D08FA34B
 |   |   |- Guid:4D00ADBB47F6976C926FE095F060A9E2 BaseClass: NativeClass:/Script/Engine.ExponentialHeightFog Name:ExponentialHeightFog_0 Label:ExponentialHeightFog SpatiallyLoaded:0 Bounds:IsValid=true, Min=(X=-9925.986 Y=-1331.458 Z=6881.228), Max=(X=-9925.986 Y=-1331.458 Z=6881.228) RuntimeGrid:None EditorOnly:0 RuntimeOnly:0 HLODRelevant:0 ListedInSceneOutliner:1 IsMainWorldOnly:0 FolderPath:Lighting FolderGuid:0BA5F0A04EADB18E70D5B180D08FA34B
 |   |   |- Guid:543CEA5045D7205C26FB5993428CA22E BaseClass: NativeClass:/Script/Landscape.LandscapeStreamingProxy Name:LandscapeStreamingProxy_0462LVULNFQXKZQ4SG72ZVEVR_126_1_1_0 Label:LandscapeStreamingProxy_1_1_0 SpatiallyLoaded:1 Bounds:IsValid=true, Min=(X=-12600.000 Y=-12600.000 Z=0.000), Max=(X=0.000 Y=0.000 Z=200.000) RuntimeGrid:None EditorOnly:0 RuntimeOnly:0 HLODRelevant:1 ListedInSceneOutliner:1 IsMainWorldOnly:0
 |   |   |- Guid:5C11BEE34341F79D6BFB408ADC1B34F2 BaseClass: NativeClass:/Script/Landscape.Landscape Name:Landscape_UAID_A036BCE6AA5D7CE901_1862639031 Label:Ground SpatiallyLoaded:0 Bounds:IsValid=true, Min=(X=-25200.000 Y=-25200.000 Z=100.000), Max=(X=-25200.000 Y=-25200.000 Z=100.000) RuntimeGrid:None EditorOnly:0 RuntimeOnly:0 HLODRelevant:0 ListedInSceneOutliner:1 IsMainWorldOnly:0
 |   |   |- Guid:5CA50B354B711FE931A9AEAD4F32BC34 BaseClass: NativeClass:/Script/Landscape.LandscapeStreamingProxy Name:LandscapeStreamingProxy_0462LVULNFQXKZQ4SG72ZVEVR_126_0_3_0 Label:LandscapeStreamingProxy_0_3_0 SpatiallyLoaded:1 Bounds:IsValid=true, Min=(X=-25200.000 Y=12600.000 Z=0.000), Max=(X=-12600.000 Y=25200.000 Z=200.000) RuntimeGrid:None EditorOnly:0 RuntimeOnly:0 HLODRelevant:1 ListedInSceneOutliner:1 IsMainWorldOnly:0
 |   |   |- Guid:67A50FBA4995A6AE7049DF9A76BBC2C2 BaseClass: NativeClass:/Script/Landscape.LandscapeStreamingProxy Name:LandscapeStreamingProxy_0462LVULNFQXKZQ4SG72ZVEVR_126_0_0_0 Label:LandscapeStreamingProxy_0_0_0 SpatiallyLoaded:1 Bounds:IsValid=true, Min=(X=-25200.000 Y=-25200.000 Z=0.000), Max=(X=-12600.000 Y=-12600.000 Z=200.000) RuntimeGrid:None EditorOnly:0 RuntimeOnly:0 HLODRelevant:1 ListedInSceneOutliner:1 IsMainWorldOnly:0
 |   |   |- Guid:6B123EEC473BF2A9638F7DA7303705E9 BaseClass: NativeClass:/Script/Engine.SkyAtmosphere Name:SkyAtmosphere_0 Label:SkyAtmosphere SpatiallyLoaded:0 Bounds:IsValid=true, Min=(X=-5137.686 Y=1156.742 Z=5947.053), Max=(X=-5137.686 Y=1156.742 Z=5947.053) RuntimeGrid:None EditorOnly:0 RuntimeOnly:0 HLODRelevant:0 ListedInSceneOutliner:1 IsMainWorldOnly:0 FolderPath:Lighting FolderGuid:0BA5F0A04EADB18E70D5B180D08FA34B
 |   |   |- Guid:6F22AC394FB515DB86DF0AAD3E77AC80 BaseClass: NativeClass:/Script/Landscape.LandscapeStreamingProxy Name:LandscapeStreamingProxy_0462LVULNFQXKZQ4SG72ZVEVR_126_1_3_0 Label:LandscapeStreamingProxy_1_3_0 SpatiallyLoaded:1 Bounds:IsValid=true, Min=(X=-12600.000 Y=12600.000 Z=0.000), Max=(X=0.000 Y=25200.000 Z=200.000) RuntimeGrid:None EditorOnly:0 RuntimeOnly:0 HLODRelevant:1 ListedInSceneOutliner:1 IsMainWorldOnly:0
 |   |   |- Guid:720C58B44ADDDF1A73A47B9A9DA534B7 BaseClass:/Game/things/objects/Cars/fire_truck/FbxScene_Fire_truck.FbxScene_Fire_truck_C NativeClass:/Script/Engine.Actor Name:FbxScene_Fire_truck_C_UAID_A036BCE6AA5DC3E901_1366460538 Label:FbxScene_Fire_truck SpatiallyLoaded:1 Bounds:IsValid=true, Min=(X=-172.301 Y=6506.130 Z=98.978), Max=(X=164.871 Y=7397.599 Z=405.584) RuntimeGrid:None EditorOnly:0 RuntimeOnly:0 HLODRelevant:1 ListedInSceneOutliner:1 IsMainWorldOnly:0 FolderPath:Fire_truck FolderGuid:D270CBC7475D1111E87DEC8F9315BB06
 |   |   |- Guid:7E0AA7B7414883651008129318B4DAB7 BaseClass: NativeClass:/Script/Engine.PlayerStart Name:PlayerStart_0 Label:PlayerStart SpatiallyLoaded:0 Bounds:IsValid=true, Min=(X=198.458 Y=6797.205 Z=180.000), Max=(X=278.458 Y=6877.205 Z=364.000) RuntimeGrid:None EditorOnly:0 RuntimeOnly:0 HLODRelevant:0 ListedInSceneOutliner:1 IsMainWorldOnly:0
 |   |   |- Guid:843C4ECB4A653E39E185D091CA11C4DB BaseClass: NativeClass:/Script/Engine.WorldDataLayers Name:WorldDataLayers Label:WorldDataLayers SpatiallyLoaded:0 Bounds:Invalid RuntimeGrid:None EditorOnly:0 RuntimeOnly:0 HLODRelevant:0 ListedInSceneOutliner:1 IsMainWorldOnly:1
 |   |   |- Guid:8BAB7A6E44A85E81CF4B0DB8AFACAEDE BaseClass: NativeClass:/Script/Landscape.LandscapeSplineActor Name:LandscapeSplineActor_UAID_A036BCE6AA5D03EA01_1454308794 Label:LandscapeSplineActor4 SpatiallyLoaded:1 Bounds:IsValid=true, Min=(X=-892.796 Y=-372.949 Z=86.438), Max=(X=1167.737 Y=14585.411 Z=121.341) RuntimeGrid:None EditorOnly:0 RuntimeOnly:0 HLODRelevant:1 ListedInSceneOutliner:1 IsMainWorldOnly:0
 |   |   |- Guid:8CF6939940DF7E85354FE1BF2C4F92D9 BaseClass: NativeClass:/Script/Landscape.LandscapeSplineActor Name:LandscapeSplineActor_UAID_A036BCE6AA5D84E901_1693417449 Label:LandscapeSplineActor2 SpatiallyLoaded:1 Bounds:IsValid=true, Min=(X=-6745.186 Y=-2543.843 Z=-26.844), Max=(X=2146.236 Y=14867.595 Z=988.710) RuntimeGrid:None EditorOnly:0 RuntimeOnly:0 HLODRelevant:1 ListedInSceneOutliner:1 IsMainWorldOnly:0
 |   |   |- Guid:9070C7F349613562AB917CAC87C91628 BaseClass: NativeClass:/Script/Engine.StaticMeshActor Name:StaticMeshActor_UAID_A036BCE6AA5DCCE901_1740731113 Label:S_Traffic_Cone_uhcgdgufa_lod0_Var3 SpatiallyLoaded:1 Bounds:IsValid=true, Min=(X=-247.993 Y=6372.019 Z=100.000), Max=(X=-212.010 Y=6407.993 Z=169.332) RuntimeGrid:None EditorOnly:0 RuntimeOnly:0 HLODRelevant:1 ListedInSceneOutliner:1 IsMainWorldOnly:0 FolderPath:Traffic_cones FolderGuid:7953F7314C44EEA8D45FE7A5D85CEC1D
 |   |   |- Guid:A82AC57A42F52C372D9A7CAD83A174B3 BaseClass: NativeClass:/Script/Landscape.LandscapeStreamingProxy Name:LandscapeStreamingProxy_0462LVULNFQXKZQ4SG72ZVEVR_126_2_3_0 Label:LandscapeStreamingProxy_2_3_0 SpatiallyLoaded:1 Bounds:IsValid=true, Min=(X=0.000 Y=12600.000 Z=0.000), Max=(X=12600.000 Y=25200.000 Z=200.000) RuntimeGrid:None EditorOnly:0 RuntimeOnly:0 HLODRelevant:1 ListedInSceneOutliner:1 IsMainWorldOnly:0
 |   |   |- Guid:AC9CBAC541CA4F06A3A394AF37A725EC BaseClass: NativeClass:/Script/Engine.StaticMeshActor Name:StaticMeshActor_UAID_A4AE111137DC5EFB00_2001720423 Label:SM_SkySphere SpatiallyLoaded:0 Bounds:IsValid=true, Min=(X=-1647353.039 Y=-1645096.562 Z=-1635845.767), Max=(X=1629446.961 Y=1631703.438 Z=1640954.233) RuntimeGrid:None EditorOnly:0 RuntimeOnly:0 HLODRelevant:1 ListedInSceneOutliner:1 IsMainWorldOnly:0 FolderPath:Lighting FolderGuid:0BA5F0A04EADB18E70D5B180D08FA34B
 |   |   |- Guid:B06AAFB64377952568A7138A1DE13A1C BaseClass: NativeClass:/Script/Landscape.LandscapeSplineActor Name:LandscapeSplineActor_UAID_A036BCE6AA5DBDE901_1501484471 Label:LandscapeSplineActor3 SpatiallyLoaded:1 Bounds:IsValid=true, Min=(X=893.336 Y=5322.564 Z=47.500), Max=(X=3195.598 Y=8335.751 Z=547.500) RuntimeGrid:None EditorOnly:0 RuntimeOnly:0 HLODRelevant:1 ListedInSceneOutliner:1 IsMainWorldOnly:0
 |   |   |- Guid:B4EB2145462B2E8E18BC158699E54F9D BaseClass: NativeClass:/Script/Landscape.LandscapeStreamingProxy Name:LandscapeStreamingProxy_0462LVULNFQXKZQ4SG72ZVEVR_126_3_3_0 Label:LandscapeStreamingProxy_3_3_0 SpatiallyLoaded:1 Bounds:IsValid=true, Min=(X=12600.000 Y=12600.000 Z=0.000), Max=(X=25200.000 Y=25200.000 Z=200.000) RuntimeGrid:None EditorOnly:0 RuntimeOnly:0 HLODRelevant:1 ListedInSceneOutliner:1 IsMainWorldOnly:0
 |   |   |- Guid:B50D6D0E4F24E8150FB29C81777C5436 BaseClass: NativeClass:/Script/Landscape.LandscapeStreamingProxy Name:LandscapeStreamingProxy_0462LVULNFQXKZQ4SG72ZVEVR_126_2_1_0 Label:LandscapeStreamingProxy_2_1_0 SpatiallyLoaded:1 Bounds:IsValid=true, Min=(X=0.000 Y=-12600.000 Z=0.000), Max=(X=12600.000 Y=0.000 Z=200.000) RuntimeGrid:None EditorOnly:0 RuntimeOnly:0 HLODRelevant:1 ListedInSceneOutliner:1 IsMainWorldOnly:0
 |   |   |- Guid:C029228144BC683D26CC5D8F542BCC5D BaseClass: NativeClass:/Script/Engine.StaticMeshActor Name:StaticMeshActor_UAID_A036BCE6AA5DCCE901_1735492112 Label:S_Traffic_Cone_uhcgdgufa_lod0_Var2 SpatiallyLoaded:1 Bounds:IsValid=true, Min=(X=-287.993 Y=7462.019 Z=100.000), Max=(X=-252.010 Y=7497.993 Z=169.332) RuntimeGrid:None EditorOnly:0 RuntimeOnly:0 HLODRelevant:1 ListedInSceneOutliner:1 IsMainWorldOnly:0 FolderPath:Traffic_cones FolderGuid:7953F7314C44EEA8D45FE7A5D85CEC1D
 |   |   |- Guid:CA8775E94B7870464C929A8CB7C19340 BaseClass: NativeClass:/Script/Engine.SkyLight Name:SkyLight_0 Label:SkyLight SpatiallyLoaded:0 Bounds:IsValid=true, Min=(X=-5137.686 Y=1156.742 Z=5617.053), Max=(X=-5137.686 Y=1156.742 Z=5617.053) RuntimeGrid:None EditorOnly:0 RuntimeOnly:0 HLODRelevant:0 ListedInSceneOutliner:1 IsMainWorldOnly:0 FolderPath:Lighting FolderGuid:0BA5F0A04EADB18E70D5B180D08FA34B
 |   |   |- Guid:CBA598D840563B80DECE31AEB7CEC391 BaseClass: NativeClass:/Script/Engine.VolumetricCloud Name:VolumetricCloud_0 Label:VolumetricCloud SpatiallyLoaded:0 Bounds:IsValid=true, Min=(X=-5137.686 Y=1156.742 Z=5747.053), Max=(X=-5137.686 Y=1156.742 Z=5747.053) RuntimeGrid:None EditorOnly:0 RuntimeOnly:0 HLODRelevant:0 ListedInSceneOutliner:1 IsMainWorldOnly:0 FolderPath:Lighting FolderGuid:0BA5F0A04EADB18E70D5B180D08FA34B
 |   |   |- Guid:CFEEC3C44F6D6ACFEE9986BD50F4CFAD BaseClass: NativeClass:/Script/Landscape.LandscapeStreamingProxy Name:LandscapeStreamingProxy_0462LVULNFQXKZQ4SG72ZVEVR_126_3_0_0 Label:LandscapeStreamingProxy_3_0_0 SpatiallyLoaded:1 Bounds:IsValid=true, Min=(X=12600.000 Y=-25200.000 Z=0.000), Max=(X=25200.000 Y=-12600.000 Z=200.000) RuntimeGrid:None EditorOnly:0 RuntimeOnly:0 HLODRelevant:1 ListedInSceneOutliner:1 IsMainWorldOnly:0
 |   |   |- Guid:DA70661A4C1F2E37860E80BF7799EA13 BaseClass: NativeClass:/Script/Engine.StaticMeshActor Name:StaticMeshActor_UAID_A036BCE6AA5D0BEA01_1606572199 Label:Cube SpatiallyLoaded:1 Bounds:IsValid=true, Min=(X=3850.000 Y=6079.881 Z=100.000), Max=(X=4850.000 Y=7579.881 Z=1300.000) RuntimeGrid:None EditorOnly:0 RuntimeOnly:0 HLODRelevant:1 ListedInSceneOutliner:1 IsMainWorldOnly:0 FolderPath:pseudo_objects FolderGuid:007166EA47E99838FED29DBC7A58EDBE
 |   |   |- Guid:F54A60BC496E851422D87FAB964FBACF BaseClass: NativeClass:/Script/Landscape.LandscapeStreamingProxy Name:LandscapeStreamingProxy_0462LVULNFQXKZQ4SG72ZVEVR_126_3_1_0 Label:LandscapeStreamingProxy_3_1_0 SpatiallyLoaded:1 Bounds:IsValid=true, Min=(X=12600.000 Y=-12600.000 Z=0.000), Max=(X=25200.000 Y=0.000 Z=200.000) RuntimeGrid:None EditorOnly:0 RuntimeOnly:0 HLODRelevant:1 ListedInSceneOutliner:1 IsMainWorldOnly:0
 |   |   |- Guid:F7F5DA6A40929390DC40F689DCBCBBA7 BaseClass: NativeClass:/Script/Engine.StaticMeshActor Name:StaticMeshActor_UAID_A036BCE6AA5DCCE901_1663817111 Label:S_Traffic_Cone_uhcgdgufa_lod0_Var1 SpatiallyLoaded:1 Bounds:IsValid=true, Min=(X=238.359 Y=7500.487 Z=110.100), Max=(X=274.342 Y=7536.461 Z=179.432) RuntimeGrid:None EditorOnly:0 RuntimeOnly:0 HLODRelevant:1 ListedInSceneOutliner:1 IsMainWorldOnly:0 FolderPath:Traffic_cones FolderGuid:7953F7314C44EEA8D45FE7A5D85CEC1D
 |   |   |- Guid:FF56FD244639F98FEF7DA080E4E85506 BaseClass: NativeClass:/Script/Engine.StaticMeshActor Name:StaticMeshActor_UAID_A036BCE6AA5DCCE901_1768890114 Label:S_Traffic_Cone_uhcgdgufa_lod0_Var4 SpatiallyLoaded:1 Bounds:IsValid=true, Min=(X=242.007 Y=6282.019 Z=110.000), Max=(X=277.990 Y=6317.993 Z=179.332) RuntimeGrid:None EditorOnly:0 RuntimeOnly:0 HLODRelevant:1 ListedInSceneOutliner:1 IsMainWorldOnly:0 FolderPath:Traffic_cones FolderGuid:7953F7314C44EEA8D45FE7A5D85CEC1D
 |   |- [+] Clusters:
 |   |   |- [+] [  0]
 |   |   |   |- Guid:02B11C2349C0971E09D959B5BD66A8E5 BaseClass: NativeClass:/Script/Engine.DirectionalLight Name:DirectionalLight_1 Label:DirectionalLight SpatiallyLoaded:0 Bounds:IsValid=true, Min=(X=-4398046511104.000 Y=-4398046511104.000 Z=-4398046511104.000), Max=(X=4398046511104.000 Y=4398046511104.000 Z=4398046511104.000) RuntimeGrid:None EditorOnly:0 RuntimeOnly:0 HLODRelevant:0 ListedInSceneOutliner:1 IsMainWorldOnly:0 FolderPath:Lighting FolderGuid:0BA5F0A04EADB18E70D5B180D08FA34B
 |   |   |- [+] [  1]
 |   |   |   |- Guid:047CE7AE4A8DF54DE68B869B545DFD97 BaseClass: NativeClass:/Script/Landscape.LandscapeStreamingProxy Name:LandscapeStreamingProxy_0462LVULNFQXKZQ4SG72ZVEVR_126_1_0_0 Label:LandscapeStreamingProxy_1_0_0 SpatiallyLoaded:1 Bounds:IsValid=true, Min=(X=-12600.000 Y=-25200.000 Z=0.000), Max=(X=0.000 Y=-12600.000 Z=200.000) RuntimeGrid:None EditorOnly:0 RuntimeOnly:0 HLODRelevant:1 ListedInSceneOutliner:1 IsMainWorldOnly:0
 |   |   |- [+] [  2]
 |   |   |   |- Guid:09AE5A4E4FDF9F4BCB6CC591E8F9FE55 BaseClass: NativeClass:/Script/Engine.StaticMeshActor Name:StaticMeshActor_UAID_888888888788F0EA01_1253889503 Label:Cube2 SpatiallyLoaded:1 Bounds:IsValid=true, Min=(X=2989.034 Y=10853.383 Z=113.592), Max=(X=3089.034 Y=10953.383 Z=213.592) RuntimeGrid:None EditorOnly:0 RuntimeOnly:0 HLODRelevant:1 ListedInSceneOutliner:1 IsMainWorldOnly:0
 |   |   |- [+] [  3]
 |   |   |   |- Guid:1384B86142C519AD5353DBBA31A6962B BaseClass: NativeClass:/Script/Landscape.LandscapeSplineActor Name:LandscapeSplineActor_UAID_A036BCE6AA5D88E901_1294654146 Label:LandscapeSplineActor SpatiallyLoaded:1 Bounds:IsValid=true, Min=(X=-6740.724 Y=-338.454 Z=41.675), Max=(X=-79.354 Y=14792.595 Z=668.275) RuntimeGrid:None EditorOnly:0 RuntimeOnly:0 HLODRelevant:1 ListedInSceneOutliner:1 IsMainWorldOnly:0
 |   |   |- [+] [  4]
 |   |   |   |- Guid:1A8EB2F44D841E29D450D9A2021E49D5 BaseClass: NativeClass:/Script/Engine.StaticMeshActor Name:StaticMeshActor_UAID_888888888788F0EA01_1364448504 Label:Sphere SpatiallyLoaded:1 Bounds:IsValid=true, Min=(X=2983.822 Y=11167.968 Z=156.566), Max=(X=3083.822 Y=11267.968 Z=256.566) RuntimeGrid:None EditorOnly:0 RuntimeOnly:0 HLODRelevant:1 ListedInSceneOutliner:1 IsMainWorldOnly:0
 |   |   |- [+] [  5]
 |   |   |   |- Guid:1BF721954DA510E35B3EED852ADAF166 BaseClass: NativeClass:/Script/Landscape.LandscapeStreamingProxy Name:LandscapeStreamingProxy_0462LVULNFQXKZQ4SG72ZVEVR_126_0_2_0 Label:LandscapeStreamingProxy_0_2_0 SpatiallyLoaded:1 Bounds:IsValid=true, Min=(X=-25200.000 Y=0.000 Z=0.000), Max=(X=-12600.000 Y=12600.000 Z=200.000) RuntimeGrid:None EditorOnly:0 RuntimeOnly:0 HLODRelevant:1 ListedInSceneOutliner:1 IsMainWorldOnly:0
 |   |   |- [+] [  6]
 |   |   |   |- Guid:1E90CE8341749DC18350DC9E09A08A28 BaseClass: NativeClass:/Script/Landscape.LandscapeStreamingProxy Name:LandscapeStreamingProxy_0462LVULNFQXKZQ4SG72ZVEVR_126_0_1_0 Label:LandscapeStreamingProxy_0_1_0 SpatiallyLoaded:1 Bounds:IsValid=true, Min=(X=-25200.000 Y=-12600.000 Z=0.000), Max=(X=-12600.000 Y=0.000 Z=200.000) RuntimeGrid:None EditorOnly:0 RuntimeOnly:0 HLODRelevant:1 ListedInSceneOutliner:1 IsMainWorldOnly:0
 |   |   |- [+] [  7]
 |   |   |   |- Guid:27D4A982459AC641915E03A7C2C5B46B BaseClass: NativeClass:/Script/Landscape.LandscapeStreamingProxy Name:LandscapeStreamingProxy_0462LVULNFQXKZQ4SG72ZVEVR_126_3_2_0 Label:LandscapeStreamingProxy_3_2_0 SpatiallyLoaded:1 Bounds:IsValid=true, Min=(X=12600.000 Y=0.000 Z=0.000), Max=(X=25200.000 Y=12600.000 Z=200.000) RuntimeGrid:None EditorOnly:0 RuntimeOnly:0 HLODRelevant:1 ListedInSceneOutliner:1 IsMainWorldOnly:0
 |   |   |- [+] [  8]
 |   |   |   |- Guid:3937EC804D6ADC6ADB7EF092680CF05F BaseClass: NativeClass:/Script/Landscape.LandscapeStreamingProxy Name:LandscapeStreamingProxy_0462LVULNFQXKZQ4SG72ZVEVR_126_2_0_0 Label:LandscapeStreamingProxy_2_0_0 SpatiallyLoaded:1 Bounds:IsValid=true, Min=(X=0.000 Y=-25200.000 Z=0.000), Max=(X=12600.000 Y=-12600.000 Z=200.000) RuntimeGrid:None EditorOnly:0 RuntimeOnly:0 HLODRelevant:1 ListedInSceneOutliner:1 IsMainWorldOnly:0
 |   |   |- [+] [  9]
 |   |   |   |- Guid:3B32CCF44D51BF8B0FB87A952CAA0427 BaseClass: NativeClass:/Script/Landscape.LandscapeStreamingProxy Name:LandscapeStreamingProxy_0462LVULNFQXKZQ4SG72ZVEVR_126_1_2_0 Label:LandscapeStreamingProxy_1_2_0 SpatiallyLoaded:1 Bounds:IsValid=true, Min=(X=-12600.000 Y=0.000 Z=0.000), Max=(X=0.000 Y=12600.000 Z=200.000) RuntimeGrid:None EditorOnly:0 RuntimeOnly:0 HLODRelevant:1 ListedInSceneOutliner:1 IsMainWorldOnly:0
 |   |   |- [+] [ 10]
 |   |   |   |- Guid:46DE7EE349A8DFB7595524935FF99CA8 BaseClass: NativeClass:/Script/Landscape.LandscapeStreamingProxy Name:LandscapeStreamingProxy_0462LVULNFQXKZQ4SG72ZVEVR_126_2_2_0 Label:LandscapeStreamingProxy_2_2_0 SpatiallyLoaded:1 Bounds:IsValid=true, Min=(X=0.000 Y=0.000 Z=-3.094), Max=(X=12600.000 Y=12600.000 Z=200.000) RuntimeGrid:None EditorOnly:0 RuntimeOnly:0 HLODRelevant:1 ListedInSceneOutliner:1 IsMainWorldOnly:0
 |   |   |- [+] [ 11]
 |   |   |   |- Guid:4CBA2B924A9A97742EC3B489E7BE4ECB BaseClass: NativeClass:/Script/Engine.PostProcessVolume Name:PostProcessVolume_0 Label:PostProcessVolume SpatiallyLoaded:0 Bounds:IsValid=true, Min=(X=-5137.686 Y=1156.742 Z=5327.053), Max=(X=-4937.686 Y=1356.742 Z=5527.053) RuntimeGrid:None EditorOnly:0 RuntimeOnly:0 HLODRelevant:0 ListedInSceneOutliner:1 IsMainWorldOnly:0 FolderPath:Lighting FolderGuid:0BA5F0A04EADB18E70D5B180D08FA34B
 |   |   |- [+] [ 12]
 |   |   |   |- Guid:4D00ADBB47F6976C926FE095F060A9E2 BaseClass: NativeClass:/Script/Engine.ExponentialHeightFog Name:ExponentialHeightFog_0 Label:ExponentialHeightFog SpatiallyLoaded:0 Bounds:IsValid=true, Min=(X=-9925.986 Y=-1331.458 Z=6881.228), Max=(X=-9925.986 Y=-1331.458 Z=6881.228) RuntimeGrid:None EditorOnly:0 RuntimeOnly:0 HLODRelevant:0 ListedInSceneOutliner:1 IsMainWorldOnly:0 FolderPath:Lighting FolderGuid:0BA5F0A04EADB18E70D5B180D08FA34B
 |   |   |- [+] [ 13]
 |   |   |   |- Guid:543CEA5045D7205C26FB5993428CA22E BaseClass: NativeClass:/Script/Landscape.LandscapeStreamingProxy Name:LandscapeStreamingProxy_0462LVULNFQXKZQ4SG72ZVEVR_126_1_1_0 Label:LandscapeStreamingProxy_1_1_0 SpatiallyLoaded:1 Bounds:IsValid=true, Min=(X=-12600.000 Y=-12600.000 Z=0.000), Max=(X=0.000 Y=0.000 Z=200.000) RuntimeGrid:None EditorOnly:0 RuntimeOnly:0 HLODRelevant:1 ListedInSceneOutliner:1 IsMainWorldOnly:0
 |   |   |- [+] [ 14]
 |   |   |   |- Guid:5C11BEE34341F79D6BFB408ADC1B34F2 BaseClass: NativeClass:/Script/Landscape.Landscape Name:Landscape_UAID_A036BCE6AA5D7CE901_1862639031 Label:Ground SpatiallyLoaded:0 Bounds:IsValid=true, Min=(X=-25200.000 Y=-25200.000 Z=100.000), Max=(X=-25200.000 Y=-25200.000 Z=100.000) RuntimeGrid:None EditorOnly:0 RuntimeOnly:0 HLODRelevant:0 ListedInSceneOutliner:1 IsMainWorldOnly:0
 |   |   |- [+] [ 15]
 |   |   |   |- Guid:5CA50B354B711FE931A9AEAD4F32BC34 BaseClass: NativeClass:/Script/Landscape.LandscapeStreamingProxy Name:LandscapeStreamingProxy_0462LVULNFQXKZQ4SG72ZVEVR_126_0_3_0 Label:LandscapeStreamingProxy_0_3_0 SpatiallyLoaded:1 Bounds:IsValid=true, Min=(X=-25200.000 Y=12600.000 Z=0.000), Max=(X=-12600.000 Y=25200.000 Z=200.000) RuntimeGrid:None EditorOnly:0 RuntimeOnly:0 HLODRelevant:1 ListedInSceneOutliner:1 IsMainWorldOnly:0
 |   |   |- [+] [ 16]
 |   |   |   |- Guid:67A50FBA4995A6AE7049DF9A76BBC2C2 BaseClass: NativeClass:/Script/Landscape.LandscapeStreamingProxy Name:LandscapeStreamingProxy_0462LVULNFQXKZQ4SG72ZVEVR_126_0_0_0 Label:LandscapeStreamingProxy_0_0_0 SpatiallyLoaded:1 Bounds:IsValid=true, Min=(X=-25200.000 Y=-25200.000 Z=0.000), Max=(X=-12600.000 Y=-12600.000 Z=200.000) RuntimeGrid:None EditorOnly:0 RuntimeOnly:0 HLODRelevant:1 ListedInSceneOutliner:1 IsMainWorldOnly:0
 |   |   |- [+] [ 17]
 |   |   |   |- Guid:6B123EEC473BF2A9638F7DA7303705E9 BaseClass: NativeClass:/Script/Engine.SkyAtmosphere Name:SkyAtmosphere_0 Label:SkyAtmosphere SpatiallyLoaded:0 Bounds:IsValid=true, Min=(X=-5137.686 Y=1156.742 Z=5947.053), Max=(X=-5137.686 Y=1156.742 Z=5947.053) RuntimeGrid:None EditorOnly:0 RuntimeOnly:0 HLODRelevant:0 ListedInSceneOutliner:1 IsMainWorldOnly:0 FolderPath:Lighting FolderGuid:0BA5F0A04EADB18E70D5B180D08FA34B
 |   |   |- [+] [ 18]
 |   |   |   |- Guid:6F22AC394FB515DB86DF0AAD3E77AC80 BaseClass: NativeClass:/Script/Landscape.LandscapeStreamingProxy Name:LandscapeStreamingProxy_0462LVULNFQXKZQ4SG72ZVEVR_126_1_3_0 Label:LandscapeStreamingProxy_1_3_0 SpatiallyLoaded:1 Bounds:IsValid=true, Min=(X=-12600.000 Y=12600.000 Z=0.000), Max=(X=0.000 Y=25200.000 Z=200.000) RuntimeGrid:None EditorOnly:0 RuntimeOnly:0 HLODRelevant:1 ListedInSceneOutliner:1 IsMainWorldOnly:0
 |   |   |- [+] [ 19]
 |   |   |   |- Guid:720C58B44ADDDF1A73A47B9A9DA534B7 BaseClass:/Game/things/objects/Cars/fire_truck/FbxScene_Fire_truck.FbxScene_Fire_truck_C NativeClass:/Script/Engine.Actor Name:FbxScene_Fire_truck_C_UAID_A036BCE6AA5DC3E901_1366460538 Label:FbxScene_Fire_truck SpatiallyLoaded:1 Bounds:IsValid=true, Min=(X=-172.301 Y=6506.130 Z=98.978), Max=(X=164.871 Y=7397.599 Z=405.584) RuntimeGrid:None EditorOnly:0 RuntimeOnly:0 HLODRelevant:1 ListedInSceneOutliner:1 IsMainWorldOnly:0 FolderPath:Fire_truck FolderGuid:D270CBC7475D1111E87DEC8F9315BB06
 |   |   |- [+] [ 20]
 |   |   |   |- Guid:7E0AA7B7414883651008129318B4DAB7 BaseClass: NativeClass:/Script/Engine.PlayerStart Name:PlayerStart_0 Label:PlayerStart SpatiallyLoaded:0 Bounds:IsValid=true, Min=(X=198.458 Y=6797.205 Z=180.000), Max=(X=278.458 Y=6877.205 Z=364.000) RuntimeGrid:None EditorOnly:0 RuntimeOnly:0 HLODRelevant:0 ListedInSceneOutliner:1 IsMainWorldOnly:0
 |   |   |- [+] [ 21]
 |   |   |   |- Guid:843C4ECB4A653E39E185D091CA11C4DB BaseClass: NativeClass:/Script/Engine.WorldDataLayers Name:WorldDataLayers Label:WorldDataLayers SpatiallyLoaded:0 Bounds:Invalid RuntimeGrid:None EditorOnly:0 RuntimeOnly:0 HLODRelevant:0 ListedInSceneOutliner:1 IsMainWorldOnly:1
 |   |   |- [+] [ 22]
 |   |   |   |- Guid:8BAB7A6E44A85E81CF4B0DB8AFACAEDE BaseClass: NativeClass:/Script/Landscape.LandscapeSplineActor Name:LandscapeSplineActor_UAID_A036BCE6AA5D03EA01_1454308794 Label:LandscapeSplineActor4 SpatiallyLoaded:1 Bounds:IsValid=true, Min=(X=-892.796 Y=-372.949 Z=86.438), Max=(X=1167.737 Y=14585.411 Z=121.341) RuntimeGrid:None EditorOnly:0 RuntimeOnly:0 HLODRelevant:1 ListedInSceneOutliner:1 IsMainWorldOnly:0
 |   |   |- [+] [ 23]
 |   |   |   |- Guid:8CF6939940DF7E85354FE1BF2C4F92D9 BaseClass: NativeClass:/Script/Landscape.LandscapeSplineActor Name:LandscapeSplineActor_UAID_A036BCE6AA5D84E901_1693417449 Label:LandscapeSplineActor2 SpatiallyLoaded:1 Bounds:IsValid=true, Min=(X=-6745.186 Y=-2543.843 Z=-26.844), Max=(X=2146.236 Y=14867.595 Z=988.710) RuntimeGrid:None EditorOnly:0 RuntimeOnly:0 HLODRelevant:1 ListedInSceneOutliner:1 IsMainWorldOnly:0
 |   |   |- [+] [ 24]
 |   |   |   |- Guid:9070C7F349613562AB917CAC87C91628 BaseClass: NativeClass:/Script/Engine.StaticMeshActor Name:StaticMeshActor_UAID_A036BCE6AA5DCCE901_1740731113 Label:S_Traffic_Cone_uhcgdgufa_lod0_Var3 SpatiallyLoaded:1 Bounds:IsValid=true, Min=(X=-247.993 Y=6372.019 Z=100.000), Max=(X=-212.010 Y=6407.993 Z=169.332) RuntimeGrid:None EditorOnly:0 RuntimeOnly:0 HLODRelevant:1 ListedInSceneOutliner:1 IsMainWorldOnly:0 FolderPath:Traffic_cones FolderGuid:7953F7314C44EEA8D45FE7A5D85CEC1D
 |   |   |- [+] [ 25]
 |   |   |   |- Guid:A82AC57A42F52C372D9A7CAD83A174B3 BaseClass: NativeClass:/Script/Landscape.LandscapeStreamingProxy Name:LandscapeStreamingProxy_0462LVULNFQXKZQ4SG72ZVEVR_126_2_3_0 Label:LandscapeStreamingProxy_2_3_0 SpatiallyLoaded:1 Bounds:IsValid=true, Min=(X=0.000 Y=12600.000 Z=0.000), Max=(X=12600.000 Y=25200.000 Z=200.000) RuntimeGrid:None EditorOnly:0 RuntimeOnly:0 HLODRelevant:1 ListedInSceneOutliner:1 IsMainWorldOnly:0
 |   |   |- [+] [ 26]
 |   |   |   |- Guid:AC9CBAC541CA4F06A3A394AF37A725EC BaseClass: NativeClass:/Script/Engine.StaticMeshActor Name:StaticMeshActor_UAID_A4AE111137DC5EFB00_2001720423 Label:SM_SkySphere SpatiallyLoaded:0 Bounds:IsValid=true, Min=(X=-1647353.039 Y=-1645096.562 Z=-1635845.767), Max=(X=1629446.961 Y=1631703.438 Z=1640954.233) RuntimeGrid:None EditorOnly:0 RuntimeOnly:0 HLODRelevant:1 ListedInSceneOutliner:1 IsMainWorldOnly:0 FolderPath:Lighting FolderGuid:0BA5F0A04EADB18E70D5B180D08FA34B
 |   |   |- [+] [ 27]
 |   |   |   |- Guid:B06AAFB64377952568A7138A1DE13A1C BaseClass: NativeClass:/Script/Landscape.LandscapeSplineActor Name:LandscapeSplineActor_UAID_A036BCE6AA5DBDE901_1501484471 Label:LandscapeSplineActor3 SpatiallyLoaded:1 Bounds:IsValid=true, Min=(X=893.336 Y=5322.564 Z=47.500), Max=(X=3195.598 Y=8335.751 Z=547.500) RuntimeGrid:None EditorOnly:0 RuntimeOnly:0 HLODRelevant:1 ListedInSceneOutliner:1 IsMainWorldOnly:0
 |   |   |- [+] [ 28]
 |   |   |   |- Guid:B4EB2145462B2E8E18BC158699E54F9D BaseClass: NativeClass:/Script/Landscape.LandscapeStreamingProxy Name:LandscapeStreamingProxy_0462LVULNFQXKZQ4SG72ZVEVR_126_3_3_0 Label:LandscapeStreamingProxy_3_3_0 SpatiallyLoaded:1 Bounds:IsValid=true, Min=(X=12600.000 Y=12600.000 Z=0.000), Max=(X=25200.000 Y=25200.000 Z=200.000) RuntimeGrid:None EditorOnly:0 RuntimeOnly:0 HLODRelevant:1 ListedInSceneOutliner:1 IsMainWorldOnly:0
 |   |   |- [+] [ 29]
 |   |   |   |- Guid:B50D6D0E4F24E8150FB29C81777C5436 BaseClass: NativeClass:/Script/Landscape.LandscapeStreamingProxy Name:LandscapeStreamingProxy_0462LVULNFQXKZQ4SG72ZVEVR_126_2_1_0 Label:LandscapeStreamingProxy_2_1_0 SpatiallyLoaded:1 Bounds:IsValid=true, Min=(X=0.000 Y=-12600.000 Z=0.000), Max=(X=12600.000 Y=0.000 Z=200.000) RuntimeGrid:None EditorOnly:0 RuntimeOnly:0 HLODRelevant:1 ListedInSceneOutliner:1 IsMainWorldOnly:0
 |   |   |- [+] [ 30]
 |   |   |   |- Guid:C029228144BC683D26CC5D8F542BCC5D BaseClass: NativeClass:/Script/Engine.StaticMeshActor Name:StaticMeshActor_UAID_A036BCE6AA5DCCE901_1735492112 Label:S_Traffic_Cone_uhcgdgufa_lod0_Var2 SpatiallyLoaded:1 Bounds:IsValid=true, Min=(X=-287.993 Y=7462.019 Z=100.000), Max=(X=-252.010 Y=7497.993 Z=169.332) RuntimeGrid:None EditorOnly:0 RuntimeOnly:0 HLODRelevant:1 ListedInSceneOutliner:1 IsMainWorldOnly:0 FolderPath:Traffic_cones FolderGuid:7953F7314C44EEA8D45FE7A5D85CEC1D
 |   |   |- [+] [ 31]
 |   |   |   |- Guid:CA8775E94B7870464C929A8CB7C19340 BaseClass: NativeClass:/Script/Engine.SkyLight Name:SkyLight_0 Label:SkyLight SpatiallyLoaded:0 Bounds:IsValid=true, Min=(X=-5137.686 Y=1156.742 Z=5617.053), Max=(X=-5137.686 Y=1156.742 Z=5617.053) RuntimeGrid:None EditorOnly:0 RuntimeOnly:0 HLODRelevant:0 ListedInSceneOutliner:1 IsMainWorldOnly:0 FolderPath:Lighting FolderGuid:0BA5F0A04EADB18E70D5B180D08FA34B
 |   |   |- [+] [ 32]
 |   |   |   |- Guid:CBA598D840563B80DECE31AEB7CEC391 BaseClass: NativeClass:/Script/Engine.VolumetricCloud Name:VolumetricCloud_0 Label:VolumetricCloud SpatiallyLoaded:0 Bounds:IsValid=true, Min=(X=-5137.686 Y=1156.742 Z=5747.053), Max=(X=-5137.686 Y=1156.742 Z=5747.053) RuntimeGrid:None EditorOnly:0 RuntimeOnly:0 HLODRelevant:0 ListedInSceneOutliner:1 IsMainWorldOnly:0 FolderPath:Lighting FolderGuid:0BA5F0A04EADB18E70D5B180D08FA34B
 |   |   |- [+] [ 33]
 |   |   |   |- Guid:CFEEC3C44F6D6ACFEE9986BD50F4CFAD BaseClass: NativeClass:/Script/Landscape.LandscapeStreamingProxy Name:LandscapeStreamingProxy_0462LVULNFQXKZQ4SG72ZVEVR_126_3_0_0 Label:LandscapeStreamingProxy_3_0_0 SpatiallyLoaded:1 Bounds:IsValid=true, Min=(X=12600.000 Y=-25200.000 Z=0.000), Max=(X=25200.000 Y=-12600.000 Z=200.000) RuntimeGrid:None EditorOnly:0 RuntimeOnly:0 HLODRelevant:1 ListedInSceneOutliner:1 IsMainWorldOnly:0
 |   |   |- [+] [ 34]
 |   |   |   |- Guid:DA70661A4C1F2E37860E80BF7799EA13 BaseClass: NativeClass:/Script/Engine.StaticMeshActor Name:StaticMeshActor_UAID_A036BCE6AA5D0BEA01_1606572199 Label:Cube SpatiallyLoaded:1 Bounds:IsValid=true, Min=(X=3850.000 Y=6079.881 Z=100.000), Max=(X=4850.000 Y=7579.881 Z=1300.000) RuntimeGrid:None EditorOnly:0 RuntimeOnly:0 HLODRelevant:1 ListedInSceneOutliner:1 IsMainWorldOnly:0 FolderPath:pseudo_objects FolderGuid:007166EA47E99838FED29DBC7A58EDBE
 |   |   |- [+] [ 35]
 |   |   |   |- Guid:F54A60BC496E851422D87FAB964FBACF BaseClass: NativeClass:/Script/Landscape.LandscapeStreamingProxy Name:LandscapeStreamingProxy_0462LVULNFQXKZQ4SG72ZVEVR_126_3_1_0 Label:LandscapeStreamingProxy_3_1_0 SpatiallyLoaded:1 Bounds:IsValid=true, Min=(X=12600.000 Y=-12600.000 Z=0.000), Max=(X=25200.000 Y=0.000 Z=200.000) RuntimeGrid:None EditorOnly:0 RuntimeOnly:0 HLODRelevant:1 ListedInSceneOutliner:1 IsMainWorldOnly:0
 |   |   |- [+] [ 36]
 |   |   |   |- Guid:F7F5DA6A40929390DC40F689DCBCBBA7 BaseClass: NativeClass:/Script/Engine.StaticMeshActor Name:StaticMeshActor_UAID_A036BCE6AA5DCCE901_1663817111 Label:S_Traffic_Cone_uhcgdgufa_lod0_Var1 SpatiallyLoaded:1 Bounds:IsValid=true, Min=(X=238.359 Y=7500.487 Z=110.100), Max=(X=274.342 Y=7536.461 Z=179.432) RuntimeGrid:None EditorOnly:0 RuntimeOnly:0 HLODRelevant:1 ListedInSceneOutliner:1 IsMainWorldOnly:0 FolderPath:Traffic_cones FolderGuid:7953F7314C44EEA8D45FE7A5D85CEC1D
 |   |   |- [+] [ 37]
 |   |   |   |- Guid:FF56FD244639F98FEF7DA080E4E85506 BaseClass: NativeClass:/Script/Engine.StaticMeshActor Name:StaticMeshActor_UAID_A036BCE6AA5DCCE901_1768890114 Label:S_Traffic_Cone_uhcgdgufa_lod0_Var4 SpatiallyLoaded:1 Bounds:IsValid=true, Min=(X=242.007 Y=6282.019 Z=110.000), Max=(X=277.990 Y=6317.993 Z=179.332) RuntimeGrid:None EditorOnly:0 RuntimeOnly:0 HLODRelevant:1 ListedInSceneOutliner:1 IsMainWorldOnly:0 FolderPath:Traffic_cones FolderGuid:7953F7314C44EEA8D45FE7A5D85CEC1D
 |- ContainerInstances:
 |- [+] MainContainer:
 |   |-        ID: 00000000000000000000000000000000
 |   |-  ParentID: 00000000000000000000000000000000
 |   |-    Bounds: IsValid=false, Min=(X=0.000 Y=0.000 Z=0.000), Max=(X=0.000 Y=0.000 Z=0.000)
 |   |- Transform: 0.000000,0.000000,0.000000|0.000000,0.000000,-0.000000|1.000000,1.000000,1.000000
 |   |- Container: /Game/maps/levels/box
----------------------------------------------------------------------------------------------------------------
box - Persistent Level
----------------------------------------------------------------------------------------------------------------
[+] Content of box Persistent Level
 |- Always loaded Actor Count: 45 
 |- Actor Path: /Game/maps/levels/box.box:PersistentLevel.AbstractNavData-Default
 |- Actor Package: /Game/maps/levels/box
 |- Actor Path: /Game/maps/levels/box.box:PersistentLevel.box_C_1
 |- Actor Package: /Game/maps/levels/box
 |- Actor Path: /Game/maps/levels/box.box:PersistentLevel.Brush_0
 |- Actor Package: /Game/maps/levels/box
 |- Actor Path: /Game/maps/levels/box.box:PersistentLevel.DefaultPhysicsVolume_0
 |- Actor Package: /Game/maps/levels/box
 |- Actor Path: /Game/maps/levels/box.box:PersistentLevel.DirectionalLight_1
 |- Actor Package: /Game/__ExternalActors__/maps/levels/box/0/RD/O0BI3VXDRKE4ZW2J0G7F0D
 |- Actor Path: /Game/maps/levels/box.box:PersistentLevel.ExponentialHeightFog_0
 |- Actor Package: /Game/__ExternalActors__/maps/levels/box/A/ZR/HV2QBY8N4SWF8B3EDFTHTM
 |- Actor Path: /Game/maps/levels/box.box:PersistentLevel.FbxScene_Fire_truck_C_UAID_A036BCE6AA5DC3E901_1366460538
 |- Actor Package: /Game/__ExternalActors__/maps/levels/box/0/5Z/N9L9ZX7ZUQGIBFX4OZJK4D
 |- Actor Path: /Game/maps/levels/box.box:PersistentLevel.GameplayDebuggerPlayerManager_0
 |- Actor Package: /Game/maps/levels/box
 |- Actor Path: /Game/maps/levels/box.box:PersistentLevel.Landscape_UAID_A036BCE6AA5D7CE901_1862639031
 |- Actor Package: /Game/__ExternalActors__/maps/levels/box/5/RI/OXVFP2PIWDN6D2MZITL3EA
 |- Actor Path: /Game/maps/levels/box.box:PersistentLevel.LandscapeSplineActor_UAID_A036BCE6AA5D03EA01_1454308794
 |- Actor Package: /Game/__ExternalActors__/maps/levels/box/2/0P/76W2DHTZMAEKVK5QVD6OU2
 |- Actor Path: /Game/maps/levels/box.box:PersistentLevel.LandscapeSplineActor_UAID_A036BCE6AA5D84E901_1693417449
 |- Actor Package: /Game/__ExternalActors__/maps/levels/box/D/T1/UMR9DHLSZ2GF4C7PW3ZJNT
 |- Actor Path: /Game/maps/levels/box.box:PersistentLevel.LandscapeSplineActor_UAID_A036BCE6AA5D88E901_1294654146
 |- Actor Package: /Game/__ExternalActors__/maps/levels/box/9/83/48Q0S19G1M9LVG407VX9G9
 |- Actor Path: /Game/maps/levels/box.box:PersistentLevel.LandscapeSplineActor_UAID_A036BCE6AA5DBDE901_1501484471
 |- Actor Package: /Game/__ExternalActors__/maps/levels/box/0/55/T1G3UKNOE2VMH9KAXDGFTN
 |- Actor Path: /Game/maps/levels/box.box:PersistentLevel.LandscapeStreamingProxy_0462LVULNFQXKZQ4SG72ZVEVR_126_0_0_0
 |- Actor Package: /Game/__ExternalActors__/maps/levels/box/A/XT/EHWH26KDA6S8K0O13LSCQ9
 |- Actor Path: /Game/maps/levels/box.box:PersistentLevel.LandscapeStreamingProxy_0462LVULNFQXKZQ4SG72ZVEVR_126_0_1_0
 |- Actor Package: /Game/__ExternalActors__/maps/levels/box/E/KM/5B9JK2KVJASKDXZ46ZYYR3
 |- Actor Path: /Game/maps/levels/box.box:PersistentLevel.LandscapeStreamingProxy_0462LVULNFQXKZQ4SG72ZVEVR_126_0_2_0
 |- Actor Package: /Game/__ExternalActors__/maps/levels/box/C/FP/DXRTQO9KTGG3BDFVJNR8QF
 |- Actor Path: /Game/maps/levels/box.box:PersistentLevel.LandscapeStreamingProxy_0462LVULNFQXKZQ4SG72ZVEVR_126_0_3_0
 |- Actor Package: /Game/__ExternalActors__/maps/levels/box/7/6J/T6KYC5VLHOC3VU90E1OI98
 |- Actor Path: /Game/maps/levels/box.box:PersistentLevel.LandscapeStreamingProxy_0462LVULNFQXKZQ4SG72ZVEVR_126_1_0_0
 |- Actor Package: /Game/__ExternalActors__/maps/levels/box/7/79/OCJ8LW2JTOOOS84LQEMABF
 |- Actor Path: /Game/maps/levels/box.box:PersistentLevel.LandscapeStreamingProxy_0462LVULNFQXKZQ4SG72ZVEVR_126_1_1_0
 |- Actor Package: /Game/__ExternalActors__/maps/levels/box/0/5A/8YROAVVIXGOQTERMOWDQMI
 |- Actor Path: /Game/maps/levels/box.box:PersistentLevel.LandscapeStreamingProxy_0462LVULNFQXKZQ4SG72ZVEVR_126_1_2_0
 |- Actor Package: /Game/__ExternalActors__/maps/levels/box/3/B3/HL0OLLIMOABPUED8STVM1Z
 |- Actor Path: /Game/maps/levels/box.box:PersistentLevel.LandscapeStreamingProxy_0462LVULNFQXKZQ4SG72ZVEVR_126_1_3_0
 |- Actor Package: /Game/__ExternalActors__/maps/levels/box/9/UU/7LHF83B1L779LDWEXY2ALF
 |- Actor Path: /Game/maps/levels/box.box:PersistentLevel.LandscapeStreamingProxy_0462LVULNFQXKZQ4SG72ZVEVR_126_2_0_0
 |- Actor Package: /Game/__ExternalActors__/maps/levels/box/E/J4/5GOXUIJJ7LIORI4OH4GAKO
 |- Actor Path: /Game/maps/levels/box.box:PersistentLevel.LandscapeStreamingProxy_0462LVULNFQXKZQ4SG72ZVEVR_126_2_1_0
 |- Actor Package: /Game/__ExternalActors__/maps/levels/box/8/FV/42YCWDOHB5OTANE5PET4R6
 |- Actor Path: /Game/maps/levels/box.box:PersistentLevel.LandscapeStreamingProxy_0462LVULNFQXKZQ4SG72ZVEVR_126_2_2_0
 |- Actor Package: /Game/__ExternalActors__/maps/levels/box/C/W5/1FF82RCY0B1IKYULV61P18
 |- Actor Path: /Game/maps/levels/box.box:PersistentLevel.LandscapeStreamingProxy_0462LVULNFQXKZQ4SG72ZVEVR_126_2_3_0
 |- Actor Package: /Game/__ExternalActors__/maps/levels/box/B/YB/XK8PHTC15RE0RITU8524LL
 |- Actor Path: /Game/maps/levels/box.box:PersistentLevel.LandscapeStreamingProxy_0462LVULNFQXKZQ4SG72ZVEVR_126_3_0_0
 |- Actor Package: /Game/__ExternalActors__/maps/levels/box/4/ES/EVS4W6T7KLIM41U7TFQBVD
 |- Actor Path: /Game/maps/levels/box.box:PersistentLevel.LandscapeStreamingProxy_0462LVULNFQXKZQ4SG72ZVEVR_126_3_1_0
 |- Actor Package: /Game/__ExternalActors__/maps/levels/box/8/EY/YFLKIMKJRR2WK7QX47S9ZQ
 |- Actor Path: /Game/maps/levels/box.box:PersistentLevel.LandscapeStreamingProxy_0462LVULNFQXKZQ4SG72ZVEVR_126_3_2_0
 |- Actor Package: /Game/__ExternalActors__/maps/levels/box/B/C7/OVTW3RI4787SAXLSZ38SD5
 |- Actor Path: /Game/maps/levels/box.box:PersistentLevel.LandscapeStreamingProxy_0462LVULNFQXKZQ4SG72ZVEVR_126_3_3_0
 |- Actor Package: /Game/__ExternalActors__/maps/levels/box/C/FT/4SXF5UN7T19QCYFCW7UG5K
 |- Actor Path: /Game/maps/levels/box.box:PersistentLevel.PlayerStart_0
 |- Actor Package: /Game/__ExternalActors__/maps/levels/box/4/1S/JVUPK6OZUNA7ZPP1MA1EDS
 |- Actor Path: /Game/maps/levels/box.box:PersistentLevel.PostProcessVolume_0
 |- Actor Package: /Game/__ExternalActors__/maps/levels/box/9/6E/O4V41KGEASW1I1V1EN5X6P
 |- Actor Path: /Game/maps/levels/box.box:PersistentLevel.SkyAtmosphere_0
 |- Actor Package: /Game/__ExternalActors__/maps/levels/box/2/0S/9OIRYFTTTBONJBEE3DYQ8E
 |- Actor Path: /Game/maps/levels/box.box:PersistentLevel.SkyLight_0
 |- Actor Package: /Game/__ExternalActors__/maps/levels/box/A/IX/4SGH0CW3KU4KG2NTENCXA8
 |- Actor Path: /Game/maps/levels/box.box:PersistentLevel.StaticMeshActor_UAID_888888888788F0EA01_1253889503
 |- Actor Package: /Game/__ExternalActors__/maps/levels/box/6/0P/OJK0L2H8KHUV32SFG9BLM2
 |- Actor Path: /Game/maps/levels/box.box:PersistentLevel.StaticMeshActor_UAID_888888888788F0EA01_1364448504
 |- Actor Package: /Game/__ExternalActors__/maps/levels/box/9/WZ/MSZ8QVZCT9GQQA33SENGFU
 |- Actor Path: /Game/maps/levels/box.box:PersistentLevel.StaticMeshActor_UAID_A036BCE6AA5D0BEA01_1606572199
 |- Actor Package: /Game/__ExternalActors__/maps/levels/box/8/V9/429DIONB7C54LHY0VHTT0W
 |- Actor Path: /Game/maps/levels/box.box:PersistentLevel.StaticMeshActor_UAID_A036BCE6AA5DCCE901_1663817111
 |- Actor Package: /Game/__ExternalActors__/maps/levels/box/9/W7/A0F4KEIXZMP1S4F8MIEWB7
 |- Actor Path: /Game/maps/levels/box.box:PersistentLevel.StaticMeshActor_UAID_A036BCE6AA5DCCE901_1735492112
 |- Actor Package: /Game/__ExternalActors__/maps/levels/box/0/GS/PAKS29RUYSW5M996BJAUB1
 |- Actor Path: /Game/maps/levels/box.box:PersistentLevel.StaticMeshActor_UAID_A036BCE6AA5DCCE901_1740731113
 |- Actor Package: /Game/__ExternalActors__/maps/levels/box/4/BN/WV06SWE9GWPEOPQR7SMJU2
 |- Actor Path: /Game/maps/levels/box.box:PersistentLevel.StaticMeshActor_UAID_A036BCE6AA5DCCE901_1768890114
 |- Actor Package: /Game/__ExternalActors__/maps/levels/box/9/RP/QZPJYHGQZIG56XIY3JMN1A
 |- Actor Path: /Game/maps/levels/box.box:PersistentLevel.StaticMeshActor_UAID_A4AE111137DC5EFB00_2001720423
 |- Actor Package: /Game/__ExternalActors__/maps/levels/box/2/BN/DDD5BRQPB75CK9YSFS4O73
 |- Actor Path: /Game/maps/levels/box.box:PersistentLevel.VolumetricCloud_0
 |- Actor Package: /Game/__ExternalActors__/maps/levels/box/C/NR/X5J0BZVT824IRFO74R4EM7
 |- Actor Path: /Game/maps/levels/box.box:PersistentLevel.WorldDataLayers
 |- Actor Package: /Game/__ExternalActors__/maps/levels/box/1/75/1O503BOHCQYQOWHMV0XK03
 |- Actor Path: /Game/maps/levels/box.box:PersistentLevel.WorldInfo_0
 |- Actor Package: /Game/maps/levels/box
 |- Actor Path: /Game/maps/levels/box.box:PersistentLevel.WorldPartitionMiniMap_0
 |- Actor Package: /Game/__ExternalActors__/maps/levels/box/8/JY/X7CD6PG212GQK63FE4WZH5

----------------------------------------------------------------------------------------------------------------
box - Runtime Spatial Hash - Streaming Grid - MainGrid
----------------------------------------------------------------------------------------------------------------
            Origin: X=0.000 Y=0.000 Z=0.000
         Cell Size: 12800
      World Bounds: IsValid=false, Min=(X=0.000 Y=0.000 Z=0.000), Max=(X=0.000 Y=0.000 Z=0.000)
     Loading Range: 25600.00
Block Slow Loading: No
 ClientOnlyVisible: No
            Origin: X=0.000 Y=0.000 Z=0.000

[+] Grid Levels: 1
 |- Level  0: Cell Count    0 | Cell Size   12800 | Actor Count    0 (0.0%)

[+] Content of Grid Level 0

