[+] Containers:
 |- [+] Container: /Game/maps/levels/box
 |   |- [+] ActorDescs:
 |   |   |- Guid:02B11C2349C0971E09D959B5BD66A8E5 BaseClass: NativeClass:/Script/Engine.DirectionalLight Name:DirectionalLight_1 Label:DirectionalLight SpatiallyLoaded:0 Bounds:IsValid=true, Min=(X=-4398046511104.000 Y=-4398046511104.000 Z=-4398046511104.000), Max=(X=4398046511104.000 Y=4398046511104.000 Z=4398046511104.000) RuntimeGrid:None EditorOnly:0 RuntimeOnly:0 HLODRelevant:0 ListedInSceneOutliner:1 IsMainWorldOnly:0 FolderPath:Lighting FolderGuid:0BA5F0A04EADB18E70D5B180D08FA34B
 |   |   |- Guid:047CE7AE4A8DF54DE68B869B545DFD97 BaseClass: NativeClass:/Script/Landscape.LandscapeStreamingProxy Name:LandscapeStreamingProxy_0462LVULNFQXKZQ4SG72ZVEVR_126_1_0_0 Label:LandscapeStreamingProxy_1_0_0 SpatiallyLoaded:1 Bounds:IsValid=true, Min=(X=-12600.000 Y=-25200.000 Z=0.000), Max=(X=0.000 Y=-12600.000 Z=200.000) RuntimeGrid:None EditorOnly:0 RuntimeOnly:0 HLODRelevant:1 ListedInSceneOutliner:1 IsMainWorldOnly:0
 |   |   |- Guid:0A14DD774BE26656C2F6BD947646BE46 BaseClass: NativeClass:/Script/Engine.StaticMeshActor Name:StaticMeshActor_UAID_A036BCE6AA5D7CE901_2019385036 Label:wheel4 SpatiallyLoaded:1 Bounds:IsValid=true, Min=(X=-420.000 Y=370.000 Z=100.000), Max=(X=-320.000 Y=470.000 Z=200.000) RuntimeGrid:None EditorOnly:0 RuntimeOnly:0 HLODRelevant:1 ListedInSceneOutliner:1 IsMainWorldOnly:0 FolderPath:Pseudo_models FolderGuid:1B0C16D5447FEEF9407BC5B99AD5EB28
 |   |   |- Guid:1384B86142C519AD5353DBBA31A6962B BaseClass: NativeClass:/Script/Landscape.LandscapeSplineActor Name:LandscapeSplineActor_UAID_A036BCE6AA5D88E901_1294654146 Label:LandscapeSplineActor SpatiallyLoaded:1 Bounds:IsValid=true, Min=(X=-6740.724 Y=-8968.454 Z=41.675), Max=(X=-79.354 Y=6162.595 Z=668.275) RuntimeGrid:None EditorOnly:0 RuntimeOnly:0 HLODRelevant:1 ListedInSceneOutliner:1 IsMainWorldOnly:0
 |   |   |- Guid:1BF721954DA510E35B3EED852ADAF166 BaseClass: NativeClass:/Script/Landscape.LandscapeStreamingProxy Name:LandscapeStreamingProxy_0462LVULNFQXKZQ4SG72ZVEVR_126_0_2_0 Label:LandscapeStreamingProxy_0_2_0 SpatiallyLoaded:1 Bounds:IsValid=true, Min=(X=-25200.000 Y=0.000 Z=0.000), Max=(X=-12600.000 Y=12600.000 Z=200.000) RuntimeGrid:None EditorOnly:0 RuntimeOnly:0 HLODRelevant:1 ListedInSceneOutliner:1 IsMainWorldOnly:0
 |   |   |- Guid:1E90CE8341749DC18350DC9E09A08A28 BaseClass: NativeClass:/Script/Landscape.LandscapeStreamingProxy Name:LandscapeStreamingProxy_0462LVULNFQXKZQ4SG72ZVEVR_126_0_1_0 Label:LandscapeStreamingProxy_0_1_0 SpatiallyLoaded:1 Bounds:IsValid=true, Min=(X=-25200.000 Y=-12600.000 Z=0.000), Max=(X=-12600.000 Y=0.000 Z=200.000) RuntimeGrid:None EditorOnly:0 RuntimeOnly:0 HLODRelevant:1 ListedInSceneOutliner:1 IsMainWorldOnly:0
 |   |   |- Guid:27D4A982459AC641915E03A7C2C5B46B BaseClass: NativeClass:/Script/Landscape.LandscapeStreamingProxy Name:LandscapeStreamingProxy_0462LVULNFQXKZQ4SG72ZVEVR_126_3_2_0 Label:LandscapeStreamingProxy_3_2_0 SpatiallyLoaded:1 Bounds:IsValid=true, Min=(X=12600.000 Y=0.000 Z=0.000), Max=(X=25200.000 Y=12600.000 Z=200.000) RuntimeGrid:None EditorOnly:0 RuntimeOnly:0 HLODRelevant:1 ListedInSceneOutliner:1 IsMainWorldOnly:0
 |   |   |- Guid:3937EC804D6ADC6ADB7EF092680CF05F BaseClass: NativeClass:/Script/Landscape.LandscapeStreamingProxy Name:LandscapeStreamingProxy_0462LVULNFQXKZQ4SG72ZVEVR_126_2_0_0 Label:LandscapeStreamingProxy_2_0_0 SpatiallyLoaded:1 Bounds:IsValid=true, Min=(X=0.000 Y=-25200.000 Z=0.000), Max=(X=12600.000 Y=-12600.000 Z=200.000) RuntimeGrid:None EditorOnly:0 RuntimeOnly:0 HLODRelevant:1 ListedInSceneOutliner:1 IsMainWorldOnly:0
 |   |   |- Guid:3B32CCF44D51BF8B0FB87A952CAA0427 BaseClass: NativeClass:/Script/Landscape.LandscapeStreamingProxy Name:LandscapeStreamingProxy_0462LVULNFQXKZQ4SG72ZVEVR_126_1_2_0 Label:LandscapeStreamingProxy_1_2_0 SpatiallyLoaded:1 Bounds:IsValid=true, Min=(X=-12600.000 Y=0.000 Z=0.000), Max=(X=0.000 Y=12600.000 Z=200.000) RuntimeGrid:None EditorOnly:0 RuntimeOnly:0 HLODRelevant:1 ListedInSceneOutliner:1 IsMainWorldOnly:0
 |   |   |- Guid:46DE7EE349A8DFB7595524935FF99CA8 BaseClass: NativeClass:/Script/Landscape.LandscapeStreamingProxy Name:LandscapeStreamingProxy_0462LVULNFQXKZQ4SG72ZVEVR_126_2_2_0 Label:LandscapeStreamingProxy_2_2_0 SpatiallyLoaded:1 Bounds:IsValid=true, Min=(X=0.000 Y=0.000 Z=0.000), Max=(X=12600.000 Y=12600.000 Z=200.000) RuntimeGrid:None EditorOnly:0 RuntimeOnly:0 HLODRelevant:1 ListedInSceneOutliner:1 IsMainWorldOnly:0
 |   |   |- Guid:4CBA2B924A9A97742EC3B489E7BE4ECB BaseClass: NativeClass:/Script/Engine.PostProcessVolume Name:PostProcessVolume_0 Label:PostProcessVolume SpatiallyLoaded:0 Bounds:IsValid=true, Min=(X=-5137.686 Y=1156.742 Z=5327.053), Max=(X=-4937.686 Y=1356.742 Z=5527.053) RuntimeGrid:None EditorOnly:0 RuntimeOnly:0 HLODRelevant:0 ListedInSceneOutliner:1 IsMainWorldOnly:0 FolderPath:Lighting FolderGuid:0BA5F0A04EADB18E70D5B180D08FA34B
 |   |   |- Guid:4D00ADBB47F6976C926FE095F060A9E2 BaseClass: NativeClass:/Script/Engine.ExponentialHeightFog Name:ExponentialHeightFog_0 Label:ExponentialHeightFog SpatiallyLoaded:0 Bounds:IsValid=true, Min=(X=-9925.986 Y=-1331.458 Z=6881.228), Max=(X=-9925.986 Y=-1331.458 Z=6881.228) RuntimeGrid:None EditorOnly:0 RuntimeOnly:0 HLODRelevant:0 ListedInSceneOutliner:1 IsMainWorldOnly:0 FolderPath:Lighting FolderGuid:0BA5F0A04EADB18E70D5B180D08FA34B
 |   |   |- Guid:543CEA5045D7205C26FB5993428CA22E BaseClass: NativeClass:/Script/Landscape.LandscapeStreamingProxy Name:LandscapeStreamingProxy_0462LVULNFQXKZQ4SG72ZVEVR_126_1_1_0 Label:LandscapeStreamingProxy_1_1_0 SpatiallyLoaded:1 Bounds:IsValid=true, Min=(X=-12600.000 Y=-12600.000 Z=0.000), Max=(X=0.000 Y=0.000 Z=200.000) RuntimeGrid:None EditorOnly:0 RuntimeOnly:0 HLODRelevant:1 ListedInSceneOutliner:1 IsMainWorldOnly:0
 |   |   |- Guid:5A98A4F44056D7F773198785DDDAF10F BaseClass: NativeClass:/Script/Engine.StaticMeshActor Name:StaticMeshActor_UAID_A036BCE6AA5D7CE901_2004243033 Label:wheel1 SpatiallyLoaded:1 Bounds:IsValid=true, Min=(X=-70.000 Y=380.000 Z=100.000), Max=(X=30.000 Y=480.000 Z=200.000) RuntimeGrid:None EditorOnly:0 RuntimeOnly:0 HLODRelevant:1 ListedInSceneOutliner:1 IsMainWorldOnly:0 FolderPath:Pseudo_models FolderGuid:1B0C16D5447FEEF9407BC5B99AD5EB28
 |   |   |- Guid:5C11BEE34341F79D6BFB408ADC1B34F2 BaseClass: NativeClass:/Script/Landscape.Landscape Name:Landscape_UAID_A036BCE6AA5D7CE901_1862639031 Label:Gropund SpatiallyLoaded:0 Bounds:IsValid=true, Min=(X=-25200.000 Y=-25200.000 Z=100.000), Max=(X=-25200.000 Y=-25200.000 Z=100.000) RuntimeGrid:None EditorOnly:0 RuntimeOnly:0 HLODRelevant:0 ListedInSceneOutliner:1 IsMainWorldOnly:0
 |   |   |- Guid:5CA50B354B711FE931A9AEAD4F32BC34 BaseClass: NativeClass:/Script/Landscape.LandscapeStreamingProxy Name:LandscapeStreamingProxy_0462LVULNFQXKZQ4SG72ZVEVR_126_0_3_0 Label:LandscapeStreamingProxy_0_3_0 SpatiallyLoaded:1 Bounds:IsValid=true, Min=(X=-25200.000 Y=12600.000 Z=0.000), Max=(X=-12600.000 Y=25200.000 Z=200.000) RuntimeGrid:None EditorOnly:0 RuntimeOnly:0 HLODRelevant:1 ListedInSceneOutliner:1 IsMainWorldOnly:0
 |   |   |- Guid:67A50FBA4995A6AE7049DF9A76BBC2C2 BaseClass: NativeClass:/Script/Landscape.LandscapeStreamingProxy Name:LandscapeStreamingProxy_0462LVULNFQXKZQ4SG72ZVEVR_126_0_0_0 Label:LandscapeStreamingProxy_0_0_0 SpatiallyLoaded:1 Bounds:IsValid=true, Min=(X=-25200.000 Y=-25200.000 Z=0.000), Max=(X=-12600.000 Y=-12600.000 Z=200.000) RuntimeGrid:None EditorOnly:0 RuntimeOnly:0 HLODRelevant:1 ListedInSceneOutliner:1 IsMainWorldOnly:0
 |   |   |- Guid:6B123EEC473BF2A9638F7DA7303705E9 BaseClass: NativeClass:/Script/Engine.SkyAtmosphere Name:SkyAtmosphere_0 Label:SkyAtmosphere SpatiallyLoaded:0 Bounds:IsValid=true, Min=(X=-5137.686 Y=1156.742 Z=5947.053), Max=(X=-5137.686 Y=1156.742 Z=5947.053) RuntimeGrid:None EditorOnly:0 RuntimeOnly:0 HLODRelevant:0 ListedInSceneOutliner:1 IsMainWorldOnly:0 FolderPath:Lighting FolderGuid:0BA5F0A04EADB18E70D5B180D08FA34B
 |   |   |- Guid:6F22AC394FB515DB86DF0AAD3E77AC80 BaseClass: NativeClass:/Script/Landscape.LandscapeStreamingProxy Name:LandscapeStreamingProxy_0462LVULNFQXKZQ4SG72ZVEVR_126_1_3_0 Label:LandscapeStreamingProxy_1_3_0 SpatiallyLoaded:1 Bounds:IsValid=true, Min=(X=-12600.000 Y=12600.000 Z=0.000), Max=(X=0.000 Y=25200.000 Z=200.000) RuntimeGrid:None EditorOnly:0 RuntimeOnly:0 HLODRelevant:1 ListedInSceneOutliner:1 IsMainWorldOnly:0
 |   |   |- Guid:79F16A6F4720E3A6194FD4A2F61473B8 BaseClass: NativeClass:/Script/Engine.StaticMeshActor Name:StaticMeshActor_UAID_A036BCE6AA5D7CE901_2015440035 Label:wheel3 SpatiallyLoaded:1 Bounds:IsValid=true, Min=(X=-420.000 Y=-340.000 Z=100.000), Max=(X=-320.000 Y=-240.000 Z=200.000) RuntimeGrid:None EditorOnly:0 RuntimeOnly:0 HLODRelevant:1 ListedInSceneOutliner:1 IsMainWorldOnly:0 FolderPath:Pseudo_models FolderGuid:1B0C16D5447FEEF9407BC5B99AD5EB28
 |   |   |- Guid:7E0AA7B7414883651008129318B4DAB7 BaseClass: NativeClass:/Script/Engine.PlayerStart Name:PlayerStart_0 Label:PlayerStart SpatiallyLoaded:0 Bounds:IsValid=true, Min=(X=58.458 Y=67.205 Z=110.000), Max=(X=138.458 Y=147.205 Z=294.000) RuntimeGrid:None EditorOnly:0 RuntimeOnly:0 HLODRelevant:0 ListedInSceneOutliner:1 IsMainWorldOnly:0
 |   |   |- Guid:8387C45B4F0ED0C49A8F628F0C2D0616 BaseClass: NativeClass:/Script/Engine.StaticMeshActor Name:StaticMeshActor_UAID_A036BCE6AA5D7CE901_2009723034 Label:wheel2 SpatiallyLoaded:1 Bounds:IsValid=true, Min=(X=-70.000 Y=-360.000 Z=100.000), Max=(X=30.000 Y=-260.000 Z=200.000) RuntimeGrid:None EditorOnly:0 RuntimeOnly:0 HLODRelevant:1 ListedInSceneOutliner:1 IsMainWorldOnly:0 FolderPath:Pseudo_models FolderGuid:1B0C16D5447FEEF9407BC5B99AD5EB28
 |   |   |- Guid:843C4ECB4A653E39E185D091CA11C4DB BaseClass: NativeClass:/Script/Engine.WorldDataLayers Name:WorldDataLayers Label:WorldDataLayers SpatiallyLoaded:0 Bounds:Invalid RuntimeGrid:None EditorOnly:0 RuntimeOnly:0 HLODRelevant:0 ListedInSceneOutliner:1 IsMainWorldOnly:1
 |   |   |- Guid:8CF6939940DF7E85354FE1BF2C4F92D9 BaseClass: NativeClass:/Script/Landscape.LandscapeSplineActor Name:LandscapeSplineActor_UAID_A036BCE6AA5D84E901_1693417449 Label:LandscapeSplineActor2 SpatiallyLoaded:1 Bounds:IsValid=true, Min=(X=-6745.186 Y=-11173.843 Z=-25.944), Max=(X=2146.236 Y=6237.595 Z=989.610) RuntimeGrid:None EditorOnly:0 RuntimeOnly:0 HLODRelevant:1 ListedInSceneOutliner:1 IsMainWorldOnly:0
 |   |   |- Guid:98F3103345833548EBCA1990CC08933F BaseClass: NativeClass:/Script/Engine.StaticMeshActor Name:StaticMeshActor_UAID_A036BCE6AA5D7CE901_1923358032 Label:Firefighter_Car SpatiallyLoaded:1 Bounds:IsValid=true, Min=(X=-324.322 Y=-360.299 Z=127.500), Max=(X=-74.322 Y=493.701 Z=452.500) RuntimeGrid:None EditorOnly:0 RuntimeOnly:0 HLODRelevant:1 ListedInSceneOutliner:1 IsMainWorldOnly:0 FolderPath:Pseudo_models FolderGuid:1B0C16D5447FEEF9407BC5B99AD5EB28
 |   |   |- Guid:A82AC57A42F52C372D9A7CAD83A174B3 BaseClass: NativeClass:/Script/Landscape.LandscapeStreamingProxy Name:LandscapeStreamingProxy_0462LVULNFQXKZQ4SG72ZVEVR_126_2_3_0 Label:LandscapeStreamingProxy_2_3_0 SpatiallyLoaded:1 Bounds:IsValid=true, Min=(X=0.000 Y=12600.000 Z=0.000), Max=(X=12600.000 Y=25200.000 Z=200.000) RuntimeGrid:None EditorOnly:0 RuntimeOnly:0 HLODRelevant:1 ListedInSceneOutliner:1 IsMainWorldOnly:0
 |   |   |- Guid:AC9CBAC541CA4F06A3A394AF37A725EC BaseClass: NativeClass:/Script/Engine.StaticMeshActor Name:StaticMeshActor_UAID_A4AE111137DC5EFB00_2001720423 Label:SM_SkySphere SpatiallyLoaded:0 Bounds:IsValid=true, Min=(X=-1647353.039 Y=-1645096.562 Z=-1635845.767), Max=(X=1629446.961 Y=1631703.438 Z=1640954.233) RuntimeGrid:None EditorOnly:0 RuntimeOnly:0 HLODRelevant:1 ListedInSceneOutliner:1 IsMainWorldOnly:0 FolderPath:Lighting FolderGuid:0BA5F0A04EADB18E70D5B180D08FA34B
 |   |   |- Guid:B4EB2145462B2E8E18BC158699E54F9D BaseClass: NativeClass:/Script/Landscape.LandscapeStreamingProxy Name:LandscapeStreamingProxy_0462LVULNFQXKZQ4SG72ZVEVR_126_3_3_0 Label:LandscapeStreamingProxy_3_3_0 SpatiallyLoaded:1 Bounds:IsValid=true, Min=(X=12600.000 Y=12600.000 Z=0.000), Max=(X=25200.000 Y=25200.000 Z=200.000) RuntimeGrid:None EditorOnly:0 RuntimeOnly:0 HLODRelevant:1 ListedInSceneOutliner:1 IsMainWorldOnly:0
 |   |   |- Guid:B50D6D0E4F24E8150FB29C81777C5436 BaseClass: NativeClass:/Script/Landscape.LandscapeStreamingProxy Name:LandscapeStreamingProxy_0462LVULNFQXKZQ4SG72ZVEVR_126_2_1_0 Label:LandscapeStreamingProxy_2_1_0 SpatiallyLoaded:1 Bounds:IsValid=true, Min=(X=0.000 Y=-12600.000 Z=0.000), Max=(X=12600.000 Y=0.000 Z=200.000) RuntimeGrid:None EditorOnly:0 RuntimeOnly:0 HLODRelevant:1 ListedInSceneOutliner:1 IsMainWorldOnly:0
 |   |   |- Guid:CA8775E94B7870464C929A8CB7C19340 BaseClass: NativeClass:/Script/Engine.SkyLight Name:SkyLight_0 Label:SkyLight SpatiallyLoaded:0 Bounds:IsValid=true, Min=(X=-5137.686 Y=1156.742 Z=5617.053), Max=(X=-5137.686 Y=1156.742 Z=5617.053) RuntimeGrid:None EditorOnly:0 RuntimeOnly:0 HLODRelevant:0 ListedInSceneOutliner:1 IsMainWorldOnly:0 FolderPath:Lighting FolderGuid:0BA5F0A04EADB18E70D5B180D08FA34B
 |   |   |- Guid:CBA598D840563B80DECE31AEB7CEC391 BaseClass: NativeClass:/Script/Engine.VolumetricCloud Name:VolumetricCloud_0 Label:VolumetricCloud SpatiallyLoaded:0 Bounds:IsValid=true, Min=(X=-5137.686 Y=1156.742 Z=5747.053), Max=(X=-5137.686 Y=1156.742 Z=5747.053) RuntimeGrid:None EditorOnly:0 RuntimeOnly:0 HLODRelevant:0 ListedInSceneOutliner:1 IsMainWorldOnly:0 FolderPath:Lighting FolderGuid:0BA5F0A04EADB18E70D5B180D08FA34B
 |   |   |- Guid:CFEEC3C44F6D6ACFEE9986BD50F4CFAD BaseClass: NativeClass:/Script/Landscape.LandscapeStreamingProxy Name:LandscapeStreamingProxy_0462LVULNFQXKZQ4SG72ZVEVR_126_3_0_0 Label:LandscapeStreamingProxy_3_0_0 SpatiallyLoaded:1 Bounds:IsValid=true, Min=(X=12600.000 Y=-25200.000 Z=0.000), Max=(X=25200.000 Y=-12600.000 Z=200.000) RuntimeGrid:None EditorOnly:0 RuntimeOnly:0 HLODRelevant:1 ListedInSceneOutliner:1 IsMainWorldOnly:0
 |   |   |- Guid:F54A60BC496E851422D87FAB964FBACF BaseClass: NativeClass:/Script/Landscape.LandscapeStreamingProxy Name:LandscapeStreamingProxy_0462LVULNFQXKZQ4SG72ZVEVR_126_3_1_0 Label:LandscapeStreamingProxy_3_1_0 SpatiallyLoaded:1 Bounds:IsValid=true, Min=(X=12600.000 Y=-12600.000 Z=0.000), Max=(X=25200.000 Y=0.000 Z=200.000) RuntimeGrid:None EditorOnly:0 RuntimeOnly:0 HLODRelevant:1 ListedInSceneOutliner:1 IsMainWorldOnly:0
 |   |- [+] Clusters:
 |   |   |- [+] [  0]
 |   |   |   |- Guid:02B11C2349C0971E09D959B5BD66A8E5 BaseClass: NativeClass:/Script/Engine.DirectionalLight Name:DirectionalLight_1 Label:DirectionalLight SpatiallyLoaded:0 Bounds:IsValid=true, Min=(X=-4398046511104.000 Y=-4398046511104.000 Z=-4398046511104.000), Max=(X=4398046511104.000 Y=4398046511104.000 Z=4398046511104.000) RuntimeGrid:None EditorOnly:0 RuntimeOnly:0 HLODRelevant:0 ListedInSceneOutliner:1 IsMainWorldOnly:0 FolderPath:Lighting FolderGuid:0BA5F0A04EADB18E70D5B180D08FA34B
 |   |   |- [+] [  1]
 |   |   |   |- Guid:047CE7AE4A8DF54DE68B869B545DFD97 BaseClass: NativeClass:/Script/Landscape.LandscapeStreamingProxy Name:LandscapeStreamingProxy_0462LVULNFQXKZQ4SG72ZVEVR_126_1_0_0 Label:LandscapeStreamingProxy_1_0_0 SpatiallyLoaded:1 Bounds:IsValid=true, Min=(X=-12600.000 Y=-25200.000 Z=0.000), Max=(X=0.000 Y=-12600.000 Z=200.000) RuntimeGrid:None EditorOnly:0 RuntimeOnly:0 HLODRelevant:1 ListedInSceneOutliner:1 IsMainWorldOnly:0
 |   |   |- [+] [  2]
 |   |   |   |- Guid:0A14DD774BE26656C2F6BD947646BE46 BaseClass: NativeClass:/Script/Engine.StaticMeshActor Name:StaticMeshActor_UAID_A036BCE6AA5D7CE901_2019385036 Label:wheel4 SpatiallyLoaded:1 Bounds:IsValid=true, Min=(X=-420.000 Y=370.000 Z=100.000), Max=(X=-320.000 Y=470.000 Z=200.000) RuntimeGrid:None EditorOnly:0 RuntimeOnly:0 HLODRelevant:1 ListedInSceneOutliner:1 IsMainWorldOnly:0 FolderPath:Pseudo_models FolderGuid:1B0C16D5447FEEF9407BC5B99AD5EB28
 |   |   |- [+] [  3]
 |   |   |   |- Guid:1384B86142C519AD5353DBBA31A6962B BaseClass: NativeClass:/Script/Landscape.LandscapeSplineActor Name:LandscapeSplineActor_UAID_A036BCE6AA5D88E901_1294654146 Label:LandscapeSplineActor SpatiallyLoaded:1 Bounds:IsValid=true, Min=(X=-6740.724 Y=-8968.454 Z=41.675), Max=(X=-79.354 Y=6162.595 Z=668.275) RuntimeGrid:None EditorOnly:0 RuntimeOnly:0 HLODRelevant:1 ListedInSceneOutliner:1 IsMainWorldOnly:0
 |   |   |- [+] [  4]
 |   |   |   |- Guid:1BF721954DA510E35B3EED852ADAF166 BaseClass: NativeClass:/Script/Landscape.LandscapeStreamingProxy Name:LandscapeStreamingProxy_0462LVULNFQXKZQ4SG72ZVEVR_126_0_2_0 Label:LandscapeStreamingProxy_0_2_0 SpatiallyLoaded:1 Bounds:IsValid=true, Min=(X=-25200.000 Y=0.000 Z=0.000), Max=(X=-12600.000 Y=12600.000 Z=200.000) RuntimeGrid:None EditorOnly:0 RuntimeOnly:0 HLODRelevant:1 ListedInSceneOutliner:1 IsMainWorldOnly:0
 |   |   |- [+] [  5]
 |   |   |   |- Guid:1E90CE8341749DC18350DC9E09A08A28 BaseClass: NativeClass:/Script/Landscape.LandscapeStreamingProxy Name:LandscapeStreamingProxy_0462LVULNFQXKZQ4SG72ZVEVR_126_0_1_0 Label:LandscapeStreamingProxy_0_1_0 SpatiallyLoaded:1 Bounds:IsValid=true, Min=(X=-25200.000 Y=-12600.000 Z=0.000), Max=(X=-12600.000 Y=0.000 Z=200.000) RuntimeGrid:None EditorOnly:0 RuntimeOnly:0 HLODRelevant:1 ListedInSceneOutliner:1 IsMainWorldOnly:0
 |   |   |- [+] [  6]
 |   |   |   |- Guid:27D4A982459AC641915E03A7C2C5B46B BaseClass: NativeClass:/Script/Landscape.LandscapeStreamingProxy Name:LandscapeStreamingProxy_0462LVULNFQXKZQ4SG72ZVEVR_126_3_2_0 Label:LandscapeStreamingProxy_3_2_0 SpatiallyLoaded:1 Bounds:IsValid=true, Min=(X=12600.000 Y=0.000 Z=0.000), Max=(X=25200.000 Y=12600.000 Z=200.000) RuntimeGrid:None EditorOnly:0 RuntimeOnly:0 HLODRelevant:1 ListedInSceneOutliner:1 IsMainWorldOnly:0
 |   |   |- [+] [  7]
 |   |   |   |- Guid:3937EC804D6ADC6ADB7EF092680CF05F BaseClass: NativeClass:/Script/Landscape.LandscapeStreamingProxy Name:LandscapeStreamingProxy_0462LVULNFQXKZQ4SG72ZVEVR_126_2_0_0 Label:LandscapeStreamingProxy_2_0_0 SpatiallyLoaded:1 Bounds:IsValid=true, Min=(X=0.000 Y=-25200.000 Z=0.000), Max=(X=12600.000 Y=-12600.000 Z=200.000) RuntimeGrid:None EditorOnly:0 RuntimeOnly:0 HLODRelevant:1 ListedInSceneOutliner:1 IsMainWorldOnly:0
 |   |   |- [+] [  8]
 |   |   |   |- Guid:3B32CCF44D51BF8B0FB87A952CAA0427 BaseClass: NativeClass:/Script/Landscape.LandscapeStreamingProxy Name:LandscapeStreamingProxy_0462LVULNFQXKZQ4SG72ZVEVR_126_1_2_0 Label:LandscapeStreamingProxy_1_2_0 SpatiallyLoaded:1 Bounds:IsValid=true, Min=(X=-12600.000 Y=0.000 Z=0.000), Max=(X=0.000 Y=12600.000 Z=200.000) RuntimeGrid:None EditorOnly:0 RuntimeOnly:0 HLODRelevant:1 ListedInSceneOutliner:1 IsMainWorldOnly:0
 |   |   |- [+] [  9]
 |   |   |   |- Guid:46DE7EE349A8DFB7595524935FF99CA8 BaseClass: NativeClass:/Script/Landscape.LandscapeStreamingProxy Name:LandscapeStreamingProxy_0462LVULNFQXKZQ4SG72ZVEVR_126_2_2_0 Label:LandscapeStreamingProxy_2_2_0 SpatiallyLoaded:1 Bounds:IsValid=true, Min=(X=0.000 Y=0.000 Z=0.000), Max=(X=12600.000 Y=12600.000 Z=200.000) RuntimeGrid:None EditorOnly:0 RuntimeOnly:0 HLODRelevant:1 ListedInSceneOutliner:1 IsMainWorldOnly:0
 |   |   |- [+] [ 10]
 |   |   |   |- Guid:4CBA2B924A9A97742EC3B489E7BE4ECB BaseClass: NativeClass:/Script/Engine.PostProcessVolume Name:PostProcessVolume_0 Label:PostProcessVolume SpatiallyLoaded:0 Bounds:IsValid=true, Min=(X=-5137.686 Y=1156.742 Z=5327.053), Max=(X=-4937.686 Y=1356.742 Z=5527.053) RuntimeGrid:None EditorOnly:0 RuntimeOnly:0 HLODRelevant:0 ListedInSceneOutliner:1 IsMainWorldOnly:0 FolderPath:Lighting FolderGuid:0BA5F0A04EADB18E70D5B180D08FA34B
 |   |   |- [+] [ 11]
 |   |   |   |- Guid:4D00ADBB47F6976C926FE095F060A9E2 BaseClass: NativeClass:/Script/Engine.ExponentialHeightFog Name:ExponentialHeightFog_0 Label:ExponentialHeightFog SpatiallyLoaded:0 Bounds:IsValid=true, Min=(X=-9925.986 Y=-1331.458 Z=6881.228), Max=(X=-9925.986 Y=-1331.458 Z=6881.228) RuntimeGrid:None EditorOnly:0 RuntimeOnly:0 HLODRelevant:0 ListedInSceneOutliner:1 IsMainWorldOnly:0 FolderPath:Lighting FolderGuid:0BA5F0A04EADB18E70D5B180D08FA34B
 |   |   |- [+] [ 12]
 |   |   |   |- Guid:543CEA5045D7205C26FB5993428CA22E BaseClass: NativeClass:/Script/Landscape.LandscapeStreamingProxy Name:LandscapeStreamingProxy_0462LVULNFQXKZQ4SG72ZVEVR_126_1_1_0 Label:LandscapeStreamingProxy_1_1_0 SpatiallyLoaded:1 Bounds:IsValid=true, Min=(X=-12600.000 Y=-12600.000 Z=0.000), Max=(X=0.000 Y=0.000 Z=200.000) RuntimeGrid:None EditorOnly:0 RuntimeOnly:0 HLODRelevant:1 ListedInSceneOutliner:1 IsMainWorldOnly:0
 |   |   |- [+] [ 13]
 |   |   |   |- Guid:5A98A4F44056D7F773198785DDDAF10F BaseClass: NativeClass:/Script/Engine.StaticMeshActor Name:StaticMeshActor_UAID_A036BCE6AA5D7CE901_2004243033 Label:wheel1 SpatiallyLoaded:1 Bounds:IsValid=true, Min=(X=-70.000 Y=380.000 Z=100.000), Max=(X=30.000 Y=480.000 Z=200.000) RuntimeGrid:None EditorOnly:0 RuntimeOnly:0 HLODRelevant:1 ListedInSceneOutliner:1 IsMainWorldOnly:0 FolderPath:Pseudo_models FolderGuid:1B0C16D5447FEEF9407BC5B99AD5EB28
 |   |   |- [+] [ 14]
 |   |   |   |- Guid:5C11BEE34341F79D6BFB408ADC1B34F2 BaseClass: NativeClass:/Script/Landscape.Landscape Name:Landscape_UAID_A036BCE6AA5D7CE901_1862639031 Label:Gropund SpatiallyLoaded:0 Bounds:IsValid=true, Min=(X=-25200.000 Y=-25200.000 Z=100.000), Max=(X=-25200.000 Y=-25200.000 Z=100.000) RuntimeGrid:None EditorOnly:0 RuntimeOnly:0 HLODRelevant:0 ListedInSceneOutliner:1 IsMainWorldOnly:0
 |   |   |- [+] [ 15]
 |   |   |   |- Guid:5CA50B354B711FE931A9AEAD4F32BC34 BaseClass: NativeClass:/Script/Landscape.LandscapeStreamingProxy Name:LandscapeStreamingProxy_0462LVULNFQXKZQ4SG72ZVEVR_126_0_3_0 Label:LandscapeStreamingProxy_0_3_0 SpatiallyLoaded:1 Bounds:IsValid=true, Min=(X=-25200.000 Y=12600.000 Z=0.000), Max=(X=-12600.000 Y=25200.000 Z=200.000) RuntimeGrid:None EditorOnly:0 RuntimeOnly:0 HLODRelevant:1 ListedInSceneOutliner:1 IsMainWorldOnly:0
 |   |   |- [+] [ 16]
 |   |   |   |- Guid:67A50FBA4995A6AE7049DF9A76BBC2C2 BaseClass: NativeClass:/Script/Landscape.LandscapeStreamingProxy Name:LandscapeStreamingProxy_0462LVULNFQXKZQ4SG72ZVEVR_126_0_0_0 Label:LandscapeStreamingProxy_0_0_0 SpatiallyLoaded:1 Bounds:IsValid=true, Min=(X=-25200.000 Y=-25200.000 Z=0.000), Max=(X=-12600.000 Y=-12600.000 Z=200.000) RuntimeGrid:None EditorOnly:0 RuntimeOnly:0 HLODRelevant:1 ListedInSceneOutliner:1 IsMainWorldOnly:0
 |   |   |- [+] [ 17]
 |   |   |   |- Guid:6B123EEC473BF2A9638F7DA7303705E9 BaseClass: NativeClass:/Script/Engine.SkyAtmosphere Name:SkyAtmosphere_0 Label:SkyAtmosphere SpatiallyLoaded:0 Bounds:IsValid=true, Min=(X=-5137.686 Y=1156.742 Z=5947.053), Max=(X=-5137.686 Y=1156.742 Z=5947.053) RuntimeGrid:None EditorOnly:0 RuntimeOnly:0 HLODRelevant:0 ListedInSceneOutliner:1 IsMainWorldOnly:0 FolderPath:Lighting FolderGuid:0BA5F0A04EADB18E70D5B180D08FA34B
 |   |   |- [+] [ 18]
 |   |   |   |- Guid:6F22AC394FB515DB86DF0AAD3E77AC80 BaseClass: NativeClass:/Script/Landscape.LandscapeStreamingProxy Name:LandscapeStreamingProxy_0462LVULNFQXKZQ4SG72ZVEVR_126_1_3_0 Label:LandscapeStreamingProxy_1_3_0 SpatiallyLoaded:1 Bounds:IsValid=true, Min=(X=-12600.000 Y=12600.000 Z=0.000), Max=(X=0.000 Y=25200.000 Z=200.000) RuntimeGrid:None EditorOnly:0 RuntimeOnly:0 HLODRelevant:1 ListedInSceneOutliner:1 IsMainWorldOnly:0
 |   |   |- [+] [ 19]
 |   |   |   |- Guid:79F16A6F4720E3A6194FD4A2F61473B8 BaseClass: NativeClass:/Script/Engine.StaticMeshActor Name:StaticMeshActor_UAID_A036BCE6AA5D7CE901_2015440035 Label:wheel3 SpatiallyLoaded:1 Bounds:IsValid=true, Min=(X=-420.000 Y=-340.000 Z=100.000), Max=(X=-320.000 Y=-240.000 Z=200.000) RuntimeGrid:None EditorOnly:0 RuntimeOnly:0 HLODRelevant:1 ListedInSceneOutliner:1 IsMainWorldOnly:0 FolderPath:Pseudo_models FolderGuid:1B0C16D5447FEEF9407BC5B99AD5EB28
 |   |   |- [+] [ 20]
 |   |   |   |- Guid:7E0AA7B7414883651008129318B4DAB7 BaseClass: NativeClass:/Script/Engine.PlayerStart Name:PlayerStart_0 Label:PlayerStart SpatiallyLoaded:0 Bounds:IsValid=true, Min=(X=58.458 Y=67.205 Z=110.000), Max=(X=138.458 Y=147.205 Z=294.000) RuntimeGrid:None EditorOnly:0 RuntimeOnly:0 HLODRelevant:0 ListedInSceneOutliner:1 IsMainWorldOnly:0
 |   |   |- [+] [ 21]
 |   |   |   |- Guid:8387C45B4F0ED0C49A8F628F0C2D0616 BaseClass: NativeClass:/Script/Engine.StaticMeshActor Name:StaticMeshActor_UAID_A036BCE6AA5D7CE901_2009723034 Label:wheel2 SpatiallyLoaded:1 Bounds:IsValid=true, Min=(X=-70.000 Y=-360.000 Z=100.000), Max=(X=30.000 Y=-260.000 Z=200.000) RuntimeGrid:None EditorOnly:0 RuntimeOnly:0 HLODRelevant:1 ListedInSceneOutliner:1 IsMainWorldOnly:0 FolderPath:Pseudo_models FolderGuid:1B0C16D5447FEEF9407BC5B99AD5EB28
 |   |   |- [+] [ 22]
 |   |   |   |- Guid:843C4ECB4A653E39E185D091CA11C4DB BaseClass: NativeClass:/Script/Engine.WorldDataLayers Name:WorldDataLayers Label:WorldDataLayers SpatiallyLoaded:0 Bounds:Invalid RuntimeGrid:None EditorOnly:0 RuntimeOnly:0 HLODRelevant:0 ListedInSceneOutliner:1 IsMainWorldOnly:1
 |   |   |- [+] [ 23]
 |   |   |   |- Guid:8CF6939940DF7E85354FE1BF2C4F92D9 BaseClass: NativeClass:/Script/Landscape.LandscapeSplineActor Name:LandscapeSplineActor_UAID_A036BCE6AA5D84E901_1693417449 Label:LandscapeSplineActor2 SpatiallyLoaded:1 Bounds:IsValid=true, Min=(X=-6745.186 Y=-11173.843 Z=-25.944), Max=(X=2146.236 Y=6237.595 Z=989.610) RuntimeGrid:None EditorOnly:0 RuntimeOnly:0 HLODRelevant:1 ListedInSceneOutliner:1 IsMainWorldOnly:0
 |   |   |- [+] [ 24]
 |   |   |   |- Guid:98F3103345833548EBCA1990CC08933F BaseClass: NativeClass:/Script/Engine.StaticMeshActor Name:StaticMeshActor_UAID_A036BCE6AA5D7CE901_1923358032 Label:Firefighter_Car SpatiallyLoaded:1 Bounds:IsValid=true, Min=(X=-324.322 Y=-360.299 Z=127.500), Max=(X=-74.322 Y=493.701 Z=452.500) RuntimeGrid:None EditorOnly:0 RuntimeOnly:0 HLODRelevant:1 ListedInSceneOutliner:1 IsMainWorldOnly:0 FolderPath:Pseudo_models FolderGuid:1B0C16D5447FEEF9407BC5B99AD5EB28
 |   |   |- [+] [ 25]
 |   |   |   |- Guid:A82AC57A42F52C372D9A7CAD83A174B3 BaseClass: NativeClass:/Script/Landscape.LandscapeStreamingProxy Name:LandscapeStreamingProxy_0462LVULNFQXKZQ4SG72ZVEVR_126_2_3_0 Label:LandscapeStreamingProxy_2_3_0 SpatiallyLoaded:1 Bounds:IsValid=true, Min=(X=0.000 Y=12600.000 Z=0.000), Max=(X=12600.000 Y=25200.000 Z=200.000) RuntimeGrid:None EditorOnly:0 RuntimeOnly:0 HLODRelevant:1 ListedInSceneOutliner:1 IsMainWorldOnly:0
 |   |   |- [+] [ 26]
 |   |   |   |- Guid:AC9CBAC541CA4F06A3A394AF37A725EC BaseClass: NativeClass:/Script/Engine.StaticMeshActor Name:StaticMeshActor_UAID_A4AE111137DC5EFB00_2001720423 Label:SM_SkySphere SpatiallyLoaded:0 Bounds:IsValid=true, Min=(X=-1647353.039 Y=-1645096.562 Z=-1635845.767), Max=(X=1629446.961 Y=1631703.438 Z=1640954.233) RuntimeGrid:None EditorOnly:0 RuntimeOnly:0 HLODRelevant:1 ListedInSceneOutliner:1 IsMainWorldOnly:0 FolderPath:Lighting FolderGuid:0BA5F0A04EADB18E70D5B180D08FA34B
 |   |   |- [+] [ 27]
 |   |   |   |- Guid:B4EB2145462B2E8E18BC158699E54F9D BaseClass: NativeClass:/Script/Landscape.LandscapeStreamingProxy Name:LandscapeStreamingProxy_0462LVULNFQXKZQ4SG72ZVEVR_126_3_3_0 Label:LandscapeStreamingProxy_3_3_0 SpatiallyLoaded:1 Bounds:IsValid=true, Min=(X=12600.000 Y=12600.000 Z=0.000), Max=(X=25200.000 Y=25200.000 Z=200.000) RuntimeGrid:None EditorOnly:0 RuntimeOnly:0 HLODRelevant:1 ListedInSceneOutliner:1 IsMainWorldOnly:0
 |   |   |- [+] [ 28]
 |   |   |   |- Guid:B50D6D0E4F24E8150FB29C81777C5436 BaseClass: NativeClass:/Script/Landscape.LandscapeStreamingProxy Name:LandscapeStreamingProxy_0462LVULNFQXKZQ4SG72ZVEVR_126_2_1_0 Label:LandscapeStreamingProxy_2_1_0 SpatiallyLoaded:1 Bounds:IsValid=true, Min=(X=0.000 Y=-12600.000 Z=0.000), Max=(X=12600.000 Y=0.000 Z=200.000) RuntimeGrid:None EditorOnly:0 RuntimeOnly:0 HLODRelevant:1 ListedInSceneOutliner:1 IsMainWorldOnly:0
 |   |   |- [+] [ 29]
 |   |   |   |- Guid:CA8775E94B7870464C929A8CB7C19340 BaseClass: NativeClass:/Script/Engine.SkyLight Name:SkyLight_0 Label:SkyLight SpatiallyLoaded:0 Bounds:IsValid=true, Min=(X=-5137.686 Y=1156.742 Z=5617.053), Max=(X=-5137.686 Y=1156.742 Z=5617.053) RuntimeGrid:None EditorOnly:0 RuntimeOnly:0 HLODRelevant:0 ListedInSceneOutliner:1 IsMainWorldOnly:0 FolderPath:Lighting FolderGuid:0BA5F0A04EADB18E70D5B180D08FA34B
 |   |   |- [+] [ 30]
 |   |   |   |- Guid:CBA598D840563B80DECE31AEB7CEC391 BaseClass: NativeClass:/Script/Engine.VolumetricCloud Name:VolumetricCloud_0 Label:VolumetricCloud SpatiallyLoaded:0 Bounds:IsValid=true, Min=(X=-5137.686 Y=1156.742 Z=5747.053), Max=(X=-5137.686 Y=1156.742 Z=5747.053) RuntimeGrid:None EditorOnly:0 RuntimeOnly:0 HLODRelevant:0 ListedInSceneOutliner:1 IsMainWorldOnly:0 FolderPath:Lighting FolderGuid:0BA5F0A04EADB18E70D5B180D08FA34B
 |   |   |- [+] [ 31]
 |   |   |   |- Guid:CFEEC3C44F6D6ACFEE9986BD50F4CFAD BaseClass: NativeClass:/Script/Landscape.LandscapeStreamingProxy Name:LandscapeStreamingProxy_0462LVULNFQXKZQ4SG72ZVEVR_126_3_0_0 Label:LandscapeStreamingProxy_3_0_0 SpatiallyLoaded:1 Bounds:IsValid=true, Min=(X=12600.000 Y=-25200.000 Z=0.000), Max=(X=25200.000 Y=-12600.000 Z=200.000) RuntimeGrid:None EditorOnly:0 RuntimeOnly:0 HLODRelevant:1 ListedInSceneOutliner:1 IsMainWorldOnly:0
 |   |   |- [+] [ 32]
 |   |   |   |- Guid:F54A60BC496E851422D87FAB964FBACF BaseClass: NativeClass:/Script/Landscape.LandscapeStreamingProxy Name:LandscapeStreamingProxy_0462LVULNFQXKZQ4SG72ZVEVR_126_3_1_0 Label:LandscapeStreamingProxy_3_1_0 SpatiallyLoaded:1 Bounds:IsValid=true, Min=(X=12600.000 Y=-12600.000 Z=0.000), Max=(X=25200.000 Y=0.000 Z=200.000) RuntimeGrid:None EditorOnly:0 RuntimeOnly:0 HLODRelevant:1 ListedInSceneOutliner:1 IsMainWorldOnly:0
 |- ContainerInstances:
 |- [+] MainContainer:
 |   |-        ID: 00000000000000000000000000000000
 |   |-  ParentID: 00000000000000000000000000000000
 |   |-    Bounds: IsValid=false, Min=(X=0.000 Y=0.000 Z=0.000), Max=(X=0.000 Y=0.000 Z=0.000)
 |   |- Transform: 0.000000,0.000000,0.000000|0.000000,0.000000,-0.000000|1.000000,1.000000,1.000000
 |   |- Container: /Game/maps/levels/box
----------------------------------------------------------------------------------------------------------------
box - Persistent Level
----------------------------------------------------------------------------------------------------------------
[+] Content of box Persistent Level
 |- Always loaded Actor Count: 41 
 |- Actor Path: /Game/maps/levels/box.box:PersistentLevel.AbstractNavData-Default
 |- Actor Package: /Game/maps/levels/box
 |- Actor Path: /Game/maps/levels/box.box:PersistentLevel.box_C_1
 |- Actor Package: /Game/maps/levels/box
 |- Actor Path: /Game/maps/levels/box.box:PersistentLevel.Brush_0
 |- Actor Package: /Game/maps/levels/box
 |- Actor Path: /Game/maps/levels/box.box:PersistentLevel.DefaultPhysicsVolume_0
 |- Actor Package: /Game/maps/levels/box
 |- Actor Path: /Game/maps/levels/box.box:PersistentLevel.DirectionalLight_1
 |- Actor Package: /Game/__ExternalActors__/maps/levels/box/0/RD/O0BI3VXDRKE4ZW2J0G7F0D
 |- Actor Path: /Game/maps/levels/box.box:PersistentLevel.ExponentialHeightFog_0
 |- Actor Package: /Game/__ExternalActors__/maps/levels/box/A/ZR/HV2QBY8N4SWF8B3EDFTHTM
 |- Actor Path: /Game/maps/levels/box.box:PersistentLevel.GameplayDebuggerPlayerManager_0
 |- Actor Package: /Game/maps/levels/box
 |- Actor Path: /Game/maps/levels/box.box:PersistentLevel.Landscape_UAID_A036BCE6AA5D7CE901_1862639031
 |- Actor Package: /Game/__ExternalActors__/maps/levels/box/5/RI/OXVFP2PIWDN6D2MZITL3EA
 |- Actor Path: /Game/maps/levels/box.box:PersistentLevel.LandscapeGizmoActiveActor_0
 |- Actor Package: /Game/maps/levels/box
 |- Actor Path: /Game/maps/levels/box.box:PersistentLevel.LandscapeSplineActor_UAID_A036BCE6AA5D84E901_1693417449
 |- Actor Package: /Game/__ExternalActors__/maps/levels/box/D/T1/UMR9DHLSZ2GF4C7PW3ZJNT
 |- Actor Path: /Game/maps/levels/box.box:PersistentLevel.LandscapeSplineActor_UAID_A036BCE6AA5D88E901_1294654146
 |- Actor Package: /Game/__ExternalActors__/maps/levels/box/9/83/48Q0S19G1M9LVG407VX9G9
 |- Actor Path: /Game/maps/levels/box.box:PersistentLevel.LandscapeStreamingProxy_0462LVULNFQXKZQ4SG72ZVEVR_126_0_0_0
 |- Actor Package: /Game/__ExternalActors__/maps/levels/box/A/XT/EHWH26KDA6S8K0O13LSCQ9
 |- Actor Path: /Game/maps/levels/box.box:PersistentLevel.LandscapeStreamingProxy_0462LVULNFQXKZQ4SG72ZVEVR_126_0_1_0
 |- Actor Package: /Game/__ExternalActors__/maps/levels/box/E/KM/5B9JK2KVJASKDXZ46ZYYR3
 |- Actor Path: /Game/maps/levels/box.box:PersistentLevel.LandscapeStreamingProxy_0462LVULNFQXKZQ4SG72ZVEVR_126_0_2_0
 |- Actor Package: /Game/__ExternalActors__/maps/levels/box/C/FP/DXRTQO9KTGG3BDFVJNR8QF
 |- Actor Path: /Game/maps/levels/box.box:PersistentLevel.LandscapeStreamingProxy_0462LVULNFQXKZQ4SG72ZVEVR_126_0_3_0
 |- Actor Package: /Game/__ExternalActors__/maps/levels/box/7/6J/T6KYC5VLHOC3VU90E1OI98
 |- Actor Path: /Game/maps/levels/box.box:PersistentLevel.LandscapeStreamingProxy_0462LVULNFQXKZQ4SG72ZVEVR_126_1_0_0
 |- Actor Package: /Game/__ExternalActors__/maps/levels/box/7/79/OCJ8LW2JTOOOS84LQEMABF
 |- Actor Path: /Game/maps/levels/box.box:PersistentLevel.LandscapeStreamingProxy_0462LVULNFQXKZQ4SG72ZVEVR_126_1_1_0
 |- Actor Package: /Game/__ExternalActors__/maps/levels/box/0/5A/8YROAVVIXGOQTERMOWDQMI
 |- Actor Path: /Game/maps/levels/box.box:PersistentLevel.LandscapeStreamingProxy_0462LVULNFQXKZQ4SG72ZVEVR_126_1_2_0
 |- Actor Package: /Game/__ExternalActors__/maps/levels/box/3/B3/HL0OLLIMOABPUED8STVM1Z
 |- Actor Path: /Game/maps/levels/box.box:PersistentLevel.LandscapeStreamingProxy_0462LVULNFQXKZQ4SG72ZVEVR_126_1_3_0
 |- Actor Package: /Game/__ExternalActors__/maps/levels/box/9/UU/7LHF83B1L779LDWEXY2ALF
 |- Actor Path: /Game/maps/levels/box.box:PersistentLevel.LandscapeStreamingProxy_0462LVULNFQXKZQ4SG72ZVEVR_126_2_0_0
 |- Actor Package: /Game/__ExternalActors__/maps/levels/box/E/J4/5GOXUIJJ7LIORI4OH4GAKO
 |- Actor Path: /Game/maps/levels/box.box:PersistentLevel.LandscapeStreamingProxy_0462LVULNFQXKZQ4SG72ZVEVR_126_2_1_0
 |- Actor Package: /Game/__ExternalActors__/maps/levels/box/8/FV/42YCWDOHB5OTANE5PET4R6
 |- Actor Path: /Game/maps/levels/box.box:PersistentLevel.LandscapeStreamingProxy_0462LVULNFQXKZQ4SG72ZVEVR_126_2_2_0
 |- Actor Package: /Game/__ExternalActors__/maps/levels/box/C/W5/1FF82RCY0B1IKYULV61P18
 |- Actor Path: /Game/maps/levels/box.box:PersistentLevel.LandscapeStreamingProxy_0462LVULNFQXKZQ4SG72ZVEVR_126_2_3_0
 |- Actor Package: /Game/__ExternalActors__/maps/levels/box/B/YB/XK8PHTC15RE0RITU8524LL
 |- Actor Path: /Game/maps/levels/box.box:PersistentLevel.LandscapeStreamingProxy_0462LVULNFQXKZQ4SG72ZVEVR_126_3_0_0
 |- Actor Package: /Game/__ExternalActors__/maps/levels/box/4/ES/EVS4W6T7KLIM41U7TFQBVD
 |- Actor Path: /Game/maps/levels/box.box:PersistentLevel.LandscapeStreamingProxy_0462LVULNFQXKZQ4SG72ZVEVR_126_3_1_0
 |- Actor Package: /Game/__ExternalActors__/maps/levels/box/8/EY/YFLKIMKJRR2WK7QX47S9ZQ
 |- Actor Path: /Game/maps/levels/box.box:PersistentLevel.LandscapeStreamingProxy_0462LVULNFQXKZQ4SG72ZVEVR_126_3_2_0
 |- Actor Package: /Game/__ExternalActors__/maps/levels/box/B/C7/OVTW3RI4787SAXLSZ38SD5
 |- Actor Path: /Game/maps/levels/box.box:PersistentLevel.LandscapeStreamingProxy_0462LVULNFQXKZQ4SG72ZVEVR_126_3_3_0
 |- Actor Package: /Game/__ExternalActors__/maps/levels/box/C/FT/4SXF5UN7T19QCYFCW7UG5K
 |- Actor Path: /Game/maps/levels/box.box:PersistentLevel.PlayerStart_0
 |- Actor Package: /Game/__ExternalActors__/maps/levels/box/4/1S/JVUPK6OZUNA7ZPP1MA1EDS
 |- Actor Path: /Game/maps/levels/box.box:PersistentLevel.PostProcessVolume_0
 |- Actor Package: /Game/__ExternalActors__/maps/levels/box/9/6E/O4V41KGEASW1I1V1EN5X6P
 |- Actor Path: /Game/maps/levels/box.box:PersistentLevel.SkyAtmosphere_0
 |- Actor Package: /Game/__ExternalActors__/maps/levels/box/2/0S/9OIRYFTTTBONJBEE3DYQ8E
 |- Actor Path: /Game/maps/levels/box.box:PersistentLevel.SkyLight_0
 |- Actor Package: /Game/__ExternalActors__/maps/levels/box/A/IX/4SGH0CW3KU4KG2NTENCXA8
 |- Actor Path: /Game/maps/levels/box.box:PersistentLevel.StaticMeshActor_UAID_A036BCE6AA5D7CE901_1923358032
 |- Actor Package: /Game/__ExternalActors__/maps/levels/box/0/PW/NT2YE4SLWI258AQJ3KPEY1
 |- Actor Path: /Game/maps/levels/box.box:PersistentLevel.StaticMeshActor_UAID_A036BCE6AA5D7CE901_2004243033
 |- Actor Package: /Game/__ExternalActors__/maps/levels/box/A/DW/84CFYO5MPL8MJC103BTIRS
 |- Actor Path: /Game/maps/levels/box.box:PersistentLevel.StaticMeshActor_UAID_A036BCE6AA5D7CE901_2009723034
 |- Actor Package: /Game/__ExternalActors__/maps/levels/box/E/G0/LP5YGI1DKI3B0NRN4JKZU2
 |- Actor Path: /Game/maps/levels/box.box:PersistentLevel.StaticMeshActor_UAID_A036BCE6AA5D7CE901_2015440035
 |- Actor Package: /Game/__ExternalActors__/maps/levels/box/C/K2/SCXBA6QR1LB47220D156HP
 |- Actor Path: /Game/maps/levels/box.box:PersistentLevel.StaticMeshActor_UAID_A036BCE6AA5D7CE901_2019385036
 |- Actor Package: /Game/__ExternalActors__/maps/levels/box/C/KR/LXUODJC0AY2UT4CCPDK1ZX
 |- Actor Path: /Game/maps/levels/box.box:PersistentLevel.StaticMeshActor_UAID_A4AE111137DC5EFB00_2001720423
 |- Actor Package: /Game/__ExternalActors__/maps/levels/box/2/BN/DDD5BRQPB75CK9YSFS4O73
 |- Actor Path: /Game/maps/levels/box.box:PersistentLevel.VolumetricCloud_0
 |- Actor Package: /Game/__ExternalActors__/maps/levels/box/C/NR/X5J0BZVT824IRFO74R4EM7
 |- Actor Path: /Game/maps/levels/box.box:PersistentLevel.WorldDataLayers
 |- Actor Package: /Game/__ExternalActors__/maps/levels/box/1/75/1O503BOHCQYQOWHMV0XK03
 |- Actor Path: /Game/maps/levels/box.box:PersistentLevel.WorldInfo_0
 |- Actor Package: /Game/maps/levels/box
 |- Actor Path: /Game/maps/levels/box.box:PersistentLevel.WorldPartitionMiniMap_0
 |- Actor Package: /Game/__ExternalActors__/maps/levels/box/8/JY/X7CD6PG212GQK63FE4WZH5

----------------------------------------------------------------------------------------------------------------
box - Runtime Spatial Hash - Streaming Grid - MainGrid
----------------------------------------------------------------------------------------------------------------
            Origin: X=0.000 Y=0.000 Z=0.000
         Cell Size: 12800
      World Bounds: IsValid=false, Min=(X=0.000 Y=0.000 Z=0.000), Max=(X=0.000 Y=0.000 Z=0.000)
     Loading Range: 25600.00
Block Slow Loading: No
 ClientOnlyVisible: No
            Origin: X=0.000 Y=0.000 Z=0.000

[+] Grid Levels: 1
 |- Level  0: Cell Count    0 | Cell Size   12800 | Actor Count    0 (0.0%)

[+] Content of Grid Level 0

